{"C:\\mi-inventario-app\\src\\core\\constants\\mensajes.ts": {"path":"C:\\mi-inventario-app\\src\\core\\constants\\mensajes.ts","statementMap":{"0":{"start":{"line":3,"column":24},"end":{"line":51,"column":1}},"1":{"start":{"line":6,"column":40},"end":{"line":6,"column":87}},"2":{"start":{"line":12,"column":46},"end":{"line":12,"column":84}},"3":{"start":{"line":23,"column":8},"end":{"line":23,"column":86}},"4":{"start":{"line":25,"column":42},"end":{"line":25,"column":107}},"5":{"start":{"line":26,"column":43},"end":{"line":26,"column":82}},"6":{"start":{"line":47,"column":44},"end":{"line":47,"column":83}}},"fnMap":{"0":{"name":"(anonymous_0)","decl":{"start":{"line":6,"column":24},"end":{"line":6,"column":25}},"loc":{"start":{"line":6,"column":40},"end":{"line":6,"column":87}},"line":6},"1":{"name":"(anonymous_1)","decl":{"start":{"line":12,"column":29},"end":{"line":12,"column":30}},"loc":{"start":{"line":12,"column":46},"end":{"line":12,"column":84}},"line":12},"2":{"name":"(anonymous_2)","decl":{"start":{"line":22,"column":27},"end":{"line":22,"column":28}},"loc":{"start":{"line":23,"column":8},"end":{"line":23,"column":86}},"line":23},"3":{"name":"(anonymous_3)","decl":{"start":{"line":25,"column":20},"end":{"line":25,"column":21}},"loc":{"start":{"line":25,"column":42},"end":{"line":25,"column":107}},"line":25},"4":{"name":"(anonymous_4)","decl":{"start":{"line":26,"column":25},"end":{"line":26,"column":26}},"loc":{"start":{"line":26,"column":43},"end":{"line":26,"column":82}},"line":26},"5":{"name":"(anonymous_5)","decl":{"start":{"line":47,"column":26},"end":{"line":47,"column":27}},"loc":{"start":{"line":47,"column":44},"end":{"line":47,"column":83}},"line":47}},"branchMap":{"0":{"loc":{"start":{"line":23,"column":8},"end":{"line":23,"column":86}},"type":"cond-expr","locations":[{"start":{"line":23,"column":20},"end":{"line":23,"column":51}},{"start":{"line":23,"column":54},"end":{"line":23,"column":86}}],"line":23},"1":{"loc":{"start":{"line":25,"column":42},"end":{"line":25,"column":107}},"type":"cond-expr","locations":[{"start":{"line":25,"column":53},"end":{"line":25,"column":88}},{"start":{"line":25,"column":91},"end":{"line":25,"column":107}}],"line":25}},"s":{"0":8,"1":0,"2":1,"3":0,"4":1,"5":0,"6":0},"f":{"0":0,"1":1,"2":0,"3":1,"4":0,"5":0},"b":{"0":[0,0],"1":[1,0]},"_coverageSchema":"1a1c01bbd47fc00a2c39e90264f33305004495a9","hash":"317c8726a6947a971bb3e007391f599f0460f483"}
,"C:\\mi-inventario-app\\src\\core\\database\\schema.ts": {"path":"C:\\mi-inventario-app\\src\\core\\database\\schema.ts","statementMap":{"0":{"start":{"line":3,"column":22},"end":{"line":116,"column":2}}},"fnMap":{},"branchMap":{},"s":{"0":28},"f":{},"b":{},"_coverageSchema":"1a1c01bbd47fc00a2c39e90264f33305004495a9","hash":"ad17679922d3d3255befb335cf30d3e079b10de5"}
,"C:\\mi-inventario-app\\src\\core\\database\\supabase.ts": {"path":"C:\\mi-inventario-app\\src\\core\\database\\supabase.ts","statementMap":{"0":{"start":{"line":4,"column":14},"end":{"line":4,"column":50}},"1":{"start":{"line":5,"column":18},"end":{"line":5,"column":59}},"2":{"start":{"line":7,"column":2},"end":{"line":9,"column":3}},"3":{"start":{"line":8,"column":4},"end":{"line":8,"column":56}},"4":{"start":{"line":10,"column":2},"end":{"line":12,"column":3}},"5":{"start":{"line":11,"column":4},"end":{"line":11,"column":61}},"6":{"start":{"line":14,"column":2},"end":{"line":14,"column":26}},"7":{"start":{"line":17,"column":15},"end":{"line":17,"column":39}},"8":{"start":{"line":18,"column":24},"end":{"line":18,"column":64}}},"fnMap":{"0":{"name":"validateSupabaseConfig","decl":{"start":{"line":3,"column":9},"end":{"line":3,"column":31}},"loc":{"start":{"line":3,"column":34},"end":{"line":15,"column":1}},"line":3}},"branchMap":{"0":{"loc":{"start":{"line":7,"column":2},"end":{"line":9,"column":3}},"type":"if","locations":[{"start":{"line":7,"column":2},"end":{"line":9,"column":3}},{"start":{},"end":{}}],"line":7},"1":{"loc":{"start":{"line":10,"column":2},"end":{"line":12,"column":3}},"type":"if","locations":[{"start":{"line":10,"column":2},"end":{"line":12,"column":3}},{"start":{},"end":{}}],"line":10}},"s":{"0":21,"1":21,"2":21,"3":0,"4":21,"5":0,"6":21,"7":21,"8":21},"f":{"0":21},"b":{"0":[0,21],"1":[0,21]},"_coverageSchema":"1a1c01bbd47fc00a2c39e90264f33305004495a9","hash":"cc420fddb217c6d1268b936977562a195dc5ae1a"}
,"C:\\mi-inventario-app\\src\\core\\database\\models\\Envio.ts": {"path":"C:\\mi-inventario-app\\src\\core\\database\\models\\Envio.ts","statementMap":{"0":{"start":{"line":7,"column":17},"end":{"line":7,"column":25}}},"fnMap":{},"branchMap":{},"s":{"0":28},"f":{},"b":{},"_coverageSchema":"1a1c01bbd47fc00a2c39e90264f33305004495a9","hash":"03df96505c4e58e4ba94591214599b8f0a9b69c4"}
,"C:\\mi-inventario-app\\src\\core\\database\\models\\Log.ts": {"path":"C:\\mi-inventario-app\\src\\core\\database\\models\\Log.ts","statementMap":{"0":{"start":{"line":6,"column":17},"end":{"line":6,"column":23}}},"fnMap":{},"branchMap":{},"s":{"0":28},"f":{},"b":{},"_coverageSchema":"1a1c01bbd47fc00a2c39e90264f33305004495a9","hash":"609f373890a75475c3fc6e425cffd01becc5bc52"}
,"C:\\mi-inventario-app\\src\\core\\database\\models\\Movimiento.ts": {"path":"C:\\mi-inventario-app\\src\\core\\database\\models\\Movimiento.ts","statementMap":{"0":{"start":{"line":5,"column":17},"end":{"line":5,"column":30}}},"fnMap":{},"branchMap":{},"s":{"0":28},"f":{},"b":{},"_coverageSchema":"1a1c01bbd47fc00a2c39e90264f33305004495a9","hash":"003d5c0ce333178fe4fb78e233fdc216587a4a9f"}
,"C:\\mi-inventario-app\\src\\core\\database\\models\\OutboxJob.ts": {"path":"C:\\mi-inventario-app\\src\\core\\database\\models\\OutboxJob.ts","statementMap":{"0":{"start":{"line":5,"column":17},"end":{"line":5,"column":30}}},"fnMap":{},"branchMap":{},"s":{"0":28},"f":{},"b":{},"_coverageSchema":"1a1c01bbd47fc00a2c39e90264f33305004495a9","hash":"833b81e589fa81a6ed81172cad482050a723f9aa"}
,"C:\\mi-inventario-app\\src\\core\\database\\models\\Producto.ts": {"path":"C:\\mi-inventario-app\\src\\core\\database\\models\\Producto.ts","statementMap":{"0":{"start":{"line":5,"column":17},"end":{"line":5,"column":28}}},"fnMap":{},"branchMap":{},"s":{"0":28},"f":{},"b":{},"_coverageSchema":"1a1c01bbd47fc00a2c39e90264f33305004495a9","hash":"bd67397d991b7794265bcee0e46980ed88973a94"}
,"C:\\mi-inventario-app\\src\\core\\database\\models\\SyncHistory.ts": {"path":"C:\\mi-inventario-app\\src\\core\\database\\models\\SyncHistory.ts","statementMap":{"0":{"start":{"line":6,"column":17},"end":{"line":6,"column":31}}},"fnMap":{},"branchMap":{},"s":{"0":28},"f":{},"b":{},"_coverageSchema":"1a1c01bbd47fc00a2c39e90264f33305004495a9","hash":"fc8b66b1ab6c3395f5b4da39551a850fa50021c1"}
,"C:\\mi-inventario-app\\src\\core\\database\\models\\Usuario.ts": {"path":"C:\\mi-inventario-app\\src\\core\\database\\models\\Usuario.ts","statementMap":{"0":{"start":{"line":5,"column":17},"end":{"line":5,"column":27}}},"fnMap":{},"branchMap":{},"s":{"0":28},"f":{},"b":{},"_coverageSchema":"1a1c01bbd47fc00a2c39e90264f33305004495a9","hash":"b6287ff4d21c62815e57b40c9c5d2fef94763700"}
,"C:\\mi-inventario-app\\src\\core\\navigation\\AppNavigator.tsx": {"path":"C:\\mi-inventario-app\\src\\core\\navigation\\AppNavigator.tsx","statementMap":{"0":{"start":{"line":16,"column":14},"end":{"line":16,"column":62}},"1":{"start":{"line":18,"column":28},"end":{"line":58,"column":1}},"2":{"start":{"line":19,"column":59},"end":{"line":19,"column":73}},"3":{"start":{"line":20,"column":23},"end":{"line":20,"column":33}},"4":{"start":{"line":22,"column":4},"end":{"line":24,"column":11}},"5":{"start":{"line":23,"column":8},"end":{"line":23,"column":25}},"6":{"start":{"line":26,"column":4},"end":{"line":32,"column":5}},"7":{"start":{"line":27,"column":8},"end":{"line":31,"column":10}},"8":{"start":{"line":34,"column":4},"end":{"line":57,"column":6}}},"fnMap":{"0":{"name":"(anonymous_0)","decl":{"start":{"line":18,"column":28},"end":{"line":18,"column":29}},"loc":{"start":{"line":18,"column":34},"end":{"line":58,"column":1}},"line":18},"1":{"name":"(anonymous_1)","decl":{"start":{"line":22,"column":14},"end":{"line":22,"column":15}},"loc":{"start":{"line":22,"column":20},"end":{"line":24,"column":5}},"line":22}},"branchMap":{"0":{"loc":{"start":{"line":26,"column":4},"end":{"line":32,"column":5}},"type":"if","locations":[{"start":{"line":26,"column":4},"end":{"line":32,"column":5}},{"start":{},"end":{}}],"line":26},"1":{"loc":{"start":{"line":39,"column":17},"end":{"line":54,"column":17}},"type":"cond-expr","locations":[{"start":{"line":40,"column":20},"end":{"line":40,"column":73}},{"start":{"line":42,"column":20},"end":{"line":53,"column":23}}],"line":39}},"s":{"0":0,"1":0,"2":0,"3":0,"4":0,"5":0,"6":0,"7":0,"8":0},"f":{"0":0,"1":0},"b":{"0":[0,0],"1":[0,0]}}
,"C:\\mi-inventario-app\\src\\core\\repository\\AuthRepository.ts": {"path":"C:\\mi-inventario-app\\src\\core\\repository\\AuthRepository.ts","statementMap":{"0":{"start":{"line":5,"column":30},"end":{"line":55,"column":1}},"1":{"start":{"line":7,"column":4},"end":{"line":23,"column":7}},"2":{"start":{"line":8,"column":30},"end":{"line":8,"column":63}},"3":{"start":{"line":9,"column":23},"end":{"line":9,"column":60}},"4":{"start":{"line":12,"column":6},"end":{"line":14,"column":7}},"5":{"start":{"line":13,"column":8},"end":{"line":13,"column":69}},"6":{"start":{"line":13,"column":44},"end":{"line":13,"column":66}},"7":{"start":{"line":16,"column":6},"end":{"line":22,"column":9}},"8":{"start":{"line":17,"column":8},"end":{"line":17,"column":31}},"9":{"start":{"line":18,"column":8},"end":{"line":18,"column":34}},"10":{"start":{"line":19,"column":8},"end":{"line":19,"column":32}},"11":{"start":{"line":20,"column":8},"end":{"line":20,"column":28}},"12":{"start":{"line":21,"column":8},"end":{"line":21,"column":34}},"13":{"start":{"line":27,"column":4},"end":{"line":45,"column":5}},"14":{"start":{"line":28,"column":30},"end":{"line":28,"column":63}},"15":{"start":{"line":29,"column":20},"end":{"line":29,"column":57}},"16":{"start":{"line":30,"column":6},"end":{"line":30,"column":42}},"17":{"start":{"line":30,"column":30},"end":{"line":30,"column":42}},"18":{"start":{"line":32,"column":16},"end":{"line":32,"column":24}},"19":{"start":{"line":33,"column":6},"end":{"line":41,"column":8}},"20":{"start":{"line":43,"column":6},"end":{"line":43,"column":67}},"21":{"start":{"line":44,"column":6},"end":{"line":44,"column":18}},"22":{"start":{"line":49,"column":4},"end":{"line":53,"column":7}},"23":{"start":{"line":50,"column":30},"end":{"line":50,"column":63}},"24":{"start":{"line":51,"column":23},"end":{"line":51,"column":60}},"25":{"start":{"line":52,"column":6},"end":{"line":52,"column":67}},"26":{"start":{"line":52,"column":42},"end":{"line":52,"column":64}}},"fnMap":{"0":{"name":"(anonymous_0)","decl":{"start":{"line":6,"column":2},"end":{"line":6,"column":3}},"loc":{"start":{"line":6,"column":62},"end":{"line":24,"column":3}},"line":6},"1":{"name":"(anonymous_1)","decl":{"start":{"line":7,"column":25},"end":{"line":7,"column":26}},"loc":{"start":{"line":7,"column":37},"end":{"line":23,"column":5}},"line":7},"2":{"name":"(anonymous_2)","decl":{"start":{"line":13,"column":39},"end":{"line":13,"column":40}},"loc":{"start":{"line":13,"column":44},"end":{"line":13,"column":66}},"line":13},"3":{"name":"(anonymous_3)","decl":{"start":{"line":16,"column":35},"end":{"line":16,"column":36}},"loc":{"start":{"line":16,"column":40},"end":{"line":22,"column":7}},"line":16},"4":{"name":"(anonymous_4)","decl":{"start":{"line":26,"column":2},"end":{"line":26,"column":3}},"loc":{"start":{"line":26,"column":55},"end":{"line":46,"column":3}},"line":26},"5":{"name":"(anonymous_5)","decl":{"start":{"line":48,"column":2},"end":{"line":48,"column":3}},"loc":{"start":{"line":48,"column":43},"end":{"line":54,"column":3}},"line":48},"6":{"name":"(anonymous_6)","decl":{"start":{"line":49,"column":25},"end":{"line":49,"column":26}},"loc":{"start":{"line":49,"column":37},"end":{"line":53,"column":5}},"line":49},"7":{"name":"(anonymous_7)","decl":{"start":{"line":52,"column":37},"end":{"line":52,"column":38}},"loc":{"start":{"line":52,"column":42},"end":{"line":52,"column":64}},"line":52}},"branchMap":{"0":{"loc":{"start":{"line":12,"column":6},"end":{"line":14,"column":7}},"type":"if","locations":[{"start":{"line":12,"column":6},"end":{"line":14,"column":7}},{"start":{},"end":{}}],"line":12},"1":{"loc":{"start":{"line":30,"column":6},"end":{"line":30,"column":42}},"type":"if","locations":[{"start":{"line":30,"column":6},"end":{"line":30,"column":42}},{"start":{},"end":{}}],"line":30}},"s":{"0":6,"1":0,"2":0,"3":0,"4":0,"5":0,"6":0,"7":0,"8":0,"9":0,"10":0,"11":0,"12":0,"13":0,"14":0,"15":0,"16":0,"17":0,"18":0,"19":0,"20":0,"21":0,"22":0,"23":0,"24":0,"25":0,"26":0},"f":{"0":0,"1":0,"2":0,"3":0,"4":0,"5":0,"6":0,"7":0},"b":{"0":[0,0],"1":[0,0]},"_coverageSchema":"1a1c01bbd47fc00a2c39e90264f33305004495a9","hash":"9a2b059a08dc399aec8d7c465c249c413a3fb63a"}
,"C:\\mi-inventario-app\\src\\core\\services\\AuthService.ts": {"path":"C:\\mi-inventario-app\\src\\core\\services\\AuthService.ts","statementMap":{"0":{"start":{"line":4,"column":27},"end":{"line":53,"column":1}},"1":{"start":{"line":6,"column":4},"end":{"line":41,"column":5}},"2":{"start":{"line":7,"column":51},"end":{"line":10,"column":8}},"3":{"start":{"line":12,"column":6},"end":{"line":12,"column":69}},"4":{"start":{"line":12,"column":21},"end":{"line":12,"column":69}},"5":{"start":{"line":13,"column":6},"end":{"line":13,"column":88}},"6":{"start":{"line":13,"column":26},"end":{"line":13,"column":88}},"7":{"start":{"line":16,"column":53},"end":{"line":20,"column":17}},"8":{"start":{"line":22,"column":6},"end":{"line":25,"column":7}},"9":{"start":{"line":23,"column":8},"end":{"line":23,"column":71}},"10":{"start":{"line":24,"column":8},"end":{"line":24,"column":81}},"11":{"start":{"line":27,"column":6},"end":{"line":37,"column":8}},"12":{"start":{"line":39,"column":6},"end":{"line":39,"column":48}},"13":{"start":{"line":40,"column":6},"end":{"line":40,"column":83}},"14":{"start":{"line":45,"column":22},"end":{"line":45,"column":51}},"15":{"start":{"line":46,"column":4},"end":{"line":46,"column":27}},"16":{"start":{"line":46,"column":15},"end":{"line":46,"column":27}},"17":{"start":{"line":50,"column":34},"end":{"line":50,"column":66}},"18":{"start":{"line":51,"column":4},"end":{"line":51,"column":19}}},"fnMap":{"0":{"name":"(anonymous_0)","decl":{"start":{"line":5,"column":2},"end":{"line":5,"column":3}},"loc":{"start":{"line":5,"column":98},"end":{"line":42,"column":3}},"line":5},"1":{"name":"(anonymous_1)","decl":{"start":{"line":44,"column":2},"end":{"line":44,"column":3}},"loc":{"start":{"line":44,"column":17},"end":{"line":47,"column":3}},"line":44},"2":{"name":"(anonymous_2)","decl":{"start":{"line":49,"column":2},"end":{"line":49,"column":3}},"loc":{"start":{"line":49,"column":21},"end":{"line":52,"column":3}},"line":49}},"branchMap":{"0":{"loc":{"start":{"line":12,"column":6},"end":{"line":12,"column":69}},"type":"if","locations":[{"start":{"line":12,"column":6},"end":{"line":12,"column":69}},{"start":{},"end":{}}],"line":12},"1":{"loc":{"start":{"line":13,"column":6},"end":{"line":13,"column":88}},"type":"if","locations":[{"start":{"line":13,"column":6},"end":{"line":13,"column":88}},{"start":{},"end":{}}],"line":13},"2":{"loc":{"start":{"line":22,"column":6},"end":{"line":25,"column":7}},"type":"if","locations":[{"start":{"line":22,"column":6},"end":{"line":25,"column":7}},{"start":{},"end":{}}],"line":22},"3":{"loc":{"start":{"line":46,"column":4},"end":{"line":46,"column":27}},"type":"if","locations":[{"start":{"line":46,"column":4},"end":{"line":46,"column":27}},{"start":{},"end":{}}],"line":46}},"s":{"0":7,"1":3,"2":3,"3":3,"4":1,"5":2,"6":0,"7":2,"8":2,"9":1,"10":1,"11":1,"12":0,"13":0,"14":0,"15":0,"16":0,"17":0,"18":0},"f":{"0":3,"1":0,"2":0},"b":{"0":[1,2],"1":[0,2],"2":[1,1],"3":[0,0]},"_coverageSchema":"1a1c01bbd47fc00a2c39e90264f33305004495a9","hash":"1dc6bc40ea9c94938fe63764eac97ec0d280641f"}
,"C:\\mi-inventario-app\\src\\core\\services\\ErrorService.ts": {"path":"C:\\mi-inventario-app\\src\\core\\services\\ErrorService.ts","statementMap":{"0":{"start":{"line":18,"column":16},"end":{"line":18,"column":73}},"1":{"start":{"line":20,"column":4},"end":{"line":25,"column":7}},"2":{"start":{"line":27,"column":24},"end":{"line":27,"column":48}},"3":{"start":{"line":29,"column":4},"end":{"line":35,"column":5}},"4":{"start":{"line":30,"column":6},"end":{"line":34,"column":9}},"5":{"start":{"line":37,"column":4},"end":{"line":41,"column":6}},"6":{"start":{"line":48,"column":16},"end":{"line":48,"column":43}},"7":{"start":{"line":49,"column":4},"end":{"line":51,"column":5}},"8":{"start":{"line":50,"column":6},"end":{"line":50,"column":56}},"9":{"start":{"line":52,"column":4},"end":{"line":54,"column":5}},"10":{"start":{"line":53,"column":6},"end":{"line":53,"column":63}},"11":{"start":{"line":55,"column":4},"end":{"line":57,"column":5}},"12":{"start":{"line":56,"column":6},"end":{"line":56,"column":53}},"13":{"start":{"line":58,"column":4},"end":{"line":60,"column":5}},"14":{"start":{"line":59,"column":6},"end":{"line":59,"column":51}},"15":{"start":{"line":61,"column":4},"end":{"line":61,"column":71}},"16":{"start":{"line":72,"column":4},"end":{"line":80,"column":5}},"17":{"start":{"line":72,"column":23},"end":{"line":72,"column":24}},"18":{"start":{"line":73,"column":6},"end":{"line":79,"column":7}},"19":{"start":{"line":74,"column":8},"end":{"line":74,"column":26}},"20":{"start":{"line":76,"column":8},"end":{"line":76,"column":53}},"21":{"start":{"line":76,"column":41},"end":{"line":76,"column":53}},"22":{"start":{"line":78,"column":8},"end":{"line":78,"column":78}},"23":{"start":{"line":78,"column":31},"end":{"line":78,"column":76}},"24":{"start":{"line":81,"column":4},"end":{"line":81,"column":44}},"25":{"start":{"line":88,"column":16},"end":{"line":88,"column":43}},"26":{"start":{"line":89,"column":4},"end":{"line":94,"column":6}}},"fnMap":{"0":{"name":"(anonymous_0)","decl":{"start":{"line":17,"column":2},"end":{"line":17,"column":3}},"loc":{"start":{"line":17,"column":60},"end":{"line":42,"column":3}},"line":17},"1":{"name":"(anonymous_1)","decl":{"start":{"line":47,"column":2},"end":{"line":47,"column":3}},"loc":{"start":{"line":47,"column":54},"end":{"line":62,"column":3}},"line":47},"2":{"name":"(anonymous_2)","decl":{"start":{"line":67,"column":2},"end":{"line":67,"column":3}},"loc":{"start":{"line":71,"column":16},"end":{"line":82,"column":3}},"line":71},"3":{"name":"(anonymous_3)","decl":{"start":{"line":78,"column":26},"end":{"line":78,"column":27}},"loc":{"start":{"line":78,"column":31},"end":{"line":78,"column":76}},"line":78},"4":{"name":"(anonymous_4)","decl":{"start":{"line":87,"column":2},"end":{"line":87,"column":3}},"loc":{"start":{"line":87,"column":43},"end":{"line":95,"column":3}},"line":87}},"branchMap":{"0":{"loc":{"start":{"line":17,"column":32},"end":{"line":17,"column":58}},"type":"default-arg","locations":[{"start":{"line":17,"column":56},"end":{"line":17,"column":58}}],"line":17},"1":{"loc":{"start":{"line":18,"column":16},"end":{"line":18,"column":73}},"type":"cond-expr","locations":[{"start":{"line":18,"column":41},"end":{"line":18,"column":46}},{"start":{"line":18,"column":49},"end":{"line":18,"column":73}}],"line":18},"2":{"loc":{"start":{"line":29,"column":4},"end":{"line":35,"column":5}},"type":"if","locations":[{"start":{"line":29,"column":4},"end":{"line":35,"column":5}},{"start":{},"end":{}}],"line":29},"3":{"loc":{"start":{"line":49,"column":4},"end":{"line":51,"column":5}},"type":"if","locations":[{"start":{"line":49,"column":4},"end":{"line":51,"column":5}},{"start":{},"end":{}}],"line":49},"4":{"loc":{"start":{"line":49,"column":8},"end":{"line":49,"column":56}},"type":"binary-expr","locations":[{"start":{"line":49,"column":8},"end":{"line":49,"column":31}},{"start":{"line":49,"column":35},"end":{"line":49,"column":56}}],"line":49},"5":{"loc":{"start":{"line":52,"column":4},"end":{"line":54,"column":5}},"type":"if","locations":[{"start":{"line":52,"column":4},"end":{"line":54,"column":5}},{"start":{},"end":{}}],"line":52},"6":{"loc":{"start":{"line":55,"column":4},"end":{"line":57,"column":5}},"type":"if","locations":[{"start":{"line":55,"column":4},"end":{"line":57,"column":5}},{"start":{},"end":{}}],"line":55},"7":{"loc":{"start":{"line":55,"column":8},"end":{"line":55,"column":56}},"type":"binary-expr","locations":[{"start":{"line":55,"column":8},"end":{"line":55,"column":33}},{"start":{"line":55,"column":37},"end":{"line":55,"column":56}}],"line":55},"8":{"loc":{"start":{"line":58,"column":4},"end":{"line":60,"column":5}},"type":"if","locations":[{"start":{"line":58,"column":4},"end":{"line":60,"column":5}},{"start":{},"end":{}}],"line":58},"9":{"loc":{"start":{"line":58,"column":8},"end":{"line":58,"column":89}},"type":"binary-expr","locations":[{"start":{"line":58,"column":8},"end":{"line":58,"column":34}},{"start":{"line":58,"column":38},"end":{"line":58,"column":66}},{"start":{"line":58,"column":70},"end":{"line":58,"column":89}}],"line":58},"10":{"loc":{"start":{"line":69,"column":4},"end":{"line":69,"column":19}},"type":"default-arg","locations":[{"start":{"line":69,"column":18},"end":{"line":69,"column":19}}],"line":69},"11":{"loc":{"start":{"line":70,"column":4},"end":{"line":70,"column":18}},"type":"default-arg","locations":[{"start":{"line":70,"column":14},"end":{"line":70,"column":18}}],"line":70},"12":{"loc":{"start":{"line":76,"column":8},"end":{"line":76,"column":53}},"type":"if","locations":[{"start":{"line":76,"column":8},"end":{"line":76,"column":53}},{"start":{},"end":{}}],"line":76},"13":{"loc":{"start":{"line":90,"column":6},"end":{"line":93,"column":35}},"type":"binary-expr","locations":[{"start":{"line":90,"column":6},"end":{"line":90,"column":29}},{"start":{"line":91,"column":6},"end":{"line":91,"column":34}},{"start":{"line":92,"column":6},"end":{"line":92,"column":32}},{"start":{"line":93,"column":6},"end":{"line":93,"column":35}}],"line":90}},"s":{"0":2,"1":2,"2":2,"3":2,"4":1,"5":2,"6":2,"7":2,"8":1,"9":1,"10":0,"11":1,"12":0,"13":1,"14":0,"15":1,"16":0,"17":0,"18":0,"19":0,"20":0,"21":0,"22":0,"23":0,"24":0,"25":2,"26":2},"f":{"0":2,"1":2,"2":0,"3":0,"4":2},"b":{"0":[1],"1":[2,0],"2":[1,1],"3":[1,1],"4":[2,1],"5":[0,1],"6":[0,1],"7":[1,1],"8":[0,1],"9":[1,1,1],"10":[0],"11":[0],"12":[0,0],"13":[2,1,1,1]},"_coverageSchema":"1a1c01bbd47fc00a2c39e90264f33305004495a9","hash":"a65507b1e2412a50eea6868f95065163f56a0320"}
,"C:\\mi-inventario-app\\src\\core\\services\\LoggerService.ts": {"path":"C:\\mi-inventario-app\\src\\core\\services\\LoggerService.ts","statementMap":{"0":{"start":{"line":20,"column":4},"end":{"line":22,"column":5}},"1":{"start":{"line":21,"column":6},"end":{"line":21,"column":37}},"2":{"start":{"line":23,"column":4},"end":{"line":23,"column":27}},"3":{"start":{"line":27,"column":4},"end":{"line":29,"column":5}},"4":{"start":{"line":28,"column":6},"end":{"line":28,"column":58}},"5":{"start":{"line":33,"column":4},"end":{"line":33,"column":55}},"6":{"start":{"line":37,"column":4},"end":{"line":37,"column":55}},"7":{"start":{"line":41,"column":4},"end":{"line":45,"column":7}},"8":{"start":{"line":53,"column":22},"end":{"line":53,"column":32}},"9":{"start":{"line":56,"column":4},"end":{"line":62,"column":5}},"10":{"start":{"line":57,"column":6},"end":{"line":57,"column":51}},"11":{"start":{"line":58,"column":11},"end":{"line":62,"column":5}},"12":{"start":{"line":59,"column":6},"end":{"line":59,"column":49}},"13":{"start":{"line":61,"column":6},"end":{"line":61,"column":66}},"14":{"start":{"line":65,"column":4},"end":{"line":77,"column":5}},"15":{"start":{"line":66,"column":6},"end":{"line":74,"column":9}},"16":{"start":{"line":67,"column":31},"end":{"line":67,"column":56}},"17":{"start":{"line":68,"column":8},"end":{"line":73,"column":11}},"18":{"start":{"line":69,"column":10},"end":{"line":69,"column":28}},"19":{"start":{"line":70,"column":10},"end":{"line":70,"column":32}},"20":{"start":{"line":71,"column":10},"end":{"line":71,"column":54}},"21":{"start":{"line":72,"column":10},"end":{"line":72,"column":36}}},"fnMap":{"0":{"name":"(anonymous_0)","decl":{"start":{"line":19,"column":2},"end":{"line":19,"column":3}},"loc":{"start":{"line":19,"column":31},"end":{"line":24,"column":3}},"line":19},"1":{"name":"(anonymous_1)","decl":{"start":{"line":26,"column":2},"end":{"line":26,"column":3}},"loc":{"start":{"line":26,"column":67},"end":{"line":30,"column":3}},"line":26},"2":{"name":"(anonymous_2)","decl":{"start":{"line":32,"column":2},"end":{"line":32,"column":3}},"loc":{"start":{"line":32,"column":66},"end":{"line":34,"column":3}},"line":32},"3":{"name":"(anonymous_3)","decl":{"start":{"line":36,"column":2},"end":{"line":36,"column":3}},"loc":{"start":{"line":36,"column":66},"end":{"line":38,"column":3}},"line":36},"4":{"name":"(anonymous_4)","decl":{"start":{"line":40,"column":2},"end":{"line":40,"column":3}},"loc":{"start":{"line":40,"column":82},"end":{"line":46,"column":3}},"line":40},"5":{"name":"(anonymous_5)","decl":{"start":{"line":48,"column":2},"end":{"line":48,"column":3}},"loc":{"start":{"line":52,"column":4},"end":{"line":78,"column":3}},"line":52},"6":{"name":"(anonymous_6)","decl":{"start":{"line":66,"column":27},"end":{"line":66,"column":28}},"loc":{"start":{"line":66,"column":39},"end":{"line":74,"column":7}},"line":66},"7":{"name":"(anonymous_7)","decl":{"start":{"line":68,"column":36},"end":{"line":68,"column":37}},"loc":{"start":{"line":68,"column":45},"end":{"line":73,"column":9}},"line":68}},"branchMap":{"0":{"loc":{"start":{"line":20,"column":4},"end":{"line":22,"column":5}},"type":"if","locations":[{"start":{"line":20,"column":4},"end":{"line":22,"column":5}},{"start":{},"end":{}}],"line":20},"1":{"loc":{"start":{"line":27,"column":4},"end":{"line":29,"column":5}},"type":"if","locations":[{"start":{"line":27,"column":4},"end":{"line":29,"column":5}},{"start":{},"end":{}}],"line":27},"2":{"loc":{"start":{"line":56,"column":4},"end":{"line":62,"column":5}},"type":"if","locations":[{"start":{"line":56,"column":4},"end":{"line":62,"column":5}},{"start":{"line":58,"column":11},"end":{"line":62,"column":5}}],"line":56},"3":{"loc":{"start":{"line":58,"column":11},"end":{"line":62,"column":5}},"type":"if","locations":[{"start":{"line":58,"column":11},"end":{"line":62,"column":5}},{"start":{"line":60,"column":11},"end":{"line":62,"column":5}}],"line":58},"4":{"loc":{"start":{"line":71,"column":39},"end":{"line":71,"column":52}},"type":"binary-expr","locations":[{"start":{"line":71,"column":39},"end":{"line":71,"column":46}},{"start":{"line":71,"column":50},"end":{"line":71,"column":52}}],"line":71}},"s":{"0":31,"1":8,"2":31,"3":0,"4":0,"5":28,"6":1,"7":2,"8":31,"9":31,"10":2,"11":29,"12":1,"13":28,"14":31,"15":31,"16":30,"17":30,"18":25,"19":25,"20":25,"21":25},"f":{"0":31,"1":0,"2":28,"3":1,"4":2,"5":31,"6":30,"7":25},"b":{"0":[8,23],"1":[0,0],"2":[2,29],"3":[1,28],"4":[25,18]},"_coverageSchema":"1a1c01bbd47fc00a2c39e90264f33305004495a9","hash":"986274053f002a76f01952ab597db2174b6fd75e"}
,"C:\\mi-inventario-app\\src\\core\\services\\queue\\PersistentQueue.ts": {"path":"C:\\mi-inventario-app\\src\\core\\services\\queue\\PersistentQueue.ts","statementMap":{"0":{"start":{"line":9,"column":4},"end":{"line":9,"column":50}},"1":{"start":{"line":13,"column":4},"end":{"line":20,"column":7}},"2":{"start":{"line":14,"column":6},"end":{"line":19,"column":9}},"3":{"start":{"line":15,"column":8},"end":{"line":15,"column":27}},"4":{"start":{"line":16,"column":8},"end":{"line":16,"column":46}},"5":{"start":{"line":17,"column":8},"end":{"line":17,"column":31}},"6":{"start":{"line":18,"column":8},"end":{"line":18,"column":25}},"7":{"start":{"line":24,"column":16},"end":{"line":24,"column":26}},"8":{"start":{"line":25,"column":24},"end":{"line":37,"column":14}},"9":{"start":{"line":39,"column":4},"end":{"line":39,"column":46}},"10":{"start":{"line":39,"column":34},"end":{"line":39,"column":46}},"11":{"start":{"line":41,"column":16},"end":{"line":41,"column":30}},"12":{"start":{"line":42,"column":4},"end":{"line":46,"column":7}},"13":{"start":{"line":43,"column":6},"end":{"line":45,"column":9}},"14":{"start":{"line":44,"column":8},"end":{"line":44,"column":32}},"15":{"start":{"line":48,"column":4},"end":{"line":48,"column":15}},"16":{"start":{"line":52,"column":16},"end":{"line":52,"column":49}},"17":{"start":{"line":53,"column":4},"end":{"line":60,"column":7}},"18":{"start":{"line":54,"column":6},"end":{"line":59,"column":9}},"19":{"start":{"line":55,"column":8},"end":{"line":55,"column":28}},"20":{"start":{"line":56,"column":8},"end":{"line":56,"column":24}},"21":{"start":{"line":57,"column":8},"end":{"line":57,"column":36}},"22":{"start":{"line":58,"column":8},"end":{"line":58,"column":28}},"23":{"start":{"line":64,"column":16},"end":{"line":64,"column":49}},"24":{"start":{"line":65,"column":4},"end":{"line":69,"column":7}},"25":{"start":{"line":66,"column":6},"end":{"line":68,"column":9}},"26":{"start":{"line":67,"column":8},"end":{"line":67,"column":26}},"27":{"start":{"line":73,"column":16},"end":{"line":73,"column":49}},"28":{"start":{"line":74,"column":4},"end":{"line":78,"column":7}},"29":{"start":{"line":75,"column":6},"end":{"line":77,"column":9}},"30":{"start":{"line":76,"column":8},"end":{"line":76,"column":31}},"31":{"start":{"line":82,"column":22},"end":{"line":82,"column":64}},"32":{"start":{"line":83,"column":20},"end":{"line":85,"column":14}},"33":{"start":{"line":87,"column":4},"end":{"line":91,"column":7}},"34":{"start":{"line":88,"column":6},"end":{"line":90,"column":7}},"35":{"start":{"line":89,"column":8},"end":{"line":89,"column":39}},"36":{"start":{"line":93,"column":4},"end":{"line":93,"column":26}},"37":{"start":{"line":97,"column":20},"end":{"line":97,"column":90}},"38":{"start":{"line":98,"column":23},"end":{"line":98,"column":96}},"39":{"start":{"line":99,"column":22},"end":{"line":99,"column":94}},"40":{"start":{"line":100,"column":19},"end":{"line":100,"column":88}},"41":{"start":{"line":102,"column":4},"end":{"line":102,"column":54}}},"fnMap":{"0":{"name":"(anonymous_0)","decl":{"start":{"line":8,"column":2},"end":{"line":8,"column":3}},"loc":{"start":{"line":8,"column":27},"end":{"line":10,"column":3}},"line":8},"1":{"name":"(anonymous_1)","decl":{"start":{"line":12,"column":2},"end":{"line":12,"column":3}},"loc":{"start":{"line":12,"column":77},"end":{"line":21,"column":3}},"line":12},"2":{"name":"(anonymous_2)","decl":{"start":{"line":13,"column":32},"end":{"line":13,"column":33}},"loc":{"start":{"line":13,"column":44},"end":{"line":20,"column":5}},"line":13},"3":{"name":"(anonymous_3)","decl":{"start":{"line":14,"column":42},"end":{"line":14,"column":43}},"loc":{"start":{"line":14,"column":51},"end":{"line":19,"column":7}},"line":14},"4":{"name":"(anonymous_4)","decl":{"start":{"line":23,"column":2},"end":{"line":23,"column":3}},"loc":{"start":{"line":23,"column":45},"end":{"line":49,"column":3}},"line":23},"5":{"name":"(anonymous_5)","decl":{"start":{"line":42,"column":25},"end":{"line":42,"column":26}},"loc":{"start":{"line":42,"column":37},"end":{"line":46,"column":5}},"line":42},"6":{"name":"(anonymous_6)","decl":{"start":{"line":43,"column":23},"end":{"line":43,"column":24}},"loc":{"start":{"line":43,"column":30},"end":{"line":45,"column":7}},"line":43},"7":{"name":"(anonymous_7)","decl":{"start":{"line":51,"column":2},"end":{"line":51,"column":3}},"loc":{"start":{"line":51,"column":86},"end":{"line":61,"column":3}},"line":51},"8":{"name":"(anonymous_8)","decl":{"start":{"line":53,"column":25},"end":{"line":53,"column":26}},"loc":{"start":{"line":53,"column":37},"end":{"line":60,"column":5}},"line":53},"9":{"name":"(anonymous_9)","decl":{"start":{"line":54,"column":23},"end":{"line":54,"column":24}},"loc":{"start":{"line":54,"column":30},"end":{"line":59,"column":7}},"line":54},"10":{"name":"(anonymous_10)","decl":{"start":{"line":63,"column":2},"end":{"line":63,"column":3}},"loc":{"start":{"line":63,"column":70},"end":{"line":70,"column":3}},"line":63},"11":{"name":"(anonymous_11)","decl":{"start":{"line":65,"column":25},"end":{"line":65,"column":26}},"loc":{"start":{"line":65,"column":37},"end":{"line":69,"column":5}},"line":65},"12":{"name":"(anonymous_12)","decl":{"start":{"line":66,"column":23},"end":{"line":66,"column":24}},"loc":{"start":{"line":66,"column":30},"end":{"line":68,"column":7}},"line":66},"13":{"name":"(anonymous_13)","decl":{"start":{"line":72,"column":2},"end":{"line":72,"column":3}},"loc":{"start":{"line":72,"column":51},"end":{"line":79,"column":3}},"line":72},"14":{"name":"(anonymous_14)","decl":{"start":{"line":74,"column":25},"end":{"line":74,"column":26}},"loc":{"start":{"line":74,"column":37},"end":{"line":78,"column":5}},"line":74},"15":{"name":"(anonymous_15)","decl":{"start":{"line":75,"column":23},"end":{"line":75,"column":24}},"loc":{"start":{"line":75,"column":30},"end":{"line":77,"column":7}},"line":75},"16":{"name":"(anonymous_16)","decl":{"start":{"line":81,"column":2},"end":{"line":81,"column":3}},"loc":{"start":{"line":81,"column":46},"end":{"line":94,"column":3}},"line":81},"17":{"name":"(anonymous_17)","decl":{"start":{"line":87,"column":25},"end":{"line":87,"column":26}},"loc":{"start":{"line":87,"column":37},"end":{"line":91,"column":5}},"line":87},"18":{"name":"(anonymous_18)","decl":{"start":{"line":96,"column":2},"end":{"line":96,"column":3}},"loc":{"start":{"line":96,"column":40},"end":{"line":103,"column":3}},"line":96}},"branchMap":{"0":{"loc":{"start":{"line":39,"column":4},"end":{"line":39,"column":46}},"type":"if","locations":[{"start":{"line":39,"column":4},"end":{"line":39,"column":46}},{"start":{},"end":{}}],"line":39},"1":{"loc":{"start":{"line":81,"column":16},"end":{"line":81,"column":27}},"type":"default-arg","locations":[{"start":{"line":81,"column":26},"end":{"line":81,"column":27}}],"line":81}},"s":{"0":4,"1":1,"2":1,"3":1,"4":1,"5":1,"6":1,"7":1,"8":1,"9":1,"10":0,"11":1,"12":1,"13":1,"14":1,"15":1,"16":1,"17":1,"18":1,"19":1,"20":1,"21":1,"22":1,"23":0,"24":0,"25":0,"26":0,"27":1,"28":1,"29":1,"30":1,"31":0,"32":0,"33":0,"34":0,"35":0,"36":0,"37":0,"38":0,"39":0,"40":0,"41":0},"f":{"0":4,"1":1,"2":1,"3":1,"4":1,"5":1,"6":1,"7":1,"8":1,"9":1,"10":0,"11":0,"12":0,"13":1,"14":1,"15":1,"16":0,"17":0,"18":0},"b":{"0":[0,1],"1":[0]},"_coverageSchema":"1a1c01bbd47fc00a2c39e90264f33305004495a9","hash":"a4797ae7d3b588f36f28bb3a3919eb4f9cb532b1"}
,"C:\\mi-inventario-app\\src\\core\\services\\queue\\QueueProcessor.ts": {"path":"C:\\mi-inventario-app\\src\\core\\services\\queue\\QueueProcessor.ts","statementMap":{"0":{"start":{"line":9,"column":18},"end":{"line":9,"column":39}},"1":{"start":{"line":10,"column":26},"end":{"line":10,"column":50}},"2":{"start":{"line":11,"column":22},"end":{"line":11,"column":27}},"3":{"start":{"line":12,"column":41},"end":{"line":12,"column":45}},"4":{"start":{"line":16,"column":4},"end":{"line":16,"column":56}},"5":{"start":{"line":20,"column":4},"end":{"line":20,"column":31}},"6":{"start":{"line":20,"column":24},"end":{"line":20,"column":31}},"7":{"start":{"line":21,"column":4},"end":{"line":21,"column":26}},"8":{"start":{"line":22,"column":4},"end":{"line":22,"column":15}},"9":{"start":{"line":23,"column":4},"end":{"line":23,"column":44}},"10":{"start":{"line":27,"column":4},"end":{"line":27,"column":27}},"11":{"start":{"line":28,"column":4},"end":{"line":31,"column":5}},"12":{"start":{"line":29,"column":6},"end":{"line":29,"column":31}},"13":{"start":{"line":30,"column":6},"end":{"line":30,"column":24}},"14":{"start":{"line":32,"column":4},"end":{"line":32,"column":44}},"15":{"start":{"line":36,"column":4},"end":{"line":36,"column":32}},"16":{"start":{"line":36,"column":25},"end":{"line":36,"column":32}},"17":{"start":{"line":38,"column":4},"end":{"line":42,"column":5}},"18":{"start":{"line":39,"column":6},"end":{"line":39,"column":31}},"19":{"start":{"line":41,"column":6},"end":{"line":41,"column":66}},"20":{"start":{"line":44,"column":4},"end":{"line":46,"column":5}},"21":{"start":{"line":45,"column":6},"end":{"line":45,"column":69}},"22":{"start":{"line":45,"column":36},"end":{"line":45,"column":46}},"23":{"start":{"line":50,"column":16},"end":{"line":50,"column":42}},"24":{"start":{"line":51,"column":4},"end":{"line":51,"column":21}},"25":{"start":{"line":51,"column":14},"end":{"line":51,"column":21}},"26":{"start":{"line":53,"column":4},"end":{"line":53,"column":78}},"27":{"start":{"line":55,"column":4},"end":{"line":76,"column":5}},"28":{"start":{"line":56,"column":22},"end":{"line":56,"column":45}},"29":{"start":{"line":57,"column":22},"end":{"line":57,"column":57}},"30":{"start":{"line":59,"column":6},"end":{"line":61,"column":7}},"31":{"start":{"line":60,"column":8},"end":{"line":60,"column":78}},"32":{"start":{"line":63,"column":22},"end":{"line":63,"column":44}},"33":{"start":{"line":65,"column":6},"end":{"line":71,"column":7}},"34":{"start":{"line":66,"column":8},"end":{"line":66,"column":46}},"35":{"start":{"line":67,"column":8},"end":{"line":67,"column":64}},"36":{"start":{"line":70,"column":8},"end":{"line":70,"column":75}},"37":{"start":{"line":73,"column":27},"end":{"line":73,"column":81}},"38":{"start":{"line":74,"column":6},"end":{"line":74,"column":76}},"39":{"start":{"line":75,"column":6},"end":{"line":75,"column":94}},"40":{"start":{"line":80,"column":4},"end":{"line":87,"column":5}},"41":{"start":{"line":81,"column":24},"end":{"line":81,"column":64}},"42":{"start":{"line":82,"column":6},"end":{"line":82,"column":79}},"43":{"start":{"line":83,"column":6},"end":{"line":83,"column":102}},"44":{"start":{"line":85,"column":6},"end":{"line":85,"column":54}},"45":{"start":{"line":86,"column":6},"end":{"line":86,"column":78}},"46":{"start":{"line":91,"column":4},"end":{"line":91,"column":33}},"47":{"start":{"line":96,"column":30},"end":{"line":96,"column":50}}},"fnMap":{"0":{"name":"(anonymous_0)","decl":{"start":{"line":15,"column":2},"end":{"line":15,"column":3}},"loc":{"start":{"line":15,"column":56},"end":{"line":17,"column":3}},"line":15},"1":{"name":"(anonymous_1)","decl":{"start":{"line":19,"column":2},"end":{"line":19,"column":3}},"loc":{"start":{"line":19,"column":16},"end":{"line":24,"column":3}},"line":19},"2":{"name":"(anonymous_2)","decl":{"start":{"line":26,"column":2},"end":{"line":26,"column":3}},"loc":{"start":{"line":26,"column":9},"end":{"line":33,"column":3}},"line":26},"3":{"name":"(anonymous_3)","decl":{"start":{"line":35,"column":2},"end":{"line":35,"column":3}},"loc":{"start":{"line":35,"column":22},"end":{"line":47,"column":3}},"line":35},"4":{"name":"(anonymous_4)","decl":{"start":{"line":45,"column":30},"end":{"line":45,"column":31}},"loc":{"start":{"line":45,"column":36},"end":{"line":45,"column":46}},"line":45},"5":{"name":"(anonymous_5)","decl":{"start":{"line":49,"column":2},"end":{"line":49,"column":3}},"loc":{"start":{"line":49,"column":30},"end":{"line":77,"column":3}},"line":49},"6":{"name":"(anonymous_6)","decl":{"start":{"line":79,"column":2},"end":{"line":79,"column":3}},"loc":{"start":{"line":79,"column":60},"end":{"line":88,"column":3}},"line":79},"7":{"name":"(anonymous_7)","decl":{"start":{"line":90,"column":2},"end":{"line":90,"column":3}},"loc":{"start":{"line":90,"column":19},"end":{"line":92,"column":3}},"line":90}},"branchMap":{"0":{"loc":{"start":{"line":15,"column":14},"end":{"line":15,"column":54}},"type":"default-arg","locations":[{"start":{"line":15,"column":52},"end":{"line":15,"column":54}}],"line":15},"1":{"loc":{"start":{"line":16,"column":26},"end":{"line":16,"column":55}},"type":"binary-expr","locations":[{"start":{"line":16,"column":26},"end":{"line":16,"column":47}},{"start":{"line":16,"column":51},"end":{"line":16,"column":55}}],"line":16},"2":{"loc":{"start":{"line":20,"column":4},"end":{"line":20,"column":31}},"type":"if","locations":[{"start":{"line":20,"column":4},"end":{"line":20,"column":31}},{"start":{},"end":{}}],"line":20},"3":{"loc":{"start":{"line":28,"column":4},"end":{"line":31,"column":5}},"type":"if","locations":[{"start":{"line":28,"column":4},"end":{"line":31,"column":5}},{"start":{},"end":{}}],"line":28},"4":{"loc":{"start":{"line":36,"column":4},"end":{"line":36,"column":32}},"type":"if","locations":[{"start":{"line":36,"column":4},"end":{"line":36,"column":32}},{"start":{},"end":{}}],"line":36},"5":{"loc":{"start":{"line":44,"column":4},"end":{"line":46,"column":5}},"type":"if","locations":[{"start":{"line":44,"column":4},"end":{"line":46,"column":5}},{"start":{},"end":{}}],"line":44},"6":{"loc":{"start":{"line":51,"column":4},"end":{"line":51,"column":21}},"type":"if","locations":[{"start":{"line":51,"column":4},"end":{"line":51,"column":21}},{"start":{},"end":{}}],"line":51},"7":{"loc":{"start":{"line":59,"column":6},"end":{"line":61,"column":7}},"type":"if","locations":[{"start":{"line":59,"column":6},"end":{"line":61,"column":7}},{"start":{},"end":{}}],"line":59},"8":{"loc":{"start":{"line":65,"column":6},"end":{"line":71,"column":7}},"type":"if","locations":[{"start":{"line":65,"column":6},"end":{"line":71,"column":7}},{"start":{"line":68,"column":13},"end":{"line":71,"column":7}}],"line":65},"9":{"loc":{"start":{"line":73,"column":27},"end":{"line":73,"column":81}},"type":"cond-expr","locations":[{"start":{"line":73,"column":52},"end":{"line":73,"column":65}},{"start":{"line":73,"column":68},"end":{"line":73,"column":81}}],"line":73},"10":{"loc":{"start":{"line":75,"column":36},"end":{"line":75,"column":92}},"type":"cond-expr","locations":[{"start":{"line":75,"column":61},"end":{"line":75,"column":66}},{"start":{"line":75,"column":69},"end":{"line":75,"column":92}}],"line":75},"11":{"loc":{"start":{"line":80,"column":4},"end":{"line":87,"column":5}},"type":"if","locations":[{"start":{"line":80,"column":4},"end":{"line":87,"column":5}},{"start":{"line":84,"column":11},"end":{"line":87,"column":5}}],"line":80}},"s":{"0":13,"1":13,"2":13,"3":13,"4":13,"5":1,"6":0,"7":1,"8":1,"9":1,"10":4,"11":4,"12":0,"13":0,"14":4,"15":1,"16":0,"17":1,"18":1,"19":0,"20":1,"21":0,"22":0,"23":3,"24":3,"25":1,"26":2,"27":2,"28":2,"29":2,"30":2,"31":0,"32":2,"33":1,"34":1,"35":1,"36":0,"37":1,"38":1,"39":1,"40":1,"41":1,"42":1,"43":1,"44":0,"45":0,"46":0,"47":10},"f":{"0":13,"1":1,"2":4,"3":1,"4":0,"5":3,"6":1,"7":0},"b":{"0":[10],"1":[13,10],"2":[0,1],"3":[0,4],"4":[0,1],"5":[0,1],"6":[1,2],"7":[0,2],"8":[1,0],"9":[1,0],"10":[1,0],"11":[1,0]},"_coverageSchema":"1a1c01bbd47fc00a2c39e90264f33305004495a9","hash":"8252a3402bfd9e140ab77edb26d8353d2afc01f5"}
,"C:\\mi-inventario-app\\src\\core\\services\\queue\\QueueRetryStrategy.ts": {"path":"C:\\mi-inventario-app\\src\\core\\services\\queue\\QueueRetryStrategy.ts","statementMap":{"0":{"start":{"line":5,"column":33},"end":{"line":5,"column":35}},"1":{"start":{"line":6,"column":33},"end":{"line":6,"column":37}},"2":{"start":{"line":9,"column":4},"end":{"line":9,"column":43}},"3":{"start":{"line":14,"column":20},"end":{"line":14,"column":60}},"4":{"start":{"line":17,"column":19},"end":{"line":17,"column":58}},"5":{"start":{"line":19,"column":4},"end":{"line":19,"column":28}},"6":{"start":{"line":23,"column":18},"end":{"line":23,"column":60}},"7":{"start":{"line":24,"column":4},"end":{"line":24,"column":40}},"8":{"start":{"line":28,"column":4},"end":{"line":39,"column":5}},"9":{"start":{"line":29,"column":6},"end":{"line":29,"column":24}},"10":{"start":{"line":31,"column":6},"end":{"line":33,"column":7}},"11":{"start":{"line":32,"column":8},"end":{"line":32,"column":20}},"12":{"start":{"line":35,"column":20},"end":{"line":35,"column":58}},"13":{"start":{"line":36,"column":6},"end":{"line":36,"column":63}},"14":{"start":{"line":36,"column":35},"end":{"line":36,"column":61}},"15":{"start":{"line":38,"column":6},"end":{"line":38,"column":53}}},"fnMap":{"0":{"name":"(anonymous_0)","decl":{"start":{"line":8,"column":2},"end":{"line":8,"column":3}},"loc":{"start":{"line":8,"column":39},"end":{"line":10,"column":3}},"line":8},"1":{"name":"(anonymous_1)","decl":{"start":{"line":12,"column":2},"end":{"line":12,"column":3}},"loc":{"start":{"line":12,"column":52},"end":{"line":20,"column":3}},"line":12},"2":{"name":"(anonymous_2)","decl":{"start":{"line":22,"column":2},"end":{"line":22,"column":3}},"loc":{"start":{"line":22,"column":41},"end":{"line":25,"column":3}},"line":22},"3":{"name":"(anonymous_3)","decl":{"start":{"line":27,"column":2},"end":{"line":27,"column":3}},"loc":{"start":{"line":27,"column":76},"end":{"line":40,"column":3}},"line":27},"4":{"name":"(anonymous_4)","decl":{"start":{"line":36,"column":24},"end":{"line":36,"column":25}},"loc":{"start":{"line":36,"column":35},"end":{"line":36,"column":61}},"line":36}},"branchMap":{"0":{"loc":{"start":{"line":27,"column":50},"end":{"line":27,"column":62}},"type":"default-arg","locations":[{"start":{"line":27,"column":61},"end":{"line":27,"column":62}}],"line":27},"1":{"loc":{"start":{"line":31,"column":6},"end":{"line":33,"column":7}},"type":"if","locations":[{"start":{"line":31,"column":6},"end":{"line":33,"column":7}},{"start":{},"end":{}}],"line":31}},"s":{"0":16,"1":16,"2":3,"3":5,"4":5,"5":5,"6":2,"7":2,"8":0,"9":0,"10":0,"11":0,"12":0,"13":0,"14":0,"15":0},"f":{"0":3,"1":5,"2":2,"3":0,"4":0},"b":{"0":[0],"1":[0,0]},"_coverageSchema":"1a1c01bbd47fc00a2c39e90264f33305004495a9","hash":"5ea1db4486086e619e8f66c3db091120c9ca97b4"}
,"C:\\mi-inventario-app\\src\\core\\services\\queue\\jobHandlers.ts": {"path":"C:\\mi-inventario-app\\src\\core\\services\\queue\\jobHandlers.ts","statementMap":{"0":{"start":{"line":8,"column":18},"end":{"line":8,"column":72}},"1":{"start":{"line":8,"column":24},"end":{"line":8,"column":72}},"2":{"start":{"line":10,"column":27},"end":{"line":115,"column":1}},"3":{"start":{"line":12,"column":16},"end":{"line":19,"column":6}},"4":{"start":{"line":21,"column":4},"end":{"line":23,"column":5}},"5":{"start":{"line":22,"column":8},"end":{"line":22,"column":53}},"6":{"start":{"line":25,"column":16},"end":{"line":25,"column":32}},"7":{"start":{"line":26,"column":4},"end":{"line":32,"column":5}},"8":{"start":{"line":27,"column":19},"end":{"line":27,"column":34}},"9":{"start":{"line":28,"column":6},"end":{"line":28,"column":40}},"10":{"start":{"line":30,"column":6},"end":{"line":30,"column":60}},"11":{"start":{"line":31,"column":6},"end":{"line":31,"column":19}},"12":{"start":{"line":36,"column":17},"end":{"line":36,"column":60}},"13":{"start":{"line":37,"column":4},"end":{"line":40,"column":5}},"14":{"start":{"line":38,"column":6},"end":{"line":38,"column":83}},"15":{"start":{"line":39,"column":6},"end":{"line":39,"column":18}},"16":{"start":{"line":42,"column":19},"end":{"line":44,"column":6}},"17":{"start":{"line":45,"column":24},"end":{"line":45,"column":38}},"18":{"start":{"line":47,"column":35},"end":{"line":52,"column":8}},"19":{"start":{"line":54,"column":4},"end":{"line":56,"column":5}},"20":{"start":{"line":55,"column":6},"end":{"line":55,"column":72}},"21":{"start":{"line":58,"column":36},"end":{"line":60,"column":36}},"22":{"start":{"line":62,"column":31},"end":{"line":70,"column":29}},"23":{"start":{"line":72,"column":4},"end":{"line":72,"column":31}},"24":{"start":{"line":72,"column":17},"end":{"line":72,"column":31}},"25":{"start":{"line":74,"column":4},"end":{"line":74,"column":69}},"26":{"start":{"line":77,"column":4},"end":{"line":81,"column":5}},"27":{"start":{"line":78,"column":6},"end":{"line":78,"column":56}},"28":{"start":{"line":80,"column":6},"end":{"line":80,"column":76}},"29":{"start":{"line":83,"column":4},"end":{"line":83,"column":16}},"30":{"start":{"line":87,"column":67},"end":{"line":87,"column":74}},"31":{"start":{"line":91,"column":4},"end":{"line":96,"column":5}},"32":{"start":{"line":93,"column":32},"end":{"line":93,"column":98}},"33":{"start":{"line":94,"column":26},"end":{"line":94,"column":82}},"34":{"start":{"line":95,"column":6},"end":{"line":95,"column":40}},"35":{"start":{"line":99,"column":30},"end":{"line":99,"column":96}},"36":{"start":{"line":100,"column":19},"end":{"line":104,"column":6}},"37":{"start":{"line":106,"column":4},"end":{"line":108,"column":5}},"38":{"start":{"line":107,"column":6},"end":{"line":107,"column":65}},"39":{"start":{"line":111,"column":4},"end":{"line":111,"column":65}},"40":{"start":{"line":112,"column":4},"end":{"line":112,"column":16}}},"fnMap":{"0":{"name":"(anonymous_0)","decl":{"start":{"line":8,"column":18},"end":{"line":8,"column":19}},"loc":{"start":{"line":8,"column":24},"end":{"line":8,"column":72}},"line":8},"1":{"name":"(anonymous_1)","decl":{"start":{"line":11,"column":11},"end":{"line":11,"column":12}},"loc":{"start":{"line":11,"column":64},"end":{"line":33,"column":3}},"line":11},"2":{"name":"(anonymous_2)","decl":{"start":{"line":35,"column":8},"end":{"line":35,"column":9}},"loc":{"start":{"line":35,"column":56},"end":{"line":84,"column":3}},"line":35},"3":{"name":"(anonymous_3)","decl":{"start":{"line":86,"column":16},"end":{"line":86,"column":17}},"loc":{"start":{"line":86,"column":69},"end":{"line":113,"column":3}},"line":86},"4":{"name":"(anonymous_4)","decl":{"start":{"line":111,"column":55},"end":{"line":111,"column":56}},"loc":{"start":{"line":111,"column":61},"end":{"line":111,"column":63}},"line":111}},"branchMap":{"0":{"loc":{"start":{"line":8,"column":24},"end":{"line":8,"column":72}},"type":"binary-expr","locations":[{"start":{"line":8,"column":24},"end":{"line":8,"column":66}},{"start":{"line":8,"column":70},"end":{"line":8,"column":72}}],"line":8},"1":{"loc":{"start":{"line":21,"column":4},"end":{"line":23,"column":5}},"type":"if","locations":[{"start":{"line":21,"column":4},"end":{"line":23,"column":5}},{"start":{},"end":{}}],"line":21},"2":{"loc":{"start":{"line":37,"column":4},"end":{"line":40,"column":5}},"type":"if","locations":[{"start":{"line":37,"column":4},"end":{"line":40,"column":5}},{"start":{},"end":{}}],"line":37},"3":{"loc":{"start":{"line":54,"column":4},"end":{"line":56,"column":5}},"type":"if","locations":[{"start":{"line":54,"column":4},"end":{"line":56,"column":5}},{"start":{},"end":{}}],"line":54},"4":{"loc":{"start":{"line":72,"column":4},"end":{"line":72,"column":31}},"type":"if","locations":[{"start":{"line":72,"column":4},"end":{"line":72,"column":31}},{"start":{},"end":{}}],"line":72},"5":{"loc":{"start":{"line":91,"column":4},"end":{"line":96,"column":5}},"type":"if","locations":[{"start":{"line":91,"column":4},"end":{"line":96,"column":5}},{"start":{},"end":{}}],"line":91},"6":{"loc":{"start":{"line":95,"column":15},"end":{"line":95,"column":39}},"type":"binary-expr","locations":[{"start":{"line":95,"column":15},"end":{"line":95,"column":26}},{"start":{"line":95,"column":30},"end":{"line":95,"column":39}}],"line":95},"7":{"loc":{"start":{"line":106,"column":4},"end":{"line":108,"column":5}},"type":"if","locations":[{"start":{"line":106,"column":4},"end":{"line":108,"column":5}},{"start":{},"end":{}}],"line":106}},"s":{"0":10,"1":0,"2":10,"3":0,"4":0,"5":0,"6":0,"7":0,"8":0,"9":0,"10":0,"11":0,"12":0,"13":0,"14":0,"15":0,"16":0,"17":0,"18":0,"19":0,"20":0,"21":0,"22":0,"23":0,"24":0,"25":0,"26":0,"27":0,"28":0,"29":0,"30":0,"31":0,"32":0,"33":0,"34":0,"35":0,"36":0,"37":0,"38":0,"39":0,"40":0},"f":{"0":0,"1":0,"2":0,"3":0,"4":0},"b":{"0":[0,0],"1":[0,0],"2":[0,0],"3":[0,0],"4":[0,0],"5":[0,0],"6":[0,0],"7":[0,0]},"_coverageSchema":"1a1c01bbd47fc00a2c39e90264f33305004495a9","hash":"abd1a0b9ef6a4dc635f1509e6fd043c63a94554e"}
,"C:\\mi-inventario-app\\src\\core\\services\\queue\\types.ts": {"path":"C:\\mi-inventario-app\\src\\core\\services\\queue\\types.ts","statementMap":{},"fnMap":{},"branchMap":{},"s":{},"f":{},"b":{},"_coverageSchema":"1a1c01bbd47fc00a2c39e90264f33305004495a9","hash":"694e845910d900c967f2b04682f422a1ca1e2b09"}
,"C:\\mi-inventario-app\\src\\core\\store\\useAuthStore.ts": {"path":"C:\\mi-inventario-app\\src\\core\\store\\useAuthStore.ts","statementMap":{"0":{"start":{"line":12,"column":28},"end":{"line":73,"column":3}},"1":{"start":{"line":12,"column":70},"end":{"line":73,"column":1}},"2":{"start":{"line":19,"column":4},"end":{"line":19,"column":42}},"3":{"start":{"line":20,"column":28},"end":{"line":20,"column":64}},"4":{"start":{"line":22,"column":4},"end":{"line":25,"column":5}},"5":{"start":{"line":23,"column":6},"end":{"line":23,"column":39}},"6":{"start":{"line":24,"column":6},"end":{"line":24,"column":19}},"7":{"start":{"line":27,"column":4},"end":{"line":31,"column":5}},"8":{"start":{"line":28,"column":6},"end":{"line":28,"column":50}},"9":{"start":{"line":29,"column":6},"end":{"line":29,"column":61}},"10":{"start":{"line":30,"column":6},"end":{"line":30,"column":18}},"11":{"start":{"line":33,"column":4},"end":{"line":33,"column":30}},"12":{"start":{"line":34,"column":4},"end":{"line":34,"column":17}},"13":{"start":{"line":38,"column":4},"end":{"line":38,"column":29}},"14":{"start":{"line":39,"column":4},"end":{"line":46,"column":5}},"15":{"start":{"line":40,"column":6},"end":{"line":40,"column":33}},"16":{"start":{"line":41,"column":6},"end":{"line":41,"column":47}},"17":{"start":{"line":42,"column":6},"end":{"line":42,"column":68}},"18":{"start":{"line":44,"column":6},"end":{"line":44,"column":52}},"19":{"start":{"line":45,"column":6},"end":{"line":45,"column":32}},"20":{"start":{"line":50,"column":4},"end":{"line":50,"column":29}},"21":{"start":{"line":51,"column":4},"end":{"line":71,"column":5}},"22":{"start":{"line":53,"column":27},"end":{"line":53,"column":65}},"23":{"start":{"line":56,"column":22},"end":{"line":56,"column":52}},"24":{"start":{"line":58,"column":6},"end":{"line":67,"column":7}},"25":{"start":{"line":59,"column":8},"end":{"line":59,"column":77}},"26":{"start":{"line":60,"column":13},"end":{"line":67,"column":7}},"27":{"start":{"line":62,"column":8},"end":{"line":62,"column":49}},"28":{"start":{"line":63,"column":8},"end":{"line":63,"column":70}},"29":{"start":{"line":66,"column":8},"end":{"line":66,"column":70}},"30":{"start":{"line":69,"column":6},"end":{"line":69,"column":65}},"31":{"start":{"line":70,"column":6},"end":{"line":70,"column":32}}},"fnMap":{"0":{"name":"(anonymous_0)","decl":{"start":{"line":12,"column":60},"end":{"line":12,"column":61}},"loc":{"start":{"line":12,"column":70},"end":{"line":73,"column":1}},"line":12},"1":{"name":"(anonymous_1)","decl":{"start":{"line":18,"column":9},"end":{"line":18,"column":10}},"loc":{"start":{"line":18,"column":32},"end":{"line":35,"column":3}},"line":18},"2":{"name":"(anonymous_2)","decl":{"start":{"line":37,"column":10},"end":{"line":37,"column":11}},"loc":{"start":{"line":37,"column":22},"end":{"line":47,"column":3}},"line":37},"3":{"name":"(anonymous_3)","decl":{"start":{"line":49,"column":18},"end":{"line":49,"column":19}},"loc":{"start":{"line":49,"column":30},"end":{"line":72,"column":3}},"line":49}},"branchMap":{"0":{"loc":{"start":{"line":22,"column":4},"end":{"line":25,"column":5}},"type":"if","locations":[{"start":{"line":22,"column":4},"end":{"line":25,"column":5}},{"start":{},"end":{}}],"line":22},"1":{"loc":{"start":{"line":27,"column":4},"end":{"line":31,"column":5}},"type":"if","locations":[{"start":{"line":27,"column":4},"end":{"line":31,"column":5}},{"start":{},"end":{}}],"line":27},"2":{"loc":{"start":{"line":58,"column":6},"end":{"line":67,"column":7}},"type":"if","locations":[{"start":{"line":58,"column":6},"end":{"line":67,"column":7}},{"start":{"line":60,"column":13},"end":{"line":67,"column":7}}],"line":58},"3":{"loc":{"start":{"line":58,"column":10},"end":{"line":58,"column":72}},"type":"binary-expr","locations":[{"start":{"line":58,"column":10},"end":{"line":58,"column":17}},{"start":{"line":58,"column":21},"end":{"line":58,"column":33}},{"start":{"line":58,"column":37},"end":{"line":58,"column":72}}],"line":58},"4":{"loc":{"start":{"line":60,"column":13},"end":{"line":67,"column":7}},"type":"if","locations":[{"start":{"line":60,"column":13},"end":{"line":67,"column":7}},{"start":{"line":64,"column":13},"end":{"line":67,"column":7}}],"line":60}},"s":{"0":6,"1":6,"2":1,"3":1,"4":1,"5":0,"6":0,"7":1,"8":1,"9":1,"10":1,"11":0,"12":0,"13":3,"14":3,"15":3,"16":3,"17":3,"18":0,"19":0,"20":2,"21":2,"22":2,"23":2,"24":2,"25":1,"26":1,"27":1,"28":1,"29":0,"30":0,"31":0},"f":{"0":6,"1":1,"2":3,"3":2},"b":{"0":[0,1],"1":[1,0],"2":[1,1],"3":[2,1,1],"4":[1,0]},"_coverageSchema":"1a1c01bbd47fc00a2c39e90264f33305004495a9","hash":"ca3bbcd4a39aeceb15ca548f882e05bbe4e09bda"}
,"C:\\mi-inventario-app\\src\\core\\ui\\BottomBar.tsx": {"path":"C:\\mi-inventario-app\\src\\core\\ui\\BottomBar.tsx","statementMap":{"0":{"start":{"line":17,"column":42},"end":{"line":122,"column":1}},"1":{"start":{"line":18,"column":44},"end":{"line":18,"column":54}},"2":{"start":{"line":19,"column":19},"end":{"line":19,"column":38}},"3":{"start":{"line":21,"column":24},"end":{"line":24,"column":5}},"4":{"start":{"line":22,"column":8},"end":{"line":22,"column":63}},"5":{"start":{"line":23,"column":8},"end":{"line":23,"column":24}},"6":{"start":{"line":26,"column":22},"end":{"line":27,"column":68}},"7":{"start":{"line":27,"column":8},"end":{"line":27,"column":68}},"8":{"start":{"line":29,"column":4},"end":{"line":121,"column":6}},"9":{"start":{"line":42,"column":35},"end":{"line":42,"column":55}},"10":{"start":{"line":58,"column":35},"end":{"line":58,"column":59}},"11":{"start":{"line":74,"column":35},"end":{"line":74,"column":57}},"12":{"start":{"line":90,"column":35},"end":{"line":90,"column":59}},"13":{"start":{"line":106,"column":35},"end":{"line":106,"column":59}},"14":{"start":{"line":124,"column":15},"end":{"line":147,"column":2}}},"fnMap":{"0":{"name":"(anonymous_0)","decl":{"start":{"line":17,"column":42},"end":{"line":17,"column":43}},"loc":{"start":{"line":17,"column":74},"end":{"line":122,"column":1}},"line":17},"1":{"name":"(anonymous_1)","decl":{"start":{"line":21,"column":24},"end":{"line":21,"column":25}},"loc":{"start":{"line":21,"column":44},"end":{"line":24,"column":5}},"line":21},"2":{"name":"(anonymous_2)","decl":{"start":{"line":26,"column":22},"end":{"line":26,"column":23}},"loc":{"start":{"line":27,"column":8},"end":{"line":27,"column":68}},"line":27},"3":{"name":"(anonymous_3)","decl":{"start":{"line":42,"column":29},"end":{"line":42,"column":30}},"loc":{"start":{"line":42,"column":35},"end":{"line":42,"column":55}},"line":42},"4":{"name":"(anonymous_4)","decl":{"start":{"line":58,"column":29},"end":{"line":58,"column":30}},"loc":{"start":{"line":58,"column":35},"end":{"line":58,"column":59}},"line":58},"5":{"name":"(anonymous_5)","decl":{"start":{"line":74,"column":29},"end":{"line":74,"column":30}},"loc":{"start":{"line":74,"column":35},"end":{"line":74,"column":57}},"line":74},"6":{"name":"(anonymous_6)","decl":{"start":{"line":90,"column":29},"end":{"line":90,"column":30}},"loc":{"start":{"line":90,"column":35},"end":{"line":90,"column":59}},"line":90},"7":{"name":"(anonymous_7)","decl":{"start":{"line":106,"column":29},"end":{"line":106,"column":30}},"loc":{"start":{"line":106,"column":35},"end":{"line":106,"column":59}},"line":106}},"branchMap":{"0":{"loc":{"start":{"line":27,"column":8},"end":{"line":27,"column":68}},"type":"cond-expr","locations":[{"start":{"line":27,"column":29},"end":{"line":27,"column":44}},{"start":{"line":27,"column":47},"end":{"line":27,"column":68}}],"line":27},"1":{"loc":{"start":{"line":35,"column":31},"end":{"line":35,"column":49}},"type":"binary-expr","locations":[{"start":{"line":35,"column":31},"end":{"line":35,"column":44}},{"start":{"line":35,"column":48},"end":{"line":35,"column":49}}],"line":35},"2":{"loc":{"start":{"line":46,"column":30},"end":{"line":46,"column":78}},"type":"cond-expr","locations":[{"start":{"line":46,"column":55},"end":{"line":46,"column":61}},{"start":{"line":46,"column":64},"end":{"line":46,"column":78}}],"line":46},"3":{"loc":{"start":{"line":62,"column":30},"end":{"line":62,"column":82}},"type":"cond-expr","locations":[{"start":{"line":62,"column":59},"end":{"line":62,"column":65}},{"start":{"line":62,"column":68},"end":{"line":62,"column":82}}],"line":62},"4":{"loc":{"start":{"line":78,"column":30},"end":{"line":78,"column":86}},"type":"cond-expr","locations":[{"start":{"line":78,"column":57},"end":{"line":78,"column":66}},{"start":{"line":78,"column":69},"end":{"line":78,"column":86}}],"line":78},"5":{"loc":{"start":{"line":94,"column":30},"end":{"line":94,"column":82}},"type":"cond-expr","locations":[{"start":{"line":94,"column":59},"end":{"line":94,"column":65}},{"start":{"line":94,"column":68},"end":{"line":94,"column":82}}],"line":94},"6":{"loc":{"start":{"line":110,"column":30},"end":{"line":110,"column":96}},"type":"cond-expr","locations":[{"start":{"line":110,"column":59},"end":{"line":110,"column":72}},{"start":{"line":110,"column":75},"end":{"line":110,"column":96}}],"line":110}},"s":{"0":0,"1":0,"2":0,"3":0,"4":0,"5":0,"6":0,"7":0,"8":0,"9":0,"10":0,"11":0,"12":0,"13":0,"14":0},"f":{"0":0,"1":0,"2":0,"3":0,"4":0,"5":0,"6":0,"7":0},"b":{"0":[0,0],"1":[0,0],"2":[0,0],"3":[0,0],"4":[0,0],"5":[0,0],"6":[0,0]}}
,"C:\\mi-inventario-app\\src\\core\\ui\\ErrorBoundary.tsx": {"path":"C:\\mi-inventario-app\\src\\core\\ui\\ErrorBoundary.tsx","statementMap":{"0":{"start":{"line":21,"column":24},"end":{"line":24,"column":3}},"1":{"start":{"line":27,"column":4},"end":{"line":27,"column":37}},"2":{"start":{"line":31,"column":4},"end":{"line":35,"column":7}},"3":{"start":{"line":38,"column":24},"end":{"line":40,"column":3}},"4":{"start":{"line":39,"column":4},"end":{"line":39,"column":52}},"5":{"start":{"line":43,"column":4},"end":{"line":54,"column":5}},"6":{"start":{"line":44,"column":6},"end":{"line":46,"column":7}},"7":{"start":{"line":45,"column":8},"end":{"line":45,"column":35}},"8":{"start":{"line":48,"column":6},"end":{"line":53,"column":8}},"9":{"start":{"line":56,"column":4},"end":{"line":56,"column":31}},"10":{"start":{"line":60,"column":20},"end":{"line":90,"column":1}},"11":{"start":{"line":61,"column":21},"end":{"line":61,"column":31}},"12":{"start":{"line":63,"column":2},"end":{"line":89,"column":4}},"13":{"start":{"line":92,"column":15},"end":{"line":121,"column":2}}},"fnMap":{"0":{"name":"(anonymous_0)","decl":{"start":{"line":26,"column":2},"end":{"line":26,"column":3}},"loc":{"start":{"line":26,"column":62},"end":{"line":28,"column":3}},"line":26},"1":{"name":"(anonymous_1)","decl":{"start":{"line":30,"column":2},"end":{"line":30,"column":3}},"loc":{"start":{"line":30,"column":63},"end":{"line":36,"column":3}},"line":30},"2":{"name":"(anonymous_2)","decl":{"start":{"line":38,"column":24},"end":{"line":38,"column":25}},"loc":{"start":{"line":38,"column":30},"end":{"line":40,"column":3}},"line":38},"3":{"name":"(anonymous_3)","decl":{"start":{"line":42,"column":2},"end":{"line":42,"column":3}},"loc":{"start":{"line":42,"column":18},"end":{"line":57,"column":3}},"line":42},"4":{"name":"(anonymous_4)","decl":{"start":{"line":60,"column":20},"end":{"line":60,"column":21}},"loc":{"start":{"line":60,"column":90},"end":{"line":90,"column":1}},"line":60}},"branchMap":{"0":{"loc":{"start":{"line":43,"column":4},"end":{"line":54,"column":5}},"type":"if","locations":[{"start":{"line":43,"column":4},"end":{"line":54,"column":5}},{"start":{},"end":{}}],"line":43},"1":{"loc":{"start":{"line":44,"column":6},"end":{"line":46,"column":7}},"type":"if","locations":[{"start":{"line":44,"column":6},"end":{"line":46,"column":7}},{"start":{},"end":{}}],"line":44},"2":{"loc":{"start":{"line":73,"column":9},"end":{"line":79,"column":9}},"type":"binary-expr","locations":[{"start":{"line":73,"column":9},"end":{"line":73,"column":16}},{"start":{"line":73,"column":20},"end":{"line":73,"column":25}},{"start":{"line":74,"column":10},"end":{"line":78,"column":20}}],"line":73}},"s":{"0":0,"1":0,"2":0,"3":0,"4":0,"5":0,"6":0,"7":0,"8":0,"9":0,"10":0,"11":0,"12":0,"13":0},"f":{"0":0,"1":0,"2":0,"3":0,"4":0},"b":{"0":[0,0],"1":[0,0],"2":[0,0,0]}}
,"C:\\mi-inventario-app\\src\\core\\ui\\SkeletonCard.tsx": {"path":"C:\\mi-inventario-app\\src\\core\\ui\\SkeletonCard.tsx","statementMap":{"0":{"start":{"line":7,"column":28},"end":{"line":33,"column":1}},"1":{"start":{"line":8,"column":23},"end":{"line":8,"column":33}},"2":{"start":{"line":10,"column":4},"end":{"line":32,"column":6}},"3":{"start":{"line":35,"column":15},"end":{"line":54,"column":2}}},"fnMap":{"0":{"name":"(anonymous_0)","decl":{"start":{"line":7,"column":28},"end":{"line":7,"column":29}},"loc":{"start":{"line":7,"column":34},"end":{"line":33,"column":1}},"line":7}},"branchMap":{},"s":{"0":3,"1":0,"2":0,"3":3},"f":{"0":0},"b":{},"_coverageSchema":"1a1c01bbd47fc00a2c39e90264f33305004495a9","hash":"3423aa89ce49e7e36a01aa522311939dcfb59ffb"}
,"C:\\mi-inventario-app\\src\\core\\ui\\ThemeContext.tsx": {"path":"C:\\mi-inventario-app\\src\\core\\ui\\ThemeContext.tsx","statementMap":{"0":{"start":{"line":16,"column":21},"end":{"line":16,"column":76}},"1":{"start":{"line":18,"column":24},"end":{"line":18,"column":54}},"2":{"start":{"line":18,"column":30},"end":{"line":18,"column":54}},"3":{"start":{"line":20,"column":70},"end":{"line":60,"column":1}},"4":{"start":{"line":21,"column":30},"end":{"line":21,"column":46}},"5":{"start":{"line":22,"column":30},"end":{"line":22,"column":57}},"6":{"start":{"line":24,"column":4},"end":{"line":33,"column":11}},"7":{"start":{"line":26,"column":8},"end":{"line":32,"column":11}},"8":{"start":{"line":27,"column":12},"end":{"line":31,"column":13}},"9":{"start":{"line":28,"column":16},"end":{"line":28,"column":37}},"10":{"start":{"line":29,"column":19},"end":{"line":31,"column":13}},"11":{"start":{"line":30,"column":16},"end":{"line":30,"column":44}},"12":{"start":{"line":36,"column":4},"end":{"line":44,"column":28}},"13":{"start":{"line":37,"column":8},"end":{"line":43,"column":9}},"14":{"start":{"line":38,"column":12},"end":{"line":42,"column":15}},"15":{"start":{"line":39,"column":16},"end":{"line":41,"column":17}},"16":{"start":{"line":40,"column":20},"end":{"line":40,"column":48}},"17":{"start":{"line":46,"column":24},"end":{"line":50,"column":5}},"18":{"start":{"line":47,"column":25},"end":{"line":47,"column":61}},"19":{"start":{"line":48,"column":8},"end":{"line":48,"column":27}},"20":{"start":{"line":49,"column":8},"end":{"line":49,"column":60}},"21":{"start":{"line":52,"column":19},"end":{"line":52,"column":35}},"22":{"start":{"line":53,"column":19},"end":{"line":53,"column":37}},"23":{"start":{"line":55,"column":4},"end":{"line":59,"column":6}}},"fnMap":{"0":{"name":"(anonymous_0)","decl":{"start":{"line":18,"column":24},"end":{"line":18,"column":25}},"loc":{"start":{"line":18,"column":30},"end":{"line":18,"column":54}},"line":18},"1":{"name":"(anonymous_1)","decl":{"start":{"line":20,"column":70},"end":{"line":20,"column":71}},"loc":{"start":{"line":20,"column":88},"end":{"line":60,"column":1}},"line":20},"2":{"name":"(anonymous_2)","decl":{"start":{"line":24,"column":14},"end":{"line":24,"column":15}},"loc":{"start":{"line":24,"column":20},"end":{"line":33,"column":5}},"line":24},"3":{"name":"(anonymous_3)","decl":{"start":{"line":26,"column":55},"end":{"line":26,"column":56}},"loc":{"start":{"line":26,"column":69},"end":{"line":32,"column":9}},"line":26},"4":{"name":"(anonymous_4)","decl":{"start":{"line":36,"column":14},"end":{"line":36,"column":15}},"loc":{"start":{"line":36,"column":20},"end":{"line":44,"column":5}},"line":36},"5":{"name":"(anonymous_5)","decl":{"start":{"line":38,"column":59},"end":{"line":38,"column":60}},"loc":{"start":{"line":38,"column":73},"end":{"line":42,"column":13}},"line":38},"6":{"name":"(anonymous_6)","decl":{"start":{"line":46,"column":24},"end":{"line":46,"column":25}},"loc":{"start":{"line":46,"column":30},"end":{"line":50,"column":5}},"line":46}},"branchMap":{"0":{"loc":{"start":{"line":27,"column":12},"end":{"line":31,"column":13}},"type":"if","locations":[{"start":{"line":27,"column":12},"end":{"line":31,"column":13}},{"start":{"line":29,"column":19},"end":{"line":31,"column":13}}],"line":27},"1":{"loc":{"start":{"line":27,"column":16},"end":{"line":27,"column":63}},"type":"binary-expr","locations":[{"start":{"line":27,"column":16},"end":{"line":27,"column":38}},{"start":{"line":27,"column":42},"end":{"line":27,"column":63}}],"line":27},"2":{"loc":{"start":{"line":29,"column":19},"end":{"line":31,"column":13}},"type":"if","locations":[{"start":{"line":29,"column":19},"end":{"line":31,"column":13}},{"start":{},"end":{}}],"line":29},"3":{"loc":{"start":{"line":37,"column":8},"end":{"line":43,"column":9}},"type":"if","locations":[{"start":{"line":37,"column":8},"end":{"line":43,"column":9}},{"start":{},"end":{}}],"line":37},"4":{"loc":{"start":{"line":39,"column":16},"end":{"line":41,"column":17}},"type":"if","locations":[{"start":{"line":39,"column":16},"end":{"line":41,"column":17}},{"start":{},"end":{}}],"line":39},"5":{"loc":{"start":{"line":47,"column":25},"end":{"line":47,"column":61}},"type":"cond-expr","locations":[{"start":{"line":47,"column":45},"end":{"line":47,"column":51}},{"start":{"line":47,"column":54},"end":{"line":47,"column":61}}],"line":47}},"s":{"0":0,"1":0,"2":0,"3":0,"4":0,"5":0,"6":0,"7":0,"8":0,"9":0,"10":0,"11":0,"12":0,"13":0,"14":0,"15":0,"16":0,"17":0,"18":0,"19":0,"20":0,"21":0,"22":0,"23":0},"f":{"0":0,"1":0,"2":0,"3":0,"4":0,"5":0,"6":0},"b":{"0":[0,0],"1":[0,0],"2":[0,0],"3":[0,0],"4":[0,0],"5":[0,0]}}
,"C:\\mi-inventario-app\\src\\core\\ui\\colores.ts": {"path":"C:\\mi-inventario-app\\src\\core\\ui\\colores.ts","statementMap":{"0":{"start":{"line":5,"column":27},"end":{"line":76,"column":1}}},"fnMap":{},"branchMap":{},"s":{"0":1},"f":{},"b":{},"_coverageSchema":"1a1c01bbd47fc00a2c39e90264f33305004495a9","hash":"9e6296bac1bee174ef05c0683589cc10b6721b54"}
,"C:\\mi-inventario-app\\src\\core\\ui\\shadows.ts": {"path":"C:\\mi-inventario-app\\src\\core\\ui\\shadows.ts","statementMap":{"0":{"start":{"line":6,"column":23},"end":{"line":22,"column":1}}},"fnMap":{},"branchMap":{},"s":{"0":5},"f":{},"b":{},"_coverageSchema":"1a1c01bbd47fc00a2c39e90264f33305004495a9","hash":"d4f240f987dd1cb68f9e57ead4fd06403e4ff7bd"}
,"C:\\mi-inventario-app\\src\\core\\ui\\tokens.ts": {"path":"C:\\mi-inventario-app\\src\\core\\ui\\tokens.ts","statementMap":{"0":{"start":{"line":7,"column":22},"end":{"line":66,"column":1}}},"fnMap":{},"branchMap":{},"s":{"0":10},"f":{},"b":{},"_coverageSchema":"1a1c01bbd47fc00a2c39e90264f33305004495a9","hash":"969c0ae4b4bf5ab88ca79da0863a453a6f7279e2"}
,"C:\\mi-inventario-app\\src\\core\\ui\\components\\AnimatedPressable.tsx": {"path":"C:\\mi-inventario-app\\src\\core\\ui\\components\\AnimatedPressable.tsx","statementMap":{"0":{"start":{"line":19,"column":30},"end":{"line":19,"column":73}},"1":{"start":{"line":21,"column":67},"end":{"line":62,"column":1}},"2":{"start":{"line":30,"column":18},"end":{"line":30,"column":35}},"3":{"start":{"line":31,"column":20},"end":{"line":31,"column":37}},"4":{"start":{"line":33,"column":26},"end":{"line":36,"column":7}},"5":{"start":{"line":33,"column":50},"end":{"line":36,"column":5}},"6":{"start":{"line":38,"column":26},"end":{"line":43,"column":5}},"7":{"start":{"line":39,"column":8},"end":{"line":39,"column":48}},"8":{"start":{"line":39,"column":20},"end":{"line":39,"column":48}},"9":{"start":{"line":40,"column":8},"end":{"line":40,"column":75}},"10":{"start":{"line":41,"column":8},"end":{"line":41,"column":60}},"11":{"start":{"line":42,"column":8},"end":{"line":42,"column":23}},"12":{"start":{"line":45,"column":27},"end":{"line":49,"column":5}},"13":{"start":{"line":46,"column":8},"end":{"line":46,"column":69}},"14":{"start":{"line":47,"column":8},"end":{"line":47,"column":57}},"15":{"start":{"line":48,"column":8},"end":{"line":48,"column":24}},"16":{"start":{"line":51,"column":4},"end":{"line":61,"column":6}}},"fnMap":{"0":{"name":"(anonymous_0)","decl":{"start":{"line":21,"column":67},"end":{"line":21,"column":68}},"loc":{"start":{"line":29,"column":6},"end":{"line":62,"column":1}},"line":29},"1":{"name":"(anonymous_1)","decl":{"start":{"line":33,"column":43},"end":{"line":33,"column":44}},"loc":{"start":{"line":33,"column":50},"end":{"line":36,"column":5}},"line":33},"2":{"name":"(anonymous_2)","decl":{"start":{"line":38,"column":26},"end":{"line":38,"column":27}},"loc":{"start":{"line":38,"column":38},"end":{"line":43,"column":5}},"line":38},"3":{"name":"(anonymous_3)","decl":{"start":{"line":45,"column":27},"end":{"line":45,"column":28}},"loc":{"start":{"line":45,"column":39},"end":{"line":49,"column":5}},"line":45}},"branchMap":{"0":{"loc":{"start":{"line":24,"column":4},"end":{"line":24,"column":18}},"type":"default-arg","locations":[{"start":{"line":24,"column":14},"end":{"line":24,"column":18}}],"line":24},"1":{"loc":{"start":{"line":25,"column":4},"end":{"line":25,"column":46}},"type":"default-arg","locations":[{"start":{"line":25,"column":13},"end":{"line":25,"column":46}}],"line":25},"2":{"loc":{"start":{"line":39,"column":8},"end":{"line":39,"column":48}},"type":"if","locations":[{"start":{"line":39,"column":8},"end":{"line":39,"column":48}},{"start":{},"end":{}}],"line":39}},"s":{"0":7,"1":7,"2":52,"3":52,"4":52,"5":52,"6":52,"7":3,"8":2,"9":3,"10":3,"11":3,"12":52,"13":0,"14":0,"15":0,"16":52},"f":{"0":52,"1":52,"2":3,"3":0},"b":{"0":[32],"1":[36],"2":[2,1]},"_coverageSchema":"1a1c01bbd47fc00a2c39e90264f33305004495a9","hash":"9237f32afc55285aeafb42decdfee11952c36de7"}
,"C:\\mi-inventario-app\\src\\core\\ui\\components\\Badge.tsx": {"path":"C:\\mi-inventario-app\\src\\core\\ui\\components\\Badge.tsx","statementMap":{"0":{"start":{"line":15,"column":43},"end":{"line":53,"column":1}},"1":{"start":{"line":21,"column":23},"end":{"line":21,"column":33}},"2":{"start":{"line":23,"column":22},"end":{"line":37,"column":5}},"3":{"start":{"line":24,"column":8},"end":{"line":36,"column":9}},"4":{"start":{"line":26,"column":16},"end":{"line":26,"column":74}},"5":{"start":{"line":28,"column":16},"end":{"line":28,"column":74}},"6":{"start":{"line":30,"column":16},"end":{"line":30,"column":75}},"7":{"start":{"line":32,"column":16},"end":{"line":32,"column":73}},"8":{"start":{"line":35,"column":16},"end":{"line":35,"column":82}},"9":{"start":{"line":39,"column":25},"end":{"line":39,"column":36}},"10":{"start":{"line":41,"column":4},"end":{"line":52,"column":6}},"11":{"start":{"line":55,"column":15},"end":{"line":67,"column":2}}},"fnMap":{"0":{"name":"(anonymous_0)","decl":{"start":{"line":15,"column":43},"end":{"line":15,"column":44}},"loc":{"start":{"line":20,"column":6},"end":{"line":53,"column":1}},"line":20},"1":{"name":"(anonymous_1)","decl":{"start":{"line":23,"column":22},"end":{"line":23,"column":23}},"loc":{"start":{"line":23,"column":28},"end":{"line":37,"column":5}},"line":23}},"branchMap":{"0":{"loc":{"start":{"line":17,"column":4},"end":{"line":17,"column":23}},"type":"default-arg","locations":[{"start":{"line":17,"column":14},"end":{"line":17,"column":23}}],"line":17},"1":{"loc":{"start":{"line":24,"column":8},"end":{"line":36,"column":9}},"type":"switch","locations":[{"start":{"line":25,"column":12},"end":{"line":26,"column":74}},{"start":{"line":27,"column":12},"end":{"line":28,"column":74}},{"start":{"line":29,"column":12},"end":{"line":30,"column":75}},{"start":{"line":31,"column":12},"end":{"line":32,"column":73}},{"start":{"line":33,"column":12},"end":{"line":33,"column":27}},{"start":{"line":34,"column":12},"end":{"line":35,"column":82}}],"line":24}},"s":{"0":6,"1":4,"2":4,"3":4,"4":0,"5":1,"6":1,"7":0,"8":2,"9":4,"10":4,"11":6},"f":{"0":4,"1":4},"b":{"0":[2],"1":[0,1,1,0,2,2]},"_coverageSchema":"1a1c01bbd47fc00a2c39e90264f33305004495a9","hash":"aa886a4a10da45c6f43b304ffea9bbe8945b50ad"}
,"C:\\mi-inventario-app\\src\\core\\ui\\components\\Button.tsx": {"path":"C:\\mi-inventario-app\\src\\core\\ui\\components\\Button.tsx","statementMap":{"0":{"start":{"line":28,"column":45},"end":{"line":115,"column":1}},"1":{"start":{"line":39,"column":23},"end":{"line":39,"column":33}},"2":{"start":{"line":41,"column":24},"end":{"line":44,"column":5}},"3":{"start":{"line":42,"column":8},"end":{"line":42,"column":40}},"4":{"start":{"line":42,"column":33},"end":{"line":42,"column":40}},"5":{"start":{"line":43,"column":8},"end":{"line":43,"column":18}},"6":{"start":{"line":46,"column":24},"end":{"line":71,"column":5}},"7":{"start":{"line":47,"column":32},"end":{"line":54,"column":9}},"8":{"start":{"line":56,"column":8},"end":{"line":70,"column":9}},"9":{"start":{"line":58,"column":16},"end":{"line":61,"column":18}},"10":{"start":{"line":63,"column":16},"end":{"line":63,"column":117}},"11":{"start":{"line":65,"column":16},"end":{"line":65,"column":117}},"12":{"start":{"line":67,"column":16},"end":{"line":67,"column":67}},"13":{"start":{"line":69,"column":16},"end":{"line":69,"column":28}},"14":{"start":{"line":73,"column":25},"end":{"line":94,"column":5}},"15":{"start":{"line":74,"column":32},"end":{"line":77,"column":9}},"16":{"start":{"line":79,"column":8},"end":{"line":93,"column":9}},"17":{"start":{"line":81,"column":16},"end":{"line":84,"column":18}},"18":{"start":{"line":86,"column":16},"end":{"line":86,"column":59}},"19":{"start":{"line":88,"column":16},"end":{"line":88,"column":56}},"20":{"start":{"line":90,"column":16},"end":{"line":90,"column":66}},"21":{"start":{"line":92,"column":16},"end":{"line":92,"column":28}},"22":{"start":{"line":96,"column":4},"end":{"line":114,"column":6}}},"fnMap":{"0":{"name":"(anonymous_0)","decl":{"start":{"line":28,"column":45},"end":{"line":28,"column":46}},"loc":{"start":{"line":38,"column":6},"end":{"line":115,"column":1}},"line":38},"1":{"name":"(anonymous_1)","decl":{"start":{"line":41,"column":24},"end":{"line":41,"column":25}},"loc":{"start":{"line":41,"column":30},"end":{"line":44,"column":5}},"line":41},"2":{"name":"(anonymous_2)","decl":{"start":{"line":46,"column":24},"end":{"line":46,"column":25}},"loc":{"start":{"line":46,"column":41},"end":{"line":71,"column":5}},"line":46},"3":{"name":"(anonymous_3)","decl":{"start":{"line":73,"column":25},"end":{"line":73,"column":26}},"loc":{"start":{"line":73,"column":42},"end":{"line":94,"column":5}},"line":73}},"branchMap":{"0":{"loc":{"start":{"line":31,"column":4},"end":{"line":31,"column":23}},"type":"default-arg","locations":[{"start":{"line":31,"column":14},"end":{"line":31,"column":23}}],"line":31},"1":{"loc":{"start":{"line":32,"column":4},"end":{"line":32,"column":15}},"type":"default-arg","locations":[{"start":{"line":32,"column":11},"end":{"line":32,"column":15}}],"line":32},"2":{"loc":{"start":{"line":33,"column":4},"end":{"line":33,"column":19}},"type":"default-arg","locations":[{"start":{"line":33,"column":14},"end":{"line":33,"column":19}}],"line":33},"3":{"loc":{"start":{"line":34,"column":4},"end":{"line":34,"column":20}},"type":"default-arg","locations":[{"start":{"line":34,"column":15},"end":{"line":34,"column":20}}],"line":34},"4":{"loc":{"start":{"line":42,"column":8},"end":{"line":42,"column":40}},"type":"if","locations":[{"start":{"line":42,"column":8},"end":{"line":42,"column":40}},{"start":{},"end":{}}],"line":42},"5":{"loc":{"start":{"line":42,"column":12},"end":{"line":42,"column":31}},"type":"binary-expr","locations":[{"start":{"line":42,"column":12},"end":{"line":42,"column":19}},{"start":{"line":42,"column":23},"end":{"line":42,"column":31}}],"line":42},"6":{"loc":{"start":{"line":52,"column":29},"end":{"line":52,"column":82}},"type":"cond-expr","locations":[{"start":{"line":52,"column":45},"end":{"line":52,"column":62}},{"start":{"line":52,"column":65},"end":{"line":52,"column":82}}],"line":52},"7":{"loc":{"start":{"line":53,"column":31},"end":{"line":53,"column":84}},"type":"cond-expr","locations":[{"start":{"line":53,"column":47},"end":{"line":53,"column":64}},{"start":{"line":53,"column":67},"end":{"line":53,"column":84}}],"line":53},"8":{"loc":{"start":{"line":56,"column":8},"end":{"line":70,"column":9}},"type":"switch","locations":[{"start":{"line":57,"column":12},"end":{"line":61,"column":18}},{"start":{"line":62,"column":12},"end":{"line":63,"column":117}},{"start":{"line":64,"column":12},"end":{"line":65,"
[...]
n":24},"end":{"line":475,"column":26}}],"line":469},"42":{"loc":{"start":{"line":501,"column":26},"end":{"line":501,"column":67}},"type":"cond-expr","locations":[{"start":{"line":501,"column":35},"end":{"line":501,"column":50}},{"start":{"line":501,"column":53},"end":{"line":501,"column":67}}],"line":501},"43":{"loc":{"start":{"line":529,"column":17},"end":{"line":546,"column":17}},"type":"binary-expr","locations":[{"start":{"line":529,"column":17},"end":{"line":529,"column":23}},{"start":{"line":530,"column":20},"end":{"line":545,"column":30}}],"line":529},"44":{"loc":{"start":{"line":549,"column":17},"end":{"line":584,"column":17}},"type":"binary-expr","locations":[{"start":{"line":549,"column":17},"end":{"line":549,"column":22}},{"start":{"line":550,"column":20},"end":{"line":583,"column":23}}],"line":549},"45":{"loc":{"start":{"line":560,"column":35},"end":{"line":560,"column":84}},"type":"cond-expr","locations":[{"start":{"line":560,"column":48},"end":{"line":560,"column":62}},{"start":{"line":560,"column":65},"end":{"line":560,"column":84}}],"line":560},"46":{"loc":{"start":{"line":563,"column":38},"end":{"line":563,"column":78}},"type":"binary-expr","locations":[{"start":{"line":563,"column":38},"end":{"line":563,"column":46}},{"start":{"line":563,"column":50},"end":{"line":563,"column":78}}],"line":563},"47":{"loc":{"start":{"line":566,"column":34},"end":{"line":572,"column":29}},"type":"binary-expr","locations":[{"start":{"line":566,"column":34},"end":{"line":566,"column":45}},{"start":{"line":567,"column":32},"end":{"line":571,"column":34}}],"line":566},"48":{"loc":{"start":{"line":570,"column":43},"end":{"line":570,"column":131}},"type":"cond-expr","locations":[{"start":{"line":570,"column":86},"end":{"line":570,"column":107}},{"start":{"line":570,"column":110},"end":{"line":570,"column":131}}],"line":570},"49":{"loc":{"start":{"line":570,"column":43},"end":{"line":570,"column":83}},"type":"binary-expr","locations":[{"start":{"line":570,"column":43},"end":{"line":570,"column":51}},{"start":{"line":570,"column":55},"end":{"line":570,"column":83}}],"line":570},"50":{"loc":{"start":{"line":575,"column":25},"end":{"line":582,"column":25}},"type":"binary-expr","locations":[{"start":{"line":575,"column":25},"end":{"line":575,"column":53}},{"start":{"line":576,"column":28},"end":{"line":581,"column":38}}],"line":575},"51":{"loc":{"start":{"line":590,"column":20},"end":{"line":590,"column":79}},"type":"if","locations":[{"start":{"line":590,"column":20},"end":{"line":590,"column":79}},{"start":{},"end":{}}],"line":590},"52":{"loc":{"start":{"line":591,"column":20},"end":{"line":591,"column":78}},"type":"if","locations":[{"start":{"line":591,"column":20},"end":{"line":591,"column":78}},{"start":{},"end":{}}],"line":591},"53":{"loc":{"start":{"line":592,"column":20},"end":{"line":592,"column":74}},"type":"if","locations":[{"start":{"line":592,"column":20},"end":{"line":592,"column":74}},{"start":{},"end":{}}],"line":592},"54":{"loc":{"start":{"line":593,"column":20},"end":{"line":593,"column":80}},"type":"if","locations":[{"start":{"line":593,"column":20},"end":{"line":593,"column":80}},{"start":{},"end":{}}],"line":593}},"s":{"0":1,"1":4,"2":4,"3":4,"4":4,"5":3,"6":3,"7":3,"8":3,"9":3,"10":3,"11":3,"12":3,"13":3,"14":3,"15":3,"16":1,"17":1,"18":1,"19":1,"20":3,"21":1,"22":1,"23":1,"24":0,"25":3,"26":0,"27":0,"28":0,"29":3,"30":0,"31":0,"32":0,"33":0,"34":0,"35":0,"36":0,"37":0,"38":0,"39":3,"40":0,"41":0,"42":0,"43":0,"44":0,"45":0,"46":0,"47":3,"48":0,"49":0,"50":0,"51":0,"52":0,"53":3,"54":0,"55":0,"56":0,"57":0,"58":0,"59":0,"60":0,"61":3,"62":0,"63":0,"64":0,"65":0,"66":0,"67":0,"68":0,"69":0,"70":0,"71":0,"72":0,"73":0,"74":0,"75":0,"76":0,"77":0,"78":0,"79":0,"80":0,"81":0,"82":0,"83":0,"84":0,"85":0,"86":0,"87":0,"88":3,"89":0,"90":0,"91":0,"92":0,"93":0,"94":0,"95":0,"96":0,"97":0,"98":0,"99":0,"100":0,"101":0,"102":0,"103":0,"104":0,"105":0,"106":0,"107":0,"108":0,"109":0,"110":0,"111":0,"112":0,"113":0,"114":0,"115":0,"116":0,"117":0,"118":0,"119":0,"120":0,"121":0,"122":3,"123":0,"124":0,"125":0,"126":3,"127":0,"128":0,"129":0,"130":0,"131":3,"132":2,"133":0,"134":3,"135":0,"136":3,"137":0,"138":0,"139":0,"140":0,"141":0,"142":0,"143":0,"144":0,"145":0,"146":1},"f":{"0":4,"1":1,"2":1,"3":0,"4":0,"5":0,"6":0,"7":0,"8":0,"9":0,"10":0,"11":0,"12":0,"13":0,"14":0,"15":0,"16":0,"17":0,"18":0,"19":0,"20":0,"21":2,"22":0,"23":0,"24":0,"25":0},"b":{"0":[1,0],"1":[0,0],"2":[0,0],"3":[0,0],"4":[0,0],"5":[0,0],"6":[0,0],"7":[0,0],"8":[0,0],"9":[0,0],"10":[0,0],"11":[0,0],"12":[0,0],"13":[0,0],"14":[0,0],"15":[0,0],"16":[0,0],"17":[0,0],"18":[0,0],"19":[0,0],"20":[0,0],"21":[0,0],"22":[0,3],"23":[0,3],"24":[0,0],"25":[0,0],"26":[0,0],"27":[0,0],"28":[0,0],"29":[0,0],"30":[0,0,0],"31":[0,0],"32":[0,0],"33":[0,0],"34":[0,0],"35":[0,0,0],"36":[0,0],"37":[0,0],"38":[0,0],"39":[0,0],"40":[0,0],"41":[0,0],"42":[0,3],"43":[3,1],"44":[3,2],"45":[0,2],"46":[2,0],"47":[2,2],"48":[2,0],"49":[2,0],"50":[2,0],"51":[0,0],"52":[0,0],"53":[0,0],"54":[0,0]},"_coverageSchema":"1a1c01bbd47fc00a2c39e90264f33305004495a9","hash":"f8ab25d439afab2c3ce98f85566594225534fc03"}
,"C:\\mi-inventario-app\\src\\features\\logistics\\services\\enviosService.ts": {"path":"C:\\mi-inventario-app\\src\\features\\logistics\\services\\enviosService.ts","statementMap":{"0":{"start":{"line":12,"column":29},"end":{"line":124,"column":1}},"1":{"start":{"line":19,"column":4},"end":{"line":56,"column":5}},"2":{"start":{"line":20,"column":26},"end":{"line":20,"column":70}},"3":{"start":{"line":22,"column":6},"end":{"line":22,"column":83}},"4":{"start":{"line":25,"column":21},"end":{"line":27,"column":8}},"5":{"start":{"line":30,"column":26},"end":{"line":30,"column":40}},"6":{"start":{"line":33,"column":24},"end":{"line":38,"column":10}},"7":{"start":{"line":40,"column":6},"end":{"line":43,"column":7}},"8":{"start":{"line":41,"column":8},"end":{"line":41,"column":86}},"9":{"start":{"line":42,"column":8},"end":{"line":42,"column":20}},"10":{"start":{"line":46,"column":23},"end":{"line":48,"column":34}},"11":{"start":{"line":50,"column":18},"end":{"line":50,"column":48}},"12":{"start":{"line":51,"column":6},"end":{"line":51,"column":71}},"13":{"start":{"line":52,"column":6},"end":{"line":52,"column":17}},"14":{"start":{"line":54,"column":6},"end":{"line":54,"column":117}},"15":{"start":{"line":55,"column":6},"end":{"line":55,"column":18}},"16":{"start":{"line":68,"column":4},"end":{"line":101,"column":5}},"17":{"start":{"line":69,"column":6},"end":{"line":72,"column":9}},"18":{"start":{"line":74,"column":49},"end":{"line":77,"column":7}},"19":{"start":{"line":79,"column":6},"end":{"line":82,"column":7}},"20":{"start":{"line":80,"column":8},"end":{"line":80,"column":43}},"21":{"start":{"line":81,"column":8},"end":{"line":81,"column":44}},"22":{"start":{"line":84,"column":24},"end":{"line":87,"column":39}},"23":{"start":{"line":89,"column":6},"end":{"line":92,"column":7}},"24":{"start":{"line":90,"column":8},"end":{"line":90,"column":94}},"25":{"start":{"line":91,"column":8},"end":{"line":91,"column":54}},"26":{"start":{"line":94,"column":6},"end":{"line":96,"column":9}},"27":{"start":{"line":97,"column":6},"end":{"line":97,"column":29}},"28":{"start":{"line":99,"column":6},"end":{"line":99,"column":113}},"29":{"start":{"line":100,"column":6},"end":{"line":100,"column":50}},"30":{"start":{"line":109,"column":4},"end":{"line":122,"column":5}},"31":{"start":{"line":110,"column":6},"end":{"line":112,"column":9}},"32":{"start":{"line":114,"column":6},"end":{"line":116,"column":9}},"33":{"start":{"line":118,"column":6},"end":{"line":118,"column":62}},"34":{"start":{"line":121,"column":6},"end":{"line":121,"column":109}}},"fnMap":{"0":{"name":"(anonymous_0)","decl":{"start":{"line":18,"column":2},"end":{"line":18,"column":3}},"loc":{"start":{"line":18,"column":82},"end":{"line":57,"column":3}},"line":18},"1":{"name":"(anonymous_1)","decl":{"start":{"line":63,"column":2},"end":{"line":63,"column":3}},"loc":{"start":{"line":67,"column":50},"end":{"line":102,"column":3}},"line":67},"2":{"name":"(anonymous_2)","decl":{"start":{"line":108,"column":2},"end":{"line":108,"column":3}},"loc":{"start":{"line":108,"column":62},"end":{"line":123,"column":3}},"line":108}},"branchMap":{"0":{"loc":{"start":{"line":40,"column":6},"end":{"line":43,"column":7}},"type":"if","locations":[{"start":{"line":40,"column":6},"end":{"line":43,"column":7}},{"start":{},"end":{}}],"line":40},"1":{"loc":{"start":{"line":50,"column":18},"end":{"line":50,"column":48}},"type":"binary-expr","locations":[{"start":{"line":50,"column":18},"end":{"line":50,"column":33}},{"start":{"line":50,"column":37},"end":{"line":50,"column":48}}],"line":50},"2":{"loc":{"start":{"line":54,"column":64},"end":{"line":54,"column":115}},"type":"cond-expr","locations":[{"start":{"line":54,"column":87},"end":{"line":54,"column":90}},{"start":{"line":54,"column":93},"end":{"line":54,"column":115}}],"line":54},"3":{"loc":{"start":{"line":79,"column":6},"end":{"line":82,"column":7}},"type":"if","locations":[{"start":{"line":79,"column":6},"end":{"line":82,"column":7}},{"start":{},"end":{}}],"line":79},"4":{"loc":{"start":{"line":89,"column":6},"end":{"line":92,"column":7}},"type":"if","locations":[{"start":{"line":89,"column":6},"end":{"line":92,"column":7}},{"start":{},"end":{}}],"line":89},"5":{"loc":{"start":{"line":99,"column":60},"end":{"line":99,"column":111}},"type":"cond-expr","locations":[{"start":{"line":99,"column":83},"end":{"line":99,"column":86}},{"start":{"line":99,"column":89},"end":{"line":99,"column":111}}],"line":99}},"s":{"0":11,"1":2,"2":2,"3":2,"4":2,"5":2,"6":2,"7":2,"8":1,"9":1,"10":1,"11":1,"12":1,"13":1,"14":0,"15":0,"16":1,"17":1,"18":1,"19":1,"20":1,"21":1,"22":1,"23":1,"24":0,"25":0,"26":1,"27":1,"28":0,"29":0,"30":1,"31":1,"32":1,"33":1,"34":0},"f":{"0":2,"1":1,"2":1},"b":{"0":[1,1],"1":[1,0],"2":[0,0],"3":[1,0],"4":[0,1],"5":[0,0]},"_coverageSchema":"1a1c01bbd47fc00a2c39e90264f33305004495a9","hash":"6262b1d79340ec4bb56f46b88bdad848da023a5d"}
,"C:\\mi-inventario-app\\src\\features\\scanner\\hooks\\useScanner.ts": {"path":"C:\\mi-inventario-app\\src\\features\\scanner\\hooks\\useScanner.ts","statementMap":{"0":{"start":{"line":17,"column":26},"end":{"line":128,"column":1}},"1":{"start":{"line":21,"column":8},"end":{"line":21,"column":28}},"2":{"start":{"line":23,"column":54},"end":{"line":23,"column":78}},"3":{"start":{"line":24,"column":24},"end":{"line":24,"column":46}},"4":{"start":{"line":26,"column":4},"end":{"line":38,"column":27}},"5":{"start":{"line":28,"column":8},"end":{"line":28,"column":27}},"6":{"start":{"line":31,"column":8},"end":{"line":37,"column":9}},"7":{"start":{"line":32,"column":26},"end":{"line":35,"column":19}},"8":{"start":{"line":33,"column":16},"end":{"line":33,"column":44}},"9":{"start":{"line":34,"column":16},"end":{"line":34,"column":44}},"10":{"start":{"line":36,"column":12},"end":{"line":36,"column":45}},"11":{"start":{"line":36,"column":25},"end":{"line":36,"column":44}},"12":{"start":{"line":43,"column":31},"end":{"line":55,"column":10}},"13":{"start":{"line":44,"column":8},"end":{"line":54,"column":9}},"14":{"start":{"line":45,"column":12},"end":{"line":51,"column":13}},"15":{"start":{"line":46,"column":16},"end":{"line":46,"column":41}},"16":{"start":{"line":47,"column":16},"end":{"line":47,"column":90}},"17":{"start":{"line":49,"column":16},"end":{"line":49,"column":42}},"18":{"start":{"line":50,"column":16},"end":{"line":50,"column":88}},"19":{"start":{"line":53,"column":12},"end":{"line":53,"column":60}},"20":{"start":{"line":60,"column":35},"end":{"line":94,"column":68}},"21":{"start":{"line":61,"column":8},"end":{"line":61,"column":40}},"22":{"start":{"line":61,"column":33},"end":{"line":61,"column":40}},"23":{"start":{"line":62,"column":8},"end":{"line":62,"column":35}},"24":{"start":{"line":63,"column":8},"end":{"line":63,"column":35}},"25":{"start":{"line":65,"column":29},"end":{"line":65,"column":48}},"26":{"start":{"line":67,"column":8},"end":{"line":93,"column":9}},"27":{"start":{"line":68,"column":39},"end":{"line":68,"column":91}},"28":{"start":{"line":70,"column":12},"end":{"line":88,"column":13}},"29":{"start":{"line":71,"column":16},"end":{"line":71,"column":47}},"30":{"start":{"line":73,"column":16},"end":{"line":73,"column":56}},"31":{"start":{"line":75,"column":16},"end":{"line":75,"column":48}},"32":{"start":{"line":76,"column":16},"end":{"line":82,"column":19}},"33":{"start":{"line":84,"column":16},"end":{"line":87,"column":25}},"34":{"start":{"line":85,"column":20},"end":{"line":85,"column":48}},"35":{"start":{"line":86,"column":20},"end":{"line":86,"column":48}},"36":{"start":{"line":90,"column":12},"end":{"line":90,"column":68}},"37":{"start":{"line":91,"column":12},"end":{"line":91,"column":40}},"38":{"start":{"line":92,"column":12},"end":{"line":92,"column":40}},"39":{"start":{"line":99,"column":33},"end":{"line":119,"column":24}},"40":{"start":{"line":100,"column":20},"end":{"line":100,"column":56}},"41":{"start":{"line":102,"column":8},"end":{"line":117,"column":9}},"42":{"start":{"line":103,"column":12},"end":{"line":103,"column":40}},"43":{"start":{"line":104,"column":12},"end":{"line":109,"column":15}},"44":{"start":{"line":111,"column":12},"end":{"line":111,"column":38}},"45":{"start":{"line":112,"column":12},"end":{"line":116,"column":15}},"46":{"start":{"line":118,"column":8},"end":{"line":118,"column":19}},"47":{"start":{"line":121,"column":4},"end":{"line":127,"column":6}}},"fnMap":{"0":{"name":"(anonymous_0)","decl":{"start":{"line":17,"column":26},"end":{"line":17,"column":27}},"loc":{"start":{"line":17,"column":32},"end":{"line":128,"column":1}},"line":17},"1":{"name":"(anonymous_1)","decl":{"start":{"line":26,"column":14},"end":{"line":26,"column":15}},"loc":{"start":{"line":26,"column":20},"end":{"line":38,"column":5}},"line":26},"2":{"name":"(anonymous_2)","decl":{"start":{"line":32,"column":37},"end":{"line":32,"column":38}},"loc":{"start":{"line":32,"column":43},"end":{"line":35,"column":13}},"line":32},"3":{"name":"(anonymous_3)","decl":{"start":{"line":36,"column":19},"end":{"line":36,"column":20}},"loc":{"start":{"line":36,"column":25},"end":{"line":36,"column":44}},"line":36},"4":{"name":"(anonymous_4)","decl":{"start":{"line":43,"column":43},"end":{"line":43,"column":44}},"loc":{"start":{"line":43,"column":69},"end":{"line":55,"column":5}},"line":43},"5":{"name":"(anonymous_5)","decl":{"start":{"line":60,"column":47},"end":{"line":60,"column":48}},"loc":{"start":{"line":60,"column":85},"end":{"line":94,"column":5}},"line":60},"6":{"name":"(anonymous_6)","decl":{"start":{"line":84,"column":27},"end":{"line":84,"column":28}},"loc":{"start":{"line":84,"column":33},"end":{"line":87,"column":17}},"line":84},"7":{"name":"(anonymous_7)","decl":{"start":{"line":99,"column":45},"end":{"line":99,"column":46}},"loc":{"start":{"line":99,"column":95},"end":{"line":119,"column":5}},"line":99}},"branchMap":{"0":{"loc":{"start":{"line":31,"column":8},"end":{"line":37,"column":9}},"type":"if","locations":[{"start":{"line":31,"column":8},"end":{"line":37,"column":9}},{"start":{},"end":{}}],"line":31},"1":{"loc":{"start":{"line":45,"column":12},"end":{"line":51,"column":13}},"type":"if","locations":[{"start":{"line":45,"column":12},"end":{"line":51,"column":13}},{"start":{"line":48,"column":19},"end":{"line":51,"column":13}}],"line":45},"2":{"loc":{"start":{"line":61,"column":8},"end":{"line":61,"column":40}},"type":"if","locations":[{"start":{"line":61,"column":8},"end":{"line":61,"column":40}},{"start":{},"end":{}}],"line":61},"3":{"loc":{"start":{"line":70,"column":12},"end":{"line":88,"column":13}},"type":"if","locations":[{"start":{"line":70,"column":12},"end":{"line":88,"column":13}},{"start":{"line":74,"column":19},"end":{"line":88,"column":13}}],"line":70},"4":{"loc":{"start":{"line":102,"column":8},"end":{"line":117,"column":9}},"type":"if","locations":[{"start":{"line":102,"column":8},"end":{"line":117,"column":9}},{"start":{"line":110,"column":15},"end":{"line":117,"column":9}}],"line":102},"5":{"loc":{"start":{"line":107,"column":51},"end":{"line":107,"column":67}},"type":"binary-expr","locations":[{"start":{"line":107,"column":51},"end":{"line":107,"column":61}},{"start":{"line":107,"column":65},"end":{"line":107,"column":67}}],"line":107},"6":{"loc":{"start":{"line":115,"column":23},"end":{"line":115,"column":75}},"type":"binary-expr","locations":[{"start":{"line":115,"column":23},"end":{"line":115,"column":39}},{"start":{"line":115,"column":43},"end":{"line":115,"column":75}}],"line":115}},"s":{"0":2,"1":4,"2":4,"3":4,"4":4,"5":2,"6":2,"7":2,"8":0,"9":0,"10":2,"11":2,"12":4,"13":2,"14":2,"15":1,"16":1,"17":1,"18":1,"19":0,"20":4,"21":2,"22":0,"23":2,"24":2,"25":2,"26":2,"27":2,"28":2,"29":1,"30":1,"31":1,"32":1,"33":1,"34":0,"35":0,"36":0,"37":0,"38":0,"39":4,"40":0,"41":0,"42":0,"43":0,"44":0,"45":0,"46":0,"47":4},"f":{"0":4,"1":2,"2":0,"3":2,"4":2,"5":2,"6":0,"7":0},"b":{"0":[2,0],"1":[1,1],"2":[0,2],"3":[1,1],"4":[0,0],"5":[0,0],"6":[0,0]},"_coverageSchema":"1a1c01bbd47fc00a2c39e90264f33305004495a9","hash":"702c14a5c46fa7800db256215158957a9fb49b6e"}
,"C:\\mi-inventario-app\\src\\features\\scanner\\repository\\scannerRepository.ts": {"path":"C:\\mi-inventario-app\\src\\features\\scanner\\repository\\scannerRepository.ts","statementMap":{"0":{"start":{"line":10,"column":33},"end":{"line":17,"column":1}},"1":{"start":{"line":15,"column":8},"end":{"line":15,"column":72}}},"fnMap":{"0":{"name":"(anonymous_0)","decl":{"start":{"line":14,"column":4},"end":{"line":14,"column":5}},"loc":{"start":{"line":14,"column":73},"end":{"line":16,"column":5}},"line":14}},"branchMap":{},"s":{"0":4,"1":1},"f":{"0":1},"b":{},"_coverageSchema":"1a1c01bbd47fc00a2c39e90264f33305004495a9","hash":"5e404880fc3ca8aee57bc5e839916fa9ebfcb363"}
,"C:\\mi-inventario-app\\src\\features\\scanner\\screens\\ScannerScreen.tsx": {"path":"C:\\mi-inventario-app\\src\\features\\scanner\\screens\\ScannerScreen.tsx","statementMap":{"0":{"start":{"line":17,"column":29},"end":{"line":82,"column":1}},"1":{"start":{"line":18,"column":31},"end":{"line":18,"column":41}},"2":{"start":{"line":19,"column":23},"end":{"line":19,"column":54}},"3":{"start":{"line":26,"column":8},"end":{"line":26,"column":20}},"4":{"start":{"line":28,"column":4},"end":{"line":81,"column":6}},"5":{"start":{"line":68,"column":35},"end":{"line":68,"column":54}},"6":{"start":{"line":76,"column":20},"end":{"line":76,"column":63}},"7":{"start":{"line":78,"column":34},"end":{"line":78,"column":59}},"8":{"start":{"line":85,"column":21},"end":{"line":85,"column":23}},"9":{"start":{"line":86,"column":23},"end":{"line":86,"column":24}},"10":{"start":{"line":88,"column":15},"end":{"line":103,"column":2}}},"fnMap":{"0":{"name":"(anonymous_0)","decl":{"start":{"line":17,"column":29},"end":{"line":17,"column":30}},"loc":{"start":{"line":17,"column":35},"end":{"line":82,"column":1}},"line":17},"1":{"name":"(anonymous_1)","decl":{"start":{"line":68,"column":29},"end":{"line":68,"column":30}},"loc":{"start":{"line":68,"column":35},"end":{"line":68,"column":54}},"line":68},"2":{"name":"(anonymous_2)","decl":{"start":{"line":75,"column":27},"end":{"line":75,"column":28}},"loc":{"start":{"line":75,"column":53},"end":{"line":77,"column":17}},"line":75},"3":{"name":"(anonymous_3)","decl":{"start":{"line":78,"column":28},"end":{"line":78,"column":29}},"loc":{"start":{"line":78,"column":34},"end":{"line":78,"column":59}},"line":78}},"branchMap":{"0":{"loc":{"start":{"line":39,"column":58},"end":{"line":39,"column":104}},"type":"cond-expr","locations":[{"start":{"line":39,"column":67},"end":{"line":39,"column":84}},{"start":{"line":39,"column":87},"end":{"line":39,"column":104}}],"line":39}},"s":{"0":1,"1":2,"2":2,"3":2,"4":2,"5":1,"6":0,"7":0,"8":1,"9":1,"10":1},"f":{"0":2,"1":1,"2":0,"3":0},"b":{"0":[0,2]},"_coverageSchema":"1a1c01bbd47fc00a2c39e90264f33305004495a9","hash":"20ce82c0fd7b08e44c91c07a22998e089a0e26aa"}
}
