TN:
SF:src\core\constants\mensajes.ts
FN:6,(anonymous_0)
FN:12,(anonymous_1)
FN:22,(anonymous_2)
FN:25,(anonymous_3)
FN:26,(anonymous_4)
FN:47,(anonymous_5)
FNF:6
FNH:2
FNDA:0,(anonymous_0)
FNDA:1,(anonymous_1)
FNDA:0,(anonymous_2)
FNDA:1,(anonymous_3)
FNDA:0,(anonymous_4)
FNDA:0,(anonymous_5)
DA:3,9
DA:6,0
DA:12,1
DA:23,0
DA:25,1
DA:26,0
DA:47,0
LF:7
LH:3
BRDA:23,0,0,0
BRDA:23,0,1,0
BRDA:25,1,0,1
BRDA:25,1,1,0
BRF:4
BRH:1
end_of_record
TN:
SF:src\core\database\schema.ts
FNF:0
FNH:0
DA:3,29
LF:1
LH:1
BRF:0
BRH:0
end_of_record
TN:
SF:src\core\database\supabase.ts
FN:4,validateSupabaseConfig
FNF:1
FNH:1
FNDA:21,validateSupabaseConfig
DA:5,21
DA:6,21
DA:8,21
DA:9,0
DA:11,21
DA:12,0
DA:15,21
DA:18,21
DA:20,21
LF:9
LH:7
BRDA:8,0,0,0
BRDA:8,0,1,21
BRDA:11,1,0,0
BRDA:11,1,1,21
BRF:4
BRH:2
end_of_record
TN:
SF:src\core\database\models\Envio.ts
FN:43,(anonymous_0)
FN:54,(anonymous_1)
FNF:2
FNH:1
FNDA:1,(anonymous_0)
FNDA:0,(anonymous_1)
DA:7,29
DA:44,1
DA:45,1
DA:46,1
DA:47,1
DA:48,0
DA:55,0
DA:56,0
DA:57,0
DA:58,0
DA:59,0
LF:11
LH:5
BRDA:45,0,0,0
BRDA:45,0,1,1
BRDA:46,1,0,0
BRDA:46,1,1,1
BRDA:47,2,0,1
BRDA:47,2,1,0
BRDA:55,3,0,0
BRDA:55,3,1,0
BRDA:56,4,0,0
BRDA:56,4,1,0
BRDA:56,5,0,0
BRDA:56,5,1,0
BRDA:56,5,2,0
BRDA:57,6,0,0
BRDA:57,6,1,0
BRDA:57,7,0,0
BRDA:57,7,1,0
BRDA:57,7,2,0
BRDA:58,8,0,0
BRDA:58,8,1,0
BRF:20
BRH:3
end_of_record
TN:
SF:src\core\database\models\Log.ts
FNF:0
FNH:0
DA:6,29
LF:1
LH:1
BRF:0
BRH:0
end_of_record
TN:
SF:src\core\database\models\LogisticaHistorial.ts
FNF:0
FNH:0
DA:5,29
LF:1
LH:1
BRF:0
BRH:0
end_of_record
TN:
SF:src\core\database\models\Movimiento.ts
FNF:0
FNH:0
DA:5,29
LF:1
LH:1
BRF:0
BRH:0
end_of_record
TN:
SF:src\core\database\models\OutboxJob.ts
FNF:0
FNH:0
DA:5,29
LF:1
LH:1
BRF:0
BRH:0
end_of_record
TN:
SF:src\core\database\models\Producto.ts
FNF:0
FNH:0
DA:5,29
LF:1
LH:1
BRF:0
BRH:0
end_of_record
TN:
SF:src\core\database\models\SyncHistory.ts
FNF:0
FNH:0
DA:6,29
LF:1
LH:1
BRF:0
BRH:0
end_of_record
TN:
SF:src\core\database\models\Usuario.ts
FNF:0
FNH:0
DA:5,29
LF:1
LH:1
BRF:0
BRH:0
end_of_record
TN:
SF:src\core\hooks\usePermissions.ts
FN:20,(anonymous_0)
FN:23,(anonymous_1)
FN:29,(anonymous_2)
FN:37,(anonymous_3)
FNF:4
FNH:2
FNDA:19,(anonymous_0)
FNDA:3,(anonymous_1)
FNDA:0,(anonymous_2)
FNDA:0,(anonymous_3)
DA:12,3
DA:20,3
DA:21,19
DA:23,19
DA:24,3
DA:25,0
DA:26,0
DA:29,19
DA:30,0
DA:31,0
DA:32,0
DA:34,0
DA:37,19
DA:38,0
DA:39,0
DA:40,0
DA:41,0
DA:42,0
DA:43,0
DA:44,0
DA:48,19
LF:21
LH:8
BRDA:24,0,0,3
BRDA:24,0,1,0
BRDA:25,1,0,0
BRDA:25,1,1,0
BRDA:30,2,0,0
BRDA:30,2,1,0
BRDA:31,3,0,0
BRDA:31,3,1,0
BRDA:38,4,0,0
BRDA:38,4,1,0
BRDA:38,4,2,0
BRDA:38,4,3,0
BRDA:38,4,4,0
BRDA:38,4,5,0
BRDA:41,5,0,0
BRDA:41,5,1,0
BRF:16
BRH:1
end_of_record
TN:
SF:src\core\navigation\AppNavigator.tsx
FN:19,(anonymous_0)
FN:23,(anonymous_1)
FN:28,(anonymous_2)
FN:40,(anonymous_3)
FNF:4
FNH:0
FNDA:0,(anonymous_0)
FNDA:0,(anonymous_1)
FNDA:0,(anonymous_2)
FNDA:0,(anonymous_3)
DA:17,0
DA:19,0
DA:20,0
DA:21,0
DA:23,0
DA:25,0
DA:28,0
DA:29,0
DA:30,0
DA:31,0
DA:32,0
DA:33,0
DA:34,0
DA:35,0
DA:40,0
DA:43,0
DA:44,0
DA:51,0
LF:18
LH:0
BRDA:30,0,0,0
BRDA:30,0,1,0
BRDA:30,1,0,0
BRDA:30,1,1,0
BRDA:32,2,0,0
BRDA:32,2,1,0
BRDA:34,3,0,0
BRDA:34,3,1,0
BRDA:43,4,0,0
BRDA:43,4,1,0
BRDA:56,5,0,0
BRDA:56,5,1,0
BRDA:56,6,0,0
BRDA:56,6,1,0
BRDA:60,7,0,0
BRDA:60,7,1,0
BRDA:60,7,2,0
BRDA:60,7,3,0
BRDA:60,7,4,0
BRDA:64,8,0,0
BRDA:64,8,1,0
BRDA:64,8,2,0
BRDA:64,8,3,0
BRDA:64,8,4,0
BRDA:68,9,0,0
BRDA:68,9,1,0
BRDA:68,9,2,0
BRDA:68,9,3,0
BRDA:68,9,4,0
BRDA:72,10,0,0
BRDA:72,10,1,0
BRDA:72,10,2,0
BRDA:76,11,0,0
BRDA:76,11,1,0
BRDA:76,11,2,0
BRDA:76,11,3,0
BRDA:76,11,4,0
BRDA:84,12,0,0
BRDA:84,12,1,0
BRDA:84,12,2,0
BRDA:84,12,3,0
BRDA:84,12,4,0
BRF:42
BRH:0
end_of_record
TN:
SF:src\core\repository\AuthRepository.ts
FN:6,(anonymous_0)
FN:7,(anonymous_1)
FN:13,(anonymous_2)
FN:16,(anonymous_3)
FN:26,(anonymous_4)
FN:48,(anonymous_5)
FN:49,(anonymous_6)
FN:52,(anonymous_7)
FNF:8
FNH:0
FNDA:0,(anonymous_0)
FNDA:0,(anonymous_1)
FNDA:0,(anonymous_2)
FNDA:0,(anonymous_3)
FNDA:0,(anonymous_4)
FNDA:0,(anonymous_5)
FNDA:0,(anonymous_6)
FNDA:0,(anonymous_7)
DA:5,11
DA:7,0
DA:8,0
DA:9,0
DA:12,0
DA:13,0
DA:16,0
DA:17,0
DA:18,0
DA:19,0
DA:20,0
DA:21,0
DA:27,0
DA:28,0
DA:29,0
DA:30,0
DA:32,0
DA:33,0
DA:43,0
DA:44,0
DA:49,0
DA:50,0
DA:51,0
DA:52,0
LF:24
LH:1
BRDA:12,0,0,0
BRDA:12,0,1,0
BRDA:30,1,0,0
BRDA:30,1,1,0
BRF:4
BRH:0
end_of_record
TN:
SF:src\core\services\AuthService.ts
FN:5,(anonymous_0)
FN:35,(anonymous_1)
FN:55,(anonymous_2)
FN:60,(anonymous_3)
FNF:4
FNH:2
FNDA:2,(anonymous_0)
FNDA:3,(anonymous_1)
FNDA:0,(anonymous_2)
FNDA:0,(anonymous_3)
DA:4,12
DA:6,2
DA:7,2
DA:13,2
DA:14,1
DA:15,1
DA:18,1
DA:30,0
DA:31,0
DA:36,3
DA:37,3
DA:42,3
DA:43,2
DA:45,2
DA:46,2
DA:48,1
DA:50,0
DA:51,0
DA:56,0
DA:57,0
DA:61,0
DA:62,0
LF:22
LH:14
BRDA:13,0,0,1
BRDA:13,0,1,1
BRDA:42,1,0,1
BRDA:42,1,1,2
BRDA:43,2,0,0
BRDA:43,2,1,2
BRDA:46,3,0,1
BRDA:46,3,1,1
BRDA:57,4,0,0
BRDA:57,4,1,0
BRF:10
BRH:7
end_of_record
TN:
SF:src\core\services\ErrorService.ts
FN:17,(anonymous_0)
FN:47,(anonymous_1)
FN:67,(anonymous_2)
FN:78,(anonymous_3)
FN:87,(anonymous_4)
FNF:5
FNH:3
FNDA:2,(anonymous_0)
FNDA:2,(anonymous_1)
FNDA:0,(anonymous_2)
FNDA:0,(anonymous_3)
FNDA:2,(anonymous_4)
DA:18,2
DA:20,2
DA:27,2
DA:29,2
DA:30,1
DA:37,2
DA:48,2
DA:49,2
DA:50,1
DA:52,1
DA:53,0
DA:55,1
DA:56,0
DA:58,1
DA:59,0
DA:61,1
DA:72,0
DA:73,0
DA:74,0
DA:76,0
DA:78,0
DA:81,0
DA:88,2
DA:89,2
LF:24
LH:15
BRDA:17,0,0,1
BRDA:18,1,0,2
BRDA:18,1,1,0
BRDA:29,2,0,1
BRDA:29,2,1,1
BRDA:49,3,0,1
BRDA:49,3,1,1
BRDA:49,4,0,2
BRDA:49,4,1,1
BRDA:52,5,0,0
BRDA:52,5,1,1
BRDA:55,6,0,0
BRDA:55,6,1,1
BRDA:55,7,0,1
BRDA:55,7,1,1
BRDA:58,8,0,0
BRDA:58,8,1,1
BRDA:58,9,0,1
BRDA:58,9,1,1
BRDA:58,9,2,1
BRDA:69,10,0,0
BRDA:70,11,0,0
BRDA:76,12,0,0
BRDA:76,12,1,0
BRDA:90,13,0,2
BRDA:90,13,1,1
BRDA:90,13,2,1
BRDA:90,13,3,1
BRF:28
BRH:20
end_of_record
TN:
SF:src\core\services\LoggerService.ts
FN:19,(anonymous_0)
FN:26,(anonymous_1)
FN:32,(anonymous_2)
FN:36,(anonymous_3)
FN:40,(anonymous_4)
FN:48,(anonymous_5)
FN:66,(anonymous_6)
FN:68,(anonymous_7)
FNF:8
FNH:7
FNDA:40,(anonymous_0)
FNDA:0,(anonymous_1)
FNDA:22,(anonymous_2)
FNDA:16,(anonymous_3)
FNDA:2,(anonymous_4)
FNDA:40,(anonymous_5)
FNDA:39,(anonymous_6)
FNDA:34,(anonymous_7)
DA:20,40
DA:21,7
DA:23,40
DA:27,0
DA:28,0
DA:33,22
DA:37,16
DA:41,2
DA:53,40
DA:56,40
DA:57,2
DA:58,38
DA:59,16
DA:61,22
DA:65,40
DA:66,40
DA:67,39
DA:68,39
DA:69,34
DA:70,34
DA:71,34
DA:72,34
LF:22
LH:20
BRDA:20,0,0,7
BRDA:20,0,1,33
BRDA:27,1,0,0
BRDA:27,1,1,0
BRDA:56,2,0,2
BRDA:56,2,1,38
BRDA:58,3,0,16
BRDA:58,3,1,22
BRDA:71,4,0,34
BRDA:71,4,1,27
BRF:10
BRH:8
end_of_record
TN:
SF:src\core\services\queue\PersistentQueue.ts
FN:8,(anonymous_0)
FN:12,(anonymous_1)
FN:13,(anonymous_2)
FN:14,(anonymous_3)
FN:23,(anonymous_4)
FN:42,(anonymous_5)
FN:43,(anonymous_6)
FN:51,(anonymous_7)
FN:53,(anonymous_8)
FN:54,(anonymous_9)
FN:63,(anonymous_10)
FN:65,(anonymous_11)
FN:66,(anonymous_12)
FN:72,(anonymous_13)
FN:74,(anonymous_14)
FN:75,(anonymous_15)
FN:81,(anonymous_16)
FN:87,(anonymous_17)
FN:96,(anonymous_18)
FNF:19
FNH:13
FNDA:4,(anonymous_0)
FNDA:1,(anonymous_1)
FNDA:1,(anonymous_2)
FNDA:1,(anonymous_3)
FNDA:1,(anonymous_4)
FNDA:1,(anonymous_5)
FNDA:1,(anonymous_6)
FNDA:1,(anonymous_7)
FNDA:1,(anonymous_8)
FNDA:1,(anonymous_9)
FNDA:0,(anonymous_10)
FNDA:0,(anonymous_11)
FNDA:0,(anonymous_12)
FNDA:1,(anonymous_13)
FNDA:1,(anonymous_14)
FNDA:1,(anonymous_15)
FNDA:0,(anonymous_16)
FNDA:0,(anonymous_17)
FNDA:0,(anonymous_18)
DA:9,4
DA:13,1
DA:14,1
DA:15,1
DA:16,1
DA:17,1
DA:18,1
DA:24,1
DA:25,1
DA:39,1
DA:41,1
DA:42,1
DA:43,1
DA:44,1
DA:48,1
DA:52,1
DA:53,1
DA:54,1
DA:55,1
DA:56,1
DA:57,1
DA:58,1
DA:64,0
DA:65,0
DA:66,0
DA:67,0
DA:73,1
DA:74,1
DA:75,1
DA:76,1
DA:82,0
DA:83,0
DA:87,0
DA:88,0
DA:89,0
DA:93,0
DA:97,0
DA:98,0
DA:99,0
DA:100,0
DA:102,0
LF:41
LH:26
BRDA:39,0,0,0
BRDA:39,0,1,1
BRDA:81,1,0,0
BRF:3
BRH:1
end_of_record
TN:
SF:src\core\services\queue\QueueProcessor.ts
FN:15,(anonymous_0)
FN:19,(anonymous_1)
FN:26,(anonymous_2)
FN:35,(anonymous_3)
FN:45,(anonymous_4)
FN:49,(anonymous_5)
FN:79,(anonymous_6)
FN:90,(anonymous_7)
FNF:8
FNH:6
FNDA:12,(anonymous_0)
FNDA:1,(anonymous_1)
FNDA:4,(anonymous_2)
FNDA:1,(anonymous_3)
FNDA:0,(anonymous_4)
FNDA:3,(anonymous_5)
FNDA:1,(anonymous_6)
FNDA:0,(anonymous_7)
DA:9,12
DA:10,12
DA:11,12
DA:12,12
DA:16,12
DA:20,1
DA:21,1
DA:22,1
DA:23,1
DA:27,4
DA:28,4
DA:29,0
DA:30,0
DA:32,4
DA:36,1
DA:38,1
DA:39,1
DA:41,0
DA:44,1
DA:45,0
DA:50,3
DA:51,3
DA:53,2
DA:55,2
DA:56,2
DA:57,2
DA:59,2
DA:60,0
DA:63,2
DA:65,1
DA:66,1
DA:67,1
DA:70,0
DA:73,1
DA:74,1
DA:75,1
DA:80,1
DA:81,1
DA:82,1
DA:83,1
DA:85,0
DA:86,0
DA:91,0
DA:96,9
LF:44
LH:35
BRDA:15,0,0,9
BRDA:16,1,0,12
BRDA:16,1,1,9
BRDA:20,2,0,0
BRDA:20,2,1,1
BRDA:28,3,0,0
BRDA:28,3,1,4
BRDA:36,4,0,0
BRDA:36,4,1,1
BRDA:44,5,0,0
BRDA:44,5,1,1
BRDA:51,6,0,1
BRDA:51,6,1,2
BRDA:59,7,0,0
BRDA:59,7,1,2
BRDA:65,8,0,1
BRDA:65,8,1,0
BRDA:73,9,0,1
BRDA:73,9,1,0
BRDA:75,10,0,1
BRDA:75,10,1,0
BRDA:80,11,0,1
BRDA:80,11,1,0
BRF:23
BRH:14
end_of_record
TN:
SF:src\core\services\queue\QueueRetryStrategy.ts
FN:8,(anonymous_0)
FN:12,(anonymous_1)
FN:22,(anonymous_2)
FN:27,(anonymous_3)
FN:36,(anonymous_4)
FNF:5
FNH:3
FNDA:3,(anonymous_0)
FNDA:5,(anonymous_1)
FNDA:2,(anonymous_2)
FNDA:0,(anonymous_3)
FNDA:0,(anonymous_4)
DA:5,15
DA:6,15
DA:9,3
DA:14,5
DA:17,5
DA:19,5
DA:23,2
DA:24,2
DA:28,0
DA:29,0
DA:31,0
DA:32,0
DA:35,0
DA:36,0
DA:38,0
LF:15
LH:8
BRDA:27,0,0,0
BRDA:31,1,0,0
BRDA:31,1,1,0
BRF:3
BRH:0
end_of_record
TN:
SF:src\core\services\queue\jobHandlers.ts
FN:8,(anonymous_0)
FN:11,(anonymous_1)
FN:35,(anonymous_2)
FN:85,(anonymous_3)
FN:110,(anonymous_4)
FNF:5
FNH:0
FNDA:0,(anonymous_0)
FNDA:0,(anonymous_1)
FNDA:0,(anonymous_2)
FNDA:0,(anonymous_3)
FNDA:0,(anonymous_4)
DA:8,9
DA:10,9
DA:12,0
DA:21,0
DA:22,0
DA:25,0
DA:26,0
DA:27,0
DA:28,0
DA:30,0
DA:31,0
DA:36,0
DA:37,0
DA:38,0
DA:39,0
DA:42,0
DA:45,0
DA:47,0
DA:54,0
DA:55,0
DA:58,0
DA:62,0
DA:71,0
DA:73,0
DA:76,0
DA:77,0
DA:79,0
DA:82,0
DA:86,0
DA:90,0
DA:92,0
DA:93,0
DA:94,0
DA:98,0
DA:99,0
DA:105,0
DA:106,0
DA:110,0
DA:111,0
LF:39
LH:2
BRDA:8,0,0,0
BRDA:8,0,1,0
BRDA:21,1,0,0
BRDA:21,1,1,0
BRDA:37,2,0,0
BRDA:37,2,1,0
BRDA:54,3,0,0
BRDA:54,3,1,0
BRDA:71,4,0,0
BRDA:71,4,1,0
BRDA:90,5,0,0
BRDA:90,5,1,0
BRDA:94,6,0,0
BRDA:94,6,1,0
BRDA:105,7,0,0
BRDA:105,7,1,0
BRF:16
BRH:0
end_of_record
TN:
SF:src\core\services\queue\types.ts
FNF:0
FNH:0
LF:0
LH:0
BRF:0
BRH:0
end_of_record
TN:
SF:src\core\store\useAuthStore.ts
FN:12,(anonymous_0)
FN:18,(anonymous_1)
FN:37,(anonymous_2)
FN:49,(anonymous_3)
FNF:4
FNH:4
FNDA:11,(anonymous_0)
FNDA:1,(anonymous_1)
FNDA:3,(anonymous_2)
FNDA:2,(anonymous_3)
DA:12,11
DA:19,1
DA:20,1
DA:22,1
DA:23,0
DA:24,0
DA:27,1
DA:28,1
DA:29,1
DA:30,1
DA:33,0
DA:34,0
DA:38,3
DA:39,3
DA:40,3
DA:41,3
DA:42,3
DA:44,0
DA:45,0
DA:50,2
DA:51,2
DA:53,2
DA:55,2
DA:56,1
DA:57,1
DA:58,1
DA:62,1
DA:64,1
DA:65,1
DA:66,1
DA:70,0
DA:72,0
DA:73,0
DA:74,0
DA:77,0
DA:78,0
DA:79,0
DA:82,0
DA:83,0
LF:39
LH:24
BRDA:22,0,0,0
BRDA:22,0,1,1
BRDA:27,1,0,1
BRDA:27,1,1,0
BRDA:55,2,0,1
BRDA:55,2,1,1
BRDA:64,3,0,1
BRDA:64,3,1,0
BRDA:64,4,0,1
BRDA:64,4,1,1
BRDA:72,5,0,0
BRDA:72,5,1,0
BRF:12
BRH:7
end_of_record
TN:
SF:src\core\ui\BottomBar.tsx
FN:18,(anonymous_0)
FN:22,(anonymous_1)
FN:28,(anonymous_2)
FN:45,(anonymous_3)
FN:63,(anonymous_4)
FN:81,(anonymous_5)
FN:99,(anonymous_6)
FN:117,(anonymous_7)
FNF:8
FNH:0
FNDA:0,(anonymous_0)
FNDA:0,(anonymous_1)
FNDA:0,(anonymous_2)
FNDA:0,(anonymous_3)
FNDA:0,(anonymous_4)
FNDA:0,(anonymous_5)
FNDA:0,(anonymous_6)
FNDA:0,(anonymous_7)
DA:18,0
DA:19,0
DA:20,0
DA:22,0
DA:23,0
DA:24,0
DA:27,0
DA:28,0
DA:29,0
DA:31,0
DA:45,0
DA:63,0
DA:81,0
DA:99,0
DA:117,0
DA:136,0
LF:16
LH:0
BRDA:29,0,0,0
BRDA:29,0,1,0
BRDA:37,1,0,0
BRDA:37,1,1,0
BRDA:42,2,0,0
BRDA:42,2,1,0
BRDA:49,3,0,0
BRDA:49,3,1,0
BRDA:60,4,0,0
BRDA:60,4,1,0
BRDA:67,5,0,0
BRDA:67,5,1,0
BRDA:78,6,0,0
BRDA:78,6,1,0
BRDA:85,7,0,0
BRDA:85,7,1,0
BRDA:96,8,0,0
BRDA:96,8,1,0
BRDA:103,9,0,0
BRDA:103,9,1,0
BRDA:114,10,0,0
BRDA:114,10,1,0
BRDA:121,11,0,0
BRDA:121,11,1,0
BRF:24
BRH:0
end_of_record
TN:
SF:src\core\ui\ErrorBoundary.tsx
FN:27,(anonymous_0)
FN:31,(anonymous_1)
FN:39,(anonymous_2)
FN:43,(anonymous_3)
FN:61,(anonymous_4)
FNF:5
FNH:0
FNDA:0,(anonymous_0)
FNDA:0,(anonymous_1)
FNDA:0,(anonymous_2)
FNDA:0,(anonymous_3)
FNDA:0,(anonymous_4)
DA:22,0
DA:28,0
DA:32,0
DA:39,0
DA:40,0
DA:44,0
DA:45,0
DA:46,0
DA:49,0
DA:57,0
DA:61,0
DA:62,0
DA:64,0
DA:66,0
DA:95,0
LF:15
LH:0
BRDA:44,0,0,0
BRDA:44,0,1,0
BRDA:45,1,0,0
BRDA:45,1,1,0
BRDA:64,2,0,0
BRDA:64,2,1,0
BRDA:76,3,0,0
BRDA:76,3,1,0
BRDA:76,3,2,0
BRF:9
BRH:0
end_of_record
TN:
SF:src\core\ui\SkeletonCard.tsx
FN:7,(anonymous_0)
FNF:1
FNH:0
FNDA:0,(anonymous_0)
DA:7,3
DA:8,0
DA:10,0
DA:35,3
LF:4
LH:2
BRF:0
BRH:0
end_of_record
TN:
SF:src\core\ui\ThemeContext.tsx
FN:18,(anonymous_0)
FN:20,(anonymous_1)
FN:24,(anonymous_2)
FN:26,(anonymous_3)
FN:36,(anonymous_4)
FN:38,(anonymous_5)
FN:46,(anonymous_6)
FNF:7
FNH:0
FNDA:0,(anonymous_0)
FNDA:0,(anonymous_1)
FNDA:0,(anonymous_2)
FNDA:0,(anonymous_3)
FNDA:0,(anonymous_4)
FNDA:0,(anonymous_5)
FNDA:0,(anonymous_6)
DA:16,0
DA:18,0
DA:20,0
DA:21,0
DA:22,0
DA:24,0
DA:26,0
DA:27,0
DA:28,0
DA:29,0
DA:30,0
DA:36,0
DA:37,0
DA:38,0
DA:39,0
DA:40,0
DA:46,0
DA:47,0
DA:48,0
DA:49,0
DA:52,0
DA:53,0
DA:55,0
LF:23
LH:0
BRDA:27,0,0,0
BRDA:27,0,1,0
BRDA:27,1,0,0
BRDA:27,1,1,0
BRDA:29,2,0,0
BRDA:29,2,1,0
BRDA:37,3,0,0
BRDA:37,3,1,0
BRDA:39,4,0,0
BRDA:39,4,1,0
BRDA:47,5,0,0
BRDA:47,5,1,0
BRF:12
BRH:0
end_of_record
TN:
SF:src\core\ui\colores.ts
FNF:0
FNH:0
DA:5,1
LF:1
LH:1
BRF:0
BRH:0
end_of_record
TN:
SF:src\core\ui\shadows.ts
FNF:0
FNH:0
DA:6,6
LF:1
LH:1
BRF:0
BRH:0
end_of_record
TN:
SF:src\core\ui\tokens.ts
FNF:0
FNH:0
DA:7,11
LF:1
LH:1
BRF:0
BRH:0
end_of_record
TN:
SF:src\core\ui\components\AnimatedPressable.tsx
FN:23,(anonymous_0)
FN:41,(anonymous_1)
FN:46,(anonymous_2)
FN:55,(anonymous_3)
FN:61,(anonymous_4)
FN:64,(anonymous_5)
FNF:6
FNH:2
FNDA:121,(anonymous_0)
FNDA:121,(anonymous_1)
FNDA:0,(anonymous_2)
FNDA:0,(anonymous_3)
FNDA:0,(anonymous_4)
FNDA:0,(anonymous_5)
DA:23,6
DA:38,121
DA:39,121
DA:41,121
DA:46,121
DA:47,0
DA:48,0
DA:52,121
DA:56,0
DA:57,0
DA:58,0
DA:59,0
DA:62,0
DA:65,0
DA:66,0
DA:67,0
DA:70,121
LF:17
LH:7
BRDA:26,0,0,73
BRDA:27,1,0,73
BRDA:47,2,0,0
BRDA:47,2,1,0
BRDA:47,3,0,0
BRDA:47,3,1,0
BRDA:58,4,0,0
BRDA:58,4,1,0
BRDA:62,5,0,0
BRDA:62,5,1,0
BRDA:62,6,0,0
BRDA:62,6,1,0
BRDA:67,7,0,0
BRDA:67,7,1,0
BRDA:77,8,0,121
BRDA:77,8,1,48
BRF:16
BRH:4
end_of_record
TN:
SF:src\core\ui\components\Badge.tsx
FN:15,(anonymous_0)
FN:23,(anonymous_1)
FNF:2
FNH:2
FNDA:29,(anonymous_0)
FNDA:29,(anonymous_1)
DA:15,7
DA:21,29
DA:23,29
DA:24,29
DA:26,3
DA:28,1
DA:30,4
DA:32,17
DA:34,0
DA:37,4
DA:41,29
DA:43,29
DA:57,7
LF:13
LH:12
BRDA:17,0,0,2
BRDA:24,1,0,3
BRDA:24,1,1,1
BRDA:24,1,2,4
BRDA:24,1,3,17
BRDA:24,1,4,0
BRDA:24,1,5,4
BRDA:24,1,6,4
BRF:8
BRH:7
end_of_record
TN:
SF:src\core\ui\components\Button.tsx
FN:30,(anonymous_0)
FN:45,(anonymous_1)
FN:50,(anonymous_2)
FN:77,(anonymous_3)
FNF:4
FNH:4
FNDA:54,(anonymous_0)
FNDA:8,(anonymous_1)
FNDA:54,(anonymous_2)
FNDA:52,(anonymous_3)
DA:30,7
DA:43,54
DA:45,54
DA:46,8
DA:47,8
DA:50,54
DA:51,54
DA:60,54
DA:62,31
DA:67,22
DA:69,1
DA:71,0
DA:73,0
DA:77,54
DA:78,52
DA:83,52
DA:85,29
DA:90,22
DA:92,1
DA:94,0
DA:96,0
DA:100,54
LF:22
LH:18
BRDA:33,0,0,4
BRDA:34,1,0,35
BRDA:35,2,0,41
BRDA:36,3,0,48
BRDA:46,4,0,0
BRDA:46,4,1,8
BRDA:46,5,0,8
BRDA:46,5,1,8
BRDA:56,6,0,35
BRDA:56,6,1,19
BRDA:57,7,0,35
BRDA:57,7,1,19
BRDA:60,8,0,31
BRDA:60,8,1,22
BRDA:60,8,2,1
BRDA:60,8,3,0
BRDA:60,8,4,0
BRDA:64,9,0,6
BRDA:64,9,1,25
BRDA:79,10,0,33
BRDA:79,10,1,19
BRDA:83,11,0,29
BRDA:83,11,1,22
BRDA:83,11,2,1
BRDA:83,11,3,0
BRDA:83,11,4,0
BRDA:87,12,0,6
BRDA:87,12,1,23
BRDA:104,13,0,54
BRDA:104,13,1,48
BRDA:107,14,0,31
BRDA:107,14,1,23
BRDA:108,15,0,54
BRDA:108,15,1,39
BRDA:112,16,0,2
BRDA:112,16,1,52
BRDA:113,17,0,2
BRDA:113,17,1,0
BRDA:116,18,0,52
BRDA:116,18,1,35
BRF:40
BRH:34
end_of_record
TN:
SF:src\core\ui\components\HeaderPremium.tsx
FN:18,(anonymous_0)
FN:28,(anonymous_1)
FN:37,(anonymous_2)
FNF:3
FNH:1
FNDA:14,(anonymous_0)
FNDA:0,(anonymous_1)
FNDA:0,(anonymous_2)
DA:18,6
DA:25,14
DA:26,14
DA:28,14
DA:29,0
DA:37,0
DA:43,14
DA:110,6
LF:8
LH:6
BRDA:20,0,0,4
BRDA:21,1,0,4
BRDA:59,2,0,14
BRDA:59,2,1,10
BRDA:68,3,0,0
BRDA:68,3,1,10
BRDA:80,4,0,0
BRDA:80,4,1,14
BRDA:83,5,0,0
BRDA:83,5,1,14
BRDA:98,6,0,14
BRDA:98,6,1,10
BRDA:98,6,2,3
BRF:13
BRH:10
end_of_record
TN:
SF:src\core\ui\components\Input.tsx
FN:28,(anonymous_0)
FN:63,(anonymous_1)
FN:64,(anonymous_2)
FNF:3
FNH:1
FNDA:24,(anonymous_0)
FNDA:0,(anonymous_1)
FNDA:0,(anonymous_2)
DA:28,7
DA:38,24
DA:39,24
DA:41,24
DA:63,0
DA:64,0
DA:80,7
LF:7
LH:5
BRDA:43,0,0,24
BRDA:43,0,1,11
BRDA:52,1,0,1
BRDA:52,1,1,23
BRDA:52,2,0,0
BRDA:52,2,1,23
BRDA:53,3,0,1
BRDA:53,3,1,23
BRDA:53,4,0,24
BRDA:53,4,1,24
BRDA:56,5,0,24
BRDA:56,5,1,20
BRDA:65,6,0,24
BRDA:65,6,1,24
BRDA:69,7,0,24
BRDA:69,7,1,5
BRDA:71,8,0,24
BRDA:71,8,1,1
BRF:18
BRH:17
end_of_record
TN:
SF:src\core\ui\components\Shimmer.tsx
FN:22,(anonymous_0)
FN:32,(anonymous_1)
FN:44,(anonymous_2)
FNF:3
FNH:3
FNDA:2,(anonymous_0)
FNDA:2,(anonymous_1)
FNDA:2,(anonymous_2)
DA:22,4
DA:29,2
DA:30,2
DA:32,2
DA:33,2
DA:41,2
DA:42,2
DA:44,2
DA:45,2
DA:56,2
DA:63,2
LF:11
LH:11
BRDA:25,0,0,1
BRF:1
BRH:1
end_of_record
TN:
SF:src\core\ui\components\Surface.tsx
FN:16,(anonymous_0)
FN:27,(anonymous_1)
FNF:2
FNH:2
FNDA:65,(anonymous_0)
FNDA:65,(anonymous_1)
DA:16,7
DA:25,65
DA:27,65
DA:28,65
DA:34,65
DA:36,14
DA:41,6
DA:48,45
DA:52,65
LF:9
LH:9
BRDA:17,0,0,3
BRDA:18,1,0,31
BRDA:19,2,0,61
BRDA:34,3,0,14
BRDA:34,3,1,6
BRDA:34,3,2,45
BRDA:38,4,0,0
BRDA:38,4,1,14
BRF:8
BRH:7
end_of_record
TN:
SF:src\core\ui\components\Typography.tsx
FN:15,(anonymous_0)
FN:27,(anonymous_1)
FN:38,(anonymous_2)
FNF:3
FNH:3
FNDA:263,(anonymous_0)
FNDA:263,(anonymous_1)
FNDA:263,(anonymous_2)
DA:15,7
DA:25,263
DA:27,263
DA:28,263
DA:29,6
DA:30,26
DA:31,16
DA:32,83
DA:33,59
DA:34,73
DA:38,263
DA:39,263
DA:40,185
DA:41,185
DA:42,179
DA:43,179
DA:46,263
DA:57,263
DA:65,7
LF:19
LH:19
BRDA:17,0,0,3
BRDA:20,1,0,244
BRDA:21,2,0,263
BRDA:28,3,0,6
BRDA:28,3,1,26
BRDA:28,3,2,16
BRDA:28,3,3,83
BRDA:28,3,4,59
BRDA:28,3,5,73
BRDA:39,4,0,78
BRDA:39,4,1,185
BRDA:40,5,0,0
BRDA:40,5,1,185
BRDA:41,6,0,6
BRDA:41,6,1,179
BRDA:42,7,0,0
BRDA:42,7,1,179
BRDA:51,8,0,263
BRDA:51,8,1,19
BRDA:52,9,0,263
BRDA:52,9,1,160
BRDA:53,10,0,263
BRDA:53,10,1,0
BRDA:54,11,0,263
BRDA:54,11,1,0
BRF:25
BRH:21
end_of_record
TN:
SF:src\core\utils\benchmark.ts
FN:11,benchmark
FN:32,assertPerformance
FNF:2
FNH:2
FNDA:15,benchmark
FNDA:2,assertPerformance
DA:15,15
DA:16,15
DA:17,15
DA:19,15
DA:24,15
DA:26,15
DA:37,2
DA:39,2
DA:40,1
DA:45,1
LF:10
LH:10
BRDA:39,0,0,1
BRDA:39,0,1,1
BRF:2
BRH:2
end_of_record
TN:
SF:src\core\utils\exportaciones.ts
FN:5,(anonymous_0)
FN:39,(anonymous_1)
FNF:2
FNH:0
FNDA:0,(anonymous_0)
FNDA:0,(anonymous_1)
DA:5,0
DA:6,0
DA:39,0
DA:47,0
DA:49,0
DA:52,0
DA:54,0
LF:7
LH:0
BRF:0
BRH:0
end_of_record
TN:
SF:src\core\utils\fecha.ts
FN:12,formatearFecha
FN:38,calcularDiasRestantes
FN:58,parseFVToTimestamp
FN:78,parseFVToDate
FN:87,(anonymous_4)
FN:101,formatearTiempoRelativo
FN:118,formatearHora
FNF:7
FNH:7
FNDA:10,formatearFecha
FNDA:6,calcularDiasRestantes
FNDA:1,parseFVToTimestamp
FNDA:1,parseFVToDate
FNDA:6,(anonymous_4)
FNDA:4,formatearTiempoRelativo
FNDA:2,formatearHora
DA:13,10
DA:16,9
DA:17,0
DA:20,9
DA:21,9
DA:22,9
DA:24,8
DA:25,8
DA:26,8
DA:28,8
DA:30,0
DA:39,6
DA:41,5
DA:42,5
DA:44,5
DA:45,5
DA:47,5
DA:48,5
DA:50,5
DA:51,5
DA:59,1
DA:62,0
DA:63,0
DA:64,0
DA:67,0
DA:68,0
DA:70,0
DA:71,0
DA:72,0
DA:79,1
DA:80,1
DA:81,0
DA:87,15
DA:88,6
DA:89,6
DA:90,0
DA:91,0
DA:92,0
DA:94,0
DA:95,0
DA:102,4
DA:103,4
DA:104,4
DA:105,4
DA:106,4
DA:108,4
DA:109,2
DA:110,0
DA:111,0
DA:112,0
DA:119,2
DA:120,2
LF:52
LH:33
BRDA:13,0,0,1
BRDA:13,0,1,9
BRDA:16,1,0,0
BRDA:16,1,1,9
BRDA:16,2,0,9
BRDA:16,2,1,1
BRDA:22,3,0,1
BRDA:22,3,1,8
BRDA:39,4,0,1
BRDA:39,4,1,5
BRDA:42,5,0,0
BRDA:42,5,1,5
BRDA:59,6,0,1
BRDA:59,6,1,0
BRDA:62,7,0,0
BRDA:62,7,1,0
BRDA:63,8,0,0
BRDA:63,8,1,0
BRDA:68,9,0,0
BRDA:68,9,1,0
BRDA:80,10,0,1
BRDA:80,10,1,0
BRDA:88,11,0,0
BRDA:88,11,1,6
BRDA:88,12,0,6
BRDA:88,12,1,6
BRDA:89,13,0,6
BRDA:89,13,1,0
BRDA:90,14,0,0
BRDA:90,14,1,0
BRDA:92,15,0,0
BRDA:92,15,1,0
BRDA:95,16,0,0
BRDA:95,16,1,0
BRDA:108,17,0,2
BRDA:108,17,1,2
BRDA:109,18,0,2
BRDA:109,18,1,0
BRDA:110,19,0,0
BRDA:110,19,1,0
BRDA:111,20,0,0
BRDA:111,20,1,0
BRF:42
BRH:19
end_of_record
TN:
SF:src\core\utils\formato.ts
FN:2,formatearPrecio
FNF:1
FNH:1
FNDA:6,formatearPrecio
DA:3,6
DA:4,4
DA:5,4
DA:8,4
LF:4
LH:4
BRDA:3,0,0,2
BRDA:3,0,1,4
BRDA:3,1,0,6
BRDA:3,1,1,5
BRDA:5,2,0,0
BRDA:5,2,1,4
BRF:6
BRH:5
end_of_record
TN:
SF:src\core\utils\sonidos.ts
FN:12,(anonymous_0)
FN:18,(anonymous_1)
FNF:2
FNH:0
FNDA:0,(anonymous_0)
FNDA:0,(anonymous_1)
DA:4,0
DA:10,0
DA:12,0
DA:13,0
DA:14,0
DA:15,0
DA:18,0
DA:19,0
DA:20,0
DA:21,0
DA:22,0
DA:23,0
DA:25,0
DA:26,0
DA:28,0
LF:15
LH:0
BRDA:13,0,0,0
BRDA:13,0,1,0
BRDA:14,1,0,0
BRDA:14,1,1,0
BRDA:15,2,0,0
BRDA:15,2,1,0
BRDA:21,3,0,0
BRDA:21,3,1,0
BRF:8
BRH:0
end_of_record
TN:
SF:src\core\utils\useDebounce.ts
FN:4,useDebounce
FN:7,(anonymous_1)
FN:8,(anonymous_2)
FN:12,(anonymous_3)
FNF:4
FNH:0
FNDA:0,useDebounce
FNDA:0,(anonymous_1)
FNDA:0,(anonymous_2)
FNDA:0,(anonymous_3)
DA:5,0
DA:7,0
DA:8,0
DA:9,0
DA:12,0
DA:13,0
DA:17,0
LF:7
LH:0
BRF:0
BRH:0
end_of_record
TN:
SF:src\core\utils\useNetworkStatus.ts
FN:11,(anonymous_0)
FN:19,(anonymous_1)
FN:21,(anonymous_2)
FN:26,(anonymous_3)
FN:31,(anonymous_4)
FN:45,(anonymous_5)
FNF:6
FNH:5
FNDA:21,(anonymous_0)
FNDA:7,(anonymous_1)
FNDA:7,(anonymous_2)
FNDA:1,(anonymous_3)
FNDA:7,(anonymous_4)
FNDA:0,(anonymous_5)
DA:11,2
DA:12,21
DA:19,21
DA:21,7
DA:22,7
DA:26,7
DA:27,1
DA:31,7
DA:32,7
DA:36,21
DA:46,0
DA:47,0
DA:48,0
LF:13
LH:10
BRDA:41,0,0,21
BRDA:41,0,1,8
BRF:2
BRH:2
end_of_record
TN:
SF:src\core\validation\schemas.ts
FN:9,(anonymous_0)
FN:54,validateData
FNF:2
FNH:0
FNDA:0,(anonymous_0)
FNDA:0,validateData
DA:7,2
DA:10,0
DA:11,0
DA:12,0
DA:18,2
DA:29,2
DA:40,2
DA:55,0
DA:56,0
DA:57,0
DA:63,0
LF:11
LH:4
BRDA:12,0,0,0
BRDA:12,0,1,0
BRDA:12,0,2,0
BRDA:56,1,0,0
BRDA:56,1,1,0
BRF:5
BRH:0
end_of_record
TN:
SF:src\features\analytics\hooks\useAnalytics.ts
FN:7,(anonymous_0)
FN:10,(anonymous_1)
FN:16,(anonymous_2)
FN:49,(anonymous_3)
FN:52,(anonymous_4)
FNF:5
FNH:3
FNDA:2,(anonymous_0)
FNDA:2,(anonymous_1)
FNDA:4,(anonymous_2)
FNDA:0,(anonymous_3)
FNDA:0,(anonymous_4)
DA:7,1
DA:8,2
DA:10,2
DA:11,2
DA:12,2
DA:13,2
DA:14,2
DA:16,2
DA:18,4
DA:20,4
DA:22,4
DA:23,4
DA:24,4
DA:26,4
DA:27,2
DA:29,2
DA:32,2
DA:33,2
DA:35,2
DA:36,0
DA:38,0
DA:40,2
DA:44,2
DA:45,2
DA:48,2
DA:49,0
DA:52,2
DA:53,0
DA:54,0
DA:58,2
LF:30
LH:25
BRDA:18,0,0,0
BRDA:18,0,1,4
BRDA:18,1,0,4
BRDA:18,1,1,4
BRDA:18,1,2,4
BRDA:18,2,0,4
BRDA:18,2,1,0
BRDA:22,3,0,4
BRDA:22,3,1,2
BRDA:23,4,0,4
BRDA:23,4,1,0
BRDA:24,5,0,4
BRDA:24,5,1,2
BRDA:26,6,0,2
BRDA:26,6,1,2
BRDA:32,7,0,2
BRDA:32,7,1,0
BRDA:33,8,0,2
BRDA:33,8,1,1
BRDA:35,9,0,0
BRDA:35,9,1,2
BRDA:38,10,0,0
BRDA:38,10,1,0
BRDA:45,11,0,0
BRDA:45,11,1,2
BRDA:53,12,0,0
BRDA:53,12,1,0
BRF:27
BRH:17
end_of_record
TN:
SF:src\features\analytics\screens\AnalyticsScreen.tsx
FN:29,(anonymous_0)
FN:51,(anonymous_1)
FN:91,(anonymous_2)
FN:110,(anonymous_3)
FN:142,(anonymous_4)
FN:166,(anonymous_5)
FN:174,(anonymous_6)
FN:186,(anonymous_7)
FNF:8
FNH:0
FNDA:0,(anonymous_0)
FNDA:0,(anonymous_1)
FNDA:0,(anonymous_2)
FNDA:0,(anonymous_3)
FNDA:0,(anonymous_4)
FNDA:0,(anonymous_5)
FNDA:0,(anonymous_6)
FNDA:0,(anonymous_7)
DA:23,0
DA:29,0
DA:30,0
DA:31,0
DA:32,0
DA:33,0
DA:34,0
DA:36,0
DA:37,0
DA:47,0
DA:51,0
DA:56,0
DA:91,0
DA:111,0
DA:112,0
DA:114,0
DA:143,0
DA:166,0
DA:175,0
DA:176,0
DA:177,0
DA:178,0
DA:186,0
DA:190,0
DA:192,0
LF:25
LH:0
BRDA:34,0,0,0
BRDA:34,0,1,0
BRDA:36,1,0,0
BRDA:36,1,1,0
BRDA:91,2,0,0
BRDA:91,3,0,0
BRDA:91,3,1,0
BRDA:106,4,0,0
BRDA:106,4,1,0
BRDA:141,5,0,0
BRDA:141,5,1,0
BRDA:164,6,0,0
BRDA:164,6,1,0
BRDA:175,7,0,0
BRDA:175,7,1,0
BRDA:176,8,0,0
BRDA:176,8,1,0
BRDA:177,9,0,0
BRDA:177,9,1,0
BRDA:178,10,0,0
BRDA:178,10,1,0
BRF:21
BRH:0
end_of_record
TN:
SF:src\features\auth\screens\LoginScreen.tsx
FN:20,(anonymous_0)
FN:22,(anonymous_1)
FN:23,(anonymous_2)
FN:24,(anonymous_3)
FN:30,(anonymous_4)
FN:90,(anonymous_5)
FNF:6
FNH:5
FNDA:5,(anonymous_0)
FNDA:4,(anonymous_1)
FNDA:4,(anonymous_2)
FNDA:4,(anonymous_3)
FNDA:1,(anonymous_4)
FNDA:0,(anonymous_5)
DA:20,1
DA:21,5
DA:22,5
DA:23,5
DA:24,5
DA:26,5
DA:27,5
DA:28,5
DA:30,5
DA:31,1
DA:32,0
DA:33,0
DA:35,1
DA:36,1
DA:37,0
DA:38,0
DA:40,0
DA:41,0
DA:44,0
DA:48,5
DA:90,0
DA:121,1
LF:22
LH:14
BRDA:31,0,0,0
BRDA:31,0,1,1
BRDA:31,1,0,1
BRDA:31,1,1,1
BRDA:36,2,0,0
BRDA:36,2,1,1
BRDA:38,3,0,0
BRDA:38,3,1,0
BRDA:40,4,0,0
BRDA:40,4,1,0
BRDA:40,5,0,0
BRDA:40,5,1,0
BRDA:50,6,0,0
BRDA:50,6,1,5
BRDA:52,7,0,5
BRDA:52,7,1,0
BRDA:92,8,0,0
BRDA:92,8,1,5
BRF:18
BRH:7
end_of_record
TN:
SF:src\features\historial\hooks\useHistorial.ts
FN:18,(anonymous_0)
FN:23,(anonymous_1)
FN:28,(anonymous_2)
FN:29,(anonymous_3)
FN:47,(anonymous_4)
FN:54,(anonymous_5)
FNF:6
FNH:5
FNDA:2,(anonymous_0)
FNDA:1,(anonymous_1)
FNDA:1,(anonymous_2)
FNDA:1,(anonymous_3)
FNDA:0,(anonymous_4)
FNDA:1,(anonymous_5)
DA:18,1
DA:19,2
DA:20,2
DA:21,2
DA:23,2
DA:24,1
DA:29,1
DA:44,1
DA:45,1
DA:48,0
DA:49,0
DA:50,0
DA:54,1
DA:57,2
LF:14
LH:11
BRDA:37,0,0,1
BRDA:37,0,1,0
BRDA:38,1,0,1
BRDA:38,1,1,0
BRF:4
BRH:2
end_of_record
TN:
SF:src\features\historial\screens\HistorialScreen.tsx
FN:31,(anonymous_0)
FN:35,(anonymous_1)
FN:56,(anonymous_2)
FN:137,(anonymous_3)
FN:142,(anonymous_4)
FN:174,(anonymous_5)
FN:190,(anonymous_6)
FNF:7
FNH:0
FNDA:0,(anonymous_0)
FNDA:0,(anonymous_1)
FNDA:0,(anonymous_2)
FNDA:0,(anonymous_3)
FNDA:0,(anonymous_4)
FNDA:0,(anonymous_5)
FNDA:0,(anonymous_6)
DA:19,0
DA:25,0
DA:31,0
DA:32,0
DA:33,0
DA:36,0
DA:56,0
DA:57,0
DA:58,0
DA:60,0
DA:137,0
DA:138,0
DA:139,0
DA:140,0
DA:142,0
DA:143,0
DA:146,0
DA:174,0
DA:191,0
DA:192,0
DA:193,0
DA:194,0
DA:204,0
LF:23
LH:0
BRDA:58,0,0,0
BRDA:58,0,1,0
BRDA:71,1,0,0
BRDA:71,1,1,0
BRDA:88,2,0,0
BRDA:88,2,1,0
BRDA:88,2,2,0
BRDA:101,3,0,0
BRDA:101,3,1,0
BRDA:114,4,0,0
BRDA:114,4,1,0
BRDA:152,5,0,0
BRDA:152,5,1,0
BRDA:154,6,0,0
BRDA:154,6,1,0
BRDA:154,6,2,0
BRDA:161,7,0,0
BRDA:161,7,1,0
BRDA:161,7,2,0
BRDA:161,7,3,0
BRDA:171,8,0,0
BRDA:171,8,1,0
BRDA:171,8,2,0
BRDA:171,8,3,0
BRDA:174,9,0,0
BRDA:174,9,1,0
BRDA:191,10,0,0
BRDA:191,10,1,0
BRDA:192,11,0,0
BRDA:192,11,1,0
BRDA:193,12,0,0
BRDA:193,12,1,0
BRDA:194,13,0,0
BRDA:194,13,1,0
BRF:34
BRH:0
end_of_record
TN:
SF:src\features\inventory\components\EditProductoModal.tsx
FN:28,(anonymous_0)
FN:45,(anonymous_1)
FN:65,(anonymous_2)
FN:75,(anonymous_3)
FN:83,(anonymous_4)
FN:115,(anonymous_5)
FN:203,(anonymous_6)
FN:242,(anonymous_7)
FN:245,(anonymous_8)
FNF:9
FNH:3
FNDA:9,(anonymous_0)
FNDA:4,(anonymous_1)
FNDA:0,(anonymous_2)
FNDA:0,(anonymous_3)
FNDA:0,(anonymous_4)
FNDA:4,(anonymous_5)
FNDA:0,(anonymous_6)
FNDA:0,(anonymous_7)
FNDA:0,(anonymous_8)
DA:28,2
DA:34,9
DA:36,9
DA:37,9
DA:39,9
DA:40,9
DA:41,9
DA:42,9
DA:43,9
DA:45,9
DA:46,4
DA:47,0
DA:48,0
DA:49,0
DA:50,0
DA:52,0
DA:53,0
DA:54,0
DA:55,0
DA:56,0
DA:57,0
DA:58,0
DA:65,9
DA:66,0
DA:67,0
DA:68,0
DA:69,0
DA:70,0
DA:71,0
DA:72,0
DA:73,0
DA:74,0
DA:75,0
DA:76,0
DA:77,0
DA:83,9
DA:84,0
DA:87,0
DA:92,0
DA:93,0
DA:94,0
DA:95,0
DA:98,0
DA:99,0
DA:101,0
DA:102,0
DA:103,0
DA:104,0
DA:106,0
DA:111,0
DA:115,9
DA:116,4
DA:117,4
DA:118,4
DA:122,9
DA:124,0
DA:204,0
DA:205,0
DA:243,0
DA:244,0
DA:245,0
DA:246,0
DA:247,0
DA:279,2
LF:64
LH:19
BRDA:46,0,0,0
BRDA:46,0,1,4
BRDA:49,1,0,0
BRDA:49,1,1,0
BRDA:52,2,0,0
BRDA:52,2,1,0
BRDA:54,3,0,0
BRDA:54,3,1,0
BRDA:57,4,0,0
BRDA:57,4,1,0
BRDA:67,5,0,0
BRDA:67,5,1,0
BRDA:74,6,0,0
BRDA:74,6,1,0
BRDA:84,7,0,0
BRDA:84,7,1,0
BRDA:92,8,0,0
BRDA:92,8,1,0
BRDA:116,9,0,4
BRDA:116,9,1,0
BRDA:122,10,0,9
BRDA:122,10,1,0
BRDA:133,11,0,0
BRDA:133,11,1,0
BRDA:149,12,0,0
BRDA:149,12,1,0
BRDA:184,13,0,0
BRDA:184,13,1,0
BRDA:195,14,0,0
BRDA:195,14,1,0
BRDA:199,15,0,0
BRDA:199,15,1,0
BRDA:207,16,0,0
BRDA:207,16,1,0
BRDA:210,17,0,0
BRDA:210,17,1,0
BRDA:218,18,0,0
BRDA:218,18,1,0
BRDA:222,19,0,0
BRDA:222,19,1,0
BRDA:225,20,0,0
BRDA:225,20,1,0
BRDA:244,21,0,0
BRDA:244,21,1,0
BRDA:251,22,0,0
BRDA:251,22,1,0
BRDA:288,23,0,2
BRDA:288,23,1,0
BRF:48
BRH:4
end_of_record
TN:
SF:src\features\inventory\components\ProductoCard.tsx
FN:21,(anonymous_0)
FN:31,(anonymous_1)
FN:66,(anonymous_2)
FN:115,(anonymous_3)
FNF:4
FNH:0
FNDA:0,(anonymous_0)
FNDA:0,(anonymous_1)
FNDA:0,(anonymous_2)
FNDA:0,(anonymous_3)
DA:21,2
DA:22,0
DA:24,0
DA:31,0
DA:67,0
DA:68,0
DA:69,0
DA:70,0
DA:73,0
DA:81,0
DA:85,0
DA:89,0
DA:115,2
DA:117,0
DA:127,2
LF:15
LH:3
BRDA:40,0,0,0
BRDA:40,0,1,0
BRDA:66,1,0,0
BRDA:66,1,1,0
BRDA:73,2,0,0
BRDA:73,2,1,0
BRDA:75,3,0,0
BRDA:75,3,1,0
BRDA:81,4,0,0
BRDA:81,4,1,0
BRDA:85,5,0,0
BRDA:85,5,1,0
BRDA:104,6,0,0
BRDA:104,6,1,0
BRDA:118,7,0,0
BRDA:118,7,1,0
BRDA:118,7,2,0
BRDA:118,7,3,0
BRDA:118,7,4,0
BRDA:118,7,5,0
BRF:20
BRH:0
end_of_record
TN:
SF:src\features\inventory\hooks\useFiltrosInventario.ts
FN:16,(anonymous_0)
FN:22,(anonymous_1)
FNF:2
FNH:0
FNDA:0,(anonymous_0)
FNDA:0,(anonymous_1)
DA:16,1
DA:17,0
DA:18,0
DA:19,0
DA:22,0
DA:23,0
DA:26,0
DA:27,0
DA:28,0
DA:39,0
DA:40,0
DA:41,0
DA:42,0
DA:43,0
DA:44,0
DA:45,0
DA:46,0
DA:47,0
DA:48,0
DA:52,0
DA:53,0
DA:54,0
DA:56,0
DA:59,0
LF:24
LH:1
BRDA:27,0,0,0
BRDA:27,0,1,0
BRDA:40,1,0,0
BRDA:40,1,1,0
BRDA:42,2,0,0
BRDA:42,2,1,0
BRDA:45,3,0,0
BRDA:45,3,1,0
BRDA:52,4,0,0
BRDA:52,4,1,0
BRDA:53,5,0,0
BRDA:53,5,1,0
BRDA:54,6,0,0
BRDA:54,6,1,0
BRF:14
BRH:0
end_of_record
TN:
SF:src\features\inventory\repository\inventarioRepository.ts
FN:18,(anonymous_0)
FN:48,(anonymous_1)
FN:64,(anonymous_2)
FN:67,(anonymous_3)
FN:107,(anonymous_4)
FN:117,(anonymous_5)
FN:119,(anonymous_6)
FN:120,(anonymous_7)
FNF:8
FNH:6
FNDA:3,(anonymous_0)
FNDA:1,(anonymous_1)
FNDA:1,(anonymous_2)
FNDA:1,(anonymous_3)
FNDA:0,(anonymous_4)
FNDA:1,(anonymous_5)
FNDA:1,(anonymous_6)
FNDA:0,(anonymous_7)
DA:16,9
DA:19,3
DA:20,3
DA:21,3
DA:28,3
DA:29,2
DA:32,2
DA:35,1
DA:37,0
DA:38,0
DA:60,1
DA:61,1
DA:64,1
DA:65,1
DA:66,1
DA:67,1
DA:68,1
DA:69,1
DA:70,1
DA:72,1
DA:73,1
DA:74,1
DA:80,1
DA:81,0
DA:98,1
DA:107,1
DA:109,1
DA:112,0
DA:113,0
DA:118,1
DA:119,1
DA:120,1
DA:121,0
DA:122,0
DA:123,0
DA:124,0
DA:125,0
DA:126,0
DA:127,0
DA:128,0
DA:129,0
DA:130,0
DA:131,0
DA:135,0
LF:44
LH:27
BRDA:28,0,0,2
BRDA:28,0,1,1
BRDA:32,1,0,0
BRDA:32,1,1,2
BRDA:35,2,0,1
BRDA:35,2,1,0
BRDA:66,3,0,1
BRDA:66,3,1,0
BRDA:68,4,0,1
BRDA:68,4,1,0
BRDA:69,5,0,0
BRDA:69,5,1,1
BRDA:72,6,0,0
BRDA:72,6,1,1
BRDA:73,7,0,0
BRDA:73,7,1,1
BRDA:80,8,0,0
BRDA:80,8,1,1
BRDA:86,9,0,0
BRDA:86,9,1,0
BRDA:89,10,0,0
BRDA:89,10,1,0
BRDA:89,11,0,0
BRDA:89,11,1,0
BRDA:101,12,0,1
BRDA:101,12,1,1
BRDA:101,13,0,0
BRDA:101,13,1,1
BRDA:126,14,0,0
BRDA:126,14,1,0
BRDA:127,15,0,0
BRDA:127,15,1,0
BRDA:129,16,0,0
BRDA:129,16,1,0
BRF:34
BRH:13
end_of_record
TN:
SF:src\features\inventory\screens\InventarioListScreen.tsx
FN:60,(anonymous_0)
FN:69,(anonymous_1)
FN:75,(anonymous_2)
FN:107,(anonymous_3)
FN:113,(anonymous_4)
FN:133,(anonymous_5)
FN:143,(anonymous_6)
FN:147,(anonymous_7)
FN:156,(anonymous_8)
FN:160,(anonymous_9)
FN:168,(anonymous_10)
FN:176,(anonymous_11)
FN:181,(anonymous_12)
FN:225,(anonymous_13)
FN:233,(anonymous_14)
FN:253,(anonymous_15)
FN:284,(anonymous_16)
FN:289,(anonymous_17)
FNF:18
FNH:4
FNDA:3,(anonymous_0)
FNDA:0,(anonymous_1)
FNDA:0,(anonymous_2)
FNDA:0,(anonymous_3)
FNDA:3,(anonymous_4)
FNDA:2,(anonymous_5)
FNDA:0,(anonymous_6)
FNDA:0,(anonymous_7)
FNDA:0,(anonymous_8)
FNDA:0,(anonymous_9)
FNDA:0,(anonymous_10)
FNDA:0,(anonymous_11)
FNDA:0,(anonymous_12)
FNDA:12,(anonymous_13)
FNDA:0,(anonymous_14)
FNDA:0,(anonymous_15)
FNDA:0,(anonymous_16)
FNDA:0,(anonymous_17)
DA:40,2
DA:41,0
DA:60,2
DA:64,3
DA:65,3
DA:69,0
DA:76,0
DA:107,2
DA:113,2
DA:114,3
DA:115,3
DA:121,3
DA:122,3
DA:123,3
DA:125,3
DA:131,3
DA:133,3
DA:134,2
DA:137,3
DA:138,3
DA:139,3
DA:140,3
DA:141,3
DA:143,3
DA:144,0
DA:147,3
DA:148,0
DA:149,0
DA:150,0
DA:151,0
DA:152,0
DA:156,3
DA:157,0
DA:160,3
DA:161,0
DA:162,0
DA:163,0
DA:165,0
DA:168,3
DA:169,0
DA:170,0
DA:171,0
DA:172,0
DA:176,3
DA:177,0
DA:178,0
DA:181,3
DA:182,0
DA:192,3
DA:226,12
DA:234,0
DA:235,0
DA:253,0
DA:284,0
DA:290,0
DA:291,0
DA:292,0
DA:293,0
DA:300,2
LF:59
LH:30
BRDA:40,0,0,0
BRDA:40,0,1,2
BRDA:40,1,0,2
BRDA:40,1,1,0
BRDA:90,2,0,1
BRDA:90,2,1,2
BRDA:92,3,0,3
BRDA:92,3,1,2
BRDA:94,4,0,0
BRDA:94,4,1,2
BRDA:150,5,0,0
BRDA:150,5,1,0
BRDA:161,6,0,0
BRDA:161,6,1,0
BRDA:163,7,0,0
BRDA:163,7,1,0
BRDA:170,8,0,0
BRDA:170,8,1,0
BRDA:194,9,0,0
BRDA:194,9,1,3
BRDA:214,10,0,3
BRDA:214,10,1,0
BRDA:217,11,0,0
BRDA:217,11,1,0
BRDA:231,12,0,12
BRDA:231,12,1,3
BRDA:241,13,0,3
BRDA:241,13,1,9
BRDA:243,14,0,3
BRDA:243,14,1,9
BRDA:243,15,0,3
BRDA:243,15,1,6
BRDA:243,16,0,3
BRDA:243,16,1,3
BRDA:251,17,0,0
BRDA:251,17,1,3
BRDA:258,18,0,0
BRDA:258,18,1,3
BRDA:270,19,0,3
BRDA:270,19,1,0
BRDA:290,20,0,0
BRDA:290,20,1,0
BRDA:291,21,0,0
BRDA:291,21,1,0
BRDA:292,22,0,0
BRDA:292,22,1,0
BRDA:293,23,0,0
BRDA:293,23,1,0
BRF:48
BRH:22
end_of_record
TN:
SF:src\features\inventory\services\syncService.ts
FN:14,mapearEstadoEntrante
FN:74,syncConSupabase
FN:129,(anonymous_2)
FN:167,(anonymous_3)
FN:229,(anonymous_4)
FN:285,(anonymous_5)
FN:324,(anonymous_6)
FN:371,(anonymous_7)
FN:377,(anonymous_8)
FN:399,(anonymous_9)
FN:413,(anonymous_10)
FN:434,(anonymous_11)
FN:445,(anonymous_12)
FN:467,(anonymous_13)
FN:489,(anonymous_14)
FN:504,(anonymous_15)
FN:505,(anonymous_16)
FN:522,(anonymous_17)
FN:523,(anonymous_18)
FNF:19
FNH:1
FNDA:0,mapearEstadoEntrante
FNDA:15,syncConSupabase
FNDA:0,(anonymous_2)
FNDA:0,(anonymous_3)
FNDA:0,(anonymous_4)
FNDA:0,(anonymous_5)
FNDA:0,(anonymous_6)
FNDA:0,(anonymous_7)
FNDA:0,(anonymous_8)
FNDA:0,(anonymous_9)
FNDA:0,(anonymous_10)
FNDA:0,(anonymous_11)
FNDA:0,(anonymous_12)
FNDA:0,(anonymous_13)
FNDA:0,(anonymous_14)
FNDA:0,(anonymous_15)
FNDA:0,(anonymous_16)
FNDA:0,(anonymous_17)
FNDA:0,(anonymous_18)
DA:15,0
DA:69,10
DA:75,15
DA:76,0
DA:77,0
DA:80,15
DA:81,15
DA:82,15
DA:84,15
DA:85,1
DA:86,1
DA:87,1
DA:90,14
DA:92,14
DA:93,14
DA:95,14
DA:97,14
DA:98,14
DA:99,14
DA:100,14
DA:101,14
DA:104,0
DA:105,0
DA:108,0
DA:109,0
DA:110,0
DA:115,0
DA:118,0
DA:119,0
DA:120,0
DA:121,0
DA:124,0
DA:126,0
DA:132,0
DA:133,0
DA:135,0
DA:139,0
DA:140,0
DA:144,0
DA:145,0
DA:146,0
DA:147,0
DA:149,0
DA:150,0
DA:153,0
DA:154,0
DA:156,0
DA:157,0
DA:158,0
DA:159,0
DA:160,0
DA:161,0
DA:163,0
DA:167,0
DA:185,0
DA:186,0
DA:187,0
DA:189,0
DA:190,0
DA:195,0
DA:196,0
DA:197,0
DA:198,0
DA:202,0
DA:203,0
DA:204,0
DA:207,0
DA:210,0
DA:211,0
DA:214,0
DA:215,0
DA:216,0
DA:217,0
DA:218,0
DA:220,0
DA:221,0
DA:222,0
DA:223,0
DA:225,0
DA:229,0
DA:260,0
DA:261,0
DA:262,0
DA:264,0
DA:265,0
DA:268,0
DA:269,0
DA:271,0
DA:272,0
DA:273,0
DA:274,0
DA:276,0
DA:277,0
DA:278,0
DA:279,0
DA:281,0
DA:285,0
DA:299,0
DA:300,0
DA:301,0
DA:303,0
DA:304,0
DA:307,0
DA:308,0
DA:310,0
DA:311,0
DA:312,0
DA:313,0
DA:315,0
DA:316,0
DA:317,0
DA:318,0
DA:320,0
DA:324,0
DA:341,0
DA:343,0
DA:373,0
DA:374,0
DA:375,0
DA:376,0
DA:378,0
DA:379,0
DA:380,0
DA:381,0
DA:383,0
DA:399,0
DA:401,0
DA:402,0
DA:403,0
DA:404,0
DA:410,0
DA:411,0
DA:412,0
DA:413,0
DA:414,0
DA:415,0
DA:416,0
DA:417,0
DA:419,0
DA:434,0
DA:435,0
DA:436,0
DA:437,0
DA:442,0
DA:443,0
DA:444,0
DA:445,0
DA:457,0
DA:458,0
DA:459,0
DA:464,0
DA:465,0
DA:466,0
DA:467,0
DA:482,0
DA:483,0
DA:484,0
DA:490,0
DA:491,0
DA:493,0
DA:494,0
DA:495,0
DA:497,0
DA:499,0
DA:504,0
DA:505,0
DA:506,0
DA:507,0
DA:508,0
DA:509,0
DA:513,0
DA:516,0
DA:517,0
DA:518,0
DA:521,0
DA:522,0
DA:523,0
DA:524,0
DA:525,0
DA:526,0
DA:527,0
DA:528,0
DA:532,0
DA:535,14
LF:184
LH:19
BRDA:74,0,0,14
BRDA:75,1,0,0
BRDA:75,1,1,15
BRDA:84,2,0,1
BRDA:84,2,1,14
BRDA:98,3,0,14
BRDA:98,3,1,0
BRDA:108,4,0,0
BRDA:108,4,1,0
BRDA:118,5,0,0
BRDA:118,5,1,0
BRDA:133,6,0,0
BRDA:133,6,1,0
BRDA:133,6,2,0
BRDA:135,7,0,0
BRDA:135,7,1,0
BRDA:139,8,0,0
BRDA:139,8,1,0
BRDA:139,9,0,0
BRDA:139,9,1,0
BRDA:153,10,0,0
BRDA:153,10,1,0
BRDA:153,11,0,0
BRDA:153,11,1,0
BRDA:157,12,0,0
BRDA:157,12,1,0
BRDA:158,13,0,0
BRDA:158,13,1,0
BRDA:158,14,0,0
BRDA:158,14,1,0
BRDA:168,15,0,0
BRDA:168,15,1,0
BRDA:169,16,0,0
BRDA:169,16,1,0
BRDA:169,16,2,0
BRDA:170,17,0,0
BRDA:170,17,1,0
BRDA:171,18,0,0
BRDA:171,18,1,0
BRDA:172,19,0,0
BRDA:172,19,1,0
BRDA:172,19,2,0
BRDA:173,20,0,0
BRDA:173,20,1,0
BRDA:173,20,2,0
BRDA:174,21,0,0
BRDA:174,21,1,0
BRDA:174,21,2,0
BRDA:175,22,0,0
BRDA:175,22,1,0
BRDA:175,23,0,0
BRDA:175,23,1,0
BRDA:176,24,0,0
BRDA:176,24,1,0
BRDA:177,25,0,0
BRDA:177,25,1,0
BRDA:178,26,0,0
BRDA:178,26,1,0
BRDA:179,27,0,0
BRDA:179,27,1,0
BRDA:179,27,2,0
BRDA:180,28,0,0
BRDA:180,28,1,0
BRDA:181,29,0,0
BRDA:181,29,1,0
BRDA:195,30,0,0
BRDA:195,30,1,0
BRDA:197,31,0,0
BRDA:197,31,1,0
BRDA:202,32,0,0
BRDA:202,32,1,0
BRDA:202,33,0,0
BRDA:202,33,1,0
BRDA:210,34,0,0
BRDA:210,34,1,0
BRDA:210,35,0,0
BRDA:210,35,1,0
BRDA:216,36,0,0
BRDA:216,36,1,0
BRDA:220,37,0,0
BRDA:220,37,1,0
BRDA:220,38,0,0
BRDA:220,38,1,0
BRDA:230,39,0,0
BRDA:230,39,1,0
BRDA:231,40,0,0
BRDA:231,40,1,0
BRDA:235,41,0,0
BRDA:235,41,1,0
BRDA:236,42,0,0
BRDA:236,42,1,0
BRDA:237,43,0,0
BRDA:237,43,1,0
BRDA:238,44,0,0
BRDA:238,44,1,0
BRDA:239,45,0,0
BRDA:239,45,1,0
BRDA:240,46,0,0
BRDA:240,46,1,0
BRDA:241,47,0,0
BRDA:241,47,1,0
BRDA:242,48,0,0
BRDA:242,48,1,0
BRDA:243,49,0,0
BRDA:243,49,1,0
BRDA:244,50,0,0
BRDA:244,50,1,0
BRDA:255,51,0,0
BRDA:255,51,1,0
BRDA:256,52,0,0
BRDA:256,52,1,0
BRDA:268,53,0,0
BRDA:268,53,1,0
BRDA:268,54,0,0
BRDA:268,54,1,0
BRDA:272,55,0,0
BRDA:272,55,1,0
BRDA:276,56,0,0
BRDA:276,56,1,0
BRDA:276,57,0,0
BRDA:276,57,1,0
BRDA:286,58,0,0
BRDA:286,58,1,0
BRDA:291,59,0,0
BRDA:291,59,1,0
BRDA:292,60,0,0
BRDA:292,60,1,0
BRDA:293,61,0,0
BRDA:293,61,1,0
BRDA:294,62,0,0
BRDA:294,62,1,0
BRDA:295,63,0,0
BRDA:295,63,1,0
BRDA:307,64,0,0
BRDA:307,64,1,0
BRDA:307,65,0,0
BRDA:307,65,1,0
BRDA:311,66,0,0
BRDA:311,66,1,0
BRDA:315,67,0,0
BRDA:315,67,1,0
BRDA:315,68,0,0
BRDA:315,68,1,0
BRDA:325,69,0,0
BRDA:325,69,1,0
BRDA:331,70,0,0
BRDA:331,70,1,0
BRDA:332,71,0,0
BRDA:332,71,1,0
BRDA:333,72,0,0
BRDA:333,72,1,0
BRDA:334,73,0,0
BRDA:334,73,1,0
BRDA:335,74,0,0
BRDA:335,74,1,0
BRDA:336,75,0,0
BRDA:336,75,1,0
BRDA:337,76,0,0
BRDA:337,76,1,0
BRDA:338,77,0,0
BRDA:338,77,1,0
BRDA:346,78,0,0
BRDA:346,78,1,0
BRDA:346,79,0,0
BRDA:346,79,1,0
BRDA:347,80,0,0
BRDA:347,80,1,0
BRDA:347,81,0,0
BRDA:347,81,1,0
BRDA:351,82,0,0
BRDA:351,82,1,0
BRDA:351,83,0,0
BRDA:351,83,1,0
BRDA:352,84,0,0
BRDA:352,84,1,0
BRDA:352,85,0,0
BRDA:352,85,1,0
BRDA:356,86,0,0
BRDA:356,86,1,0
BRDA:356,87,0,0
BRDA:356,87,1,0
BRDA:357,88,0,0
BRDA:357,88,1,0
BRDA:357,89,0,0
BRDA:357,89,1,0
BRDA:361,90,0,0
BRDA:361,90,1,0
BRDA:361,91,0,0
BRDA:361,91,1,0
BRDA:362,92,0,0
BRDA:362,92,1,0
BRDA:362,93,0,0
BRDA:362,93,1,0
BRDA:373,94,0,0
BRDA:373,94,1,0
BRDA:375,95,0,0
BRDA:375,95,1,0
BRDA:378,96,0,0
BRDA:378,96,1,0
BRDA:378,96,2,0
BRDA:378,96,3,0
BRDA:379,97,0,0
BRDA:379,97,1,0
BRDA:380,98,0,0
BRDA:380,98,1,0
BRDA:386,99,0,0
BRDA:386,99,1,0
BRDA:387,100,0,0
BRDA:387,100,1,0
BRDA:388,101,0,0
BRDA:388,101,1,0
BRDA:389,102,0,0
BRDA:389,102,1,0
BRDA:389,102,2,0
BRDA:390,103,0,0
BRDA:390,103,1,0
BRDA:390,103,2,0
BRDA:391,104,0,0
BRDA:391,104,1,0
BRDA:391,104,2,0
BRDA:392,105,0,0
BRDA:392,105,1,0
BRDA:392,105,2,0
BRDA:393,106,0,0
BRDA:393,106,1,0
BRDA:394,107,0,0
BRDA:394,107,1,0
BRDA:395,108,0,0
BRDA:395,108,1,0
BRDA:401,109,0,0
BRDA:401,109,1,0
BRDA:403,110,0,0
BRDA:403,110,1,0
BRDA:410,111,0,0
BRDA:410,111,1,0
BRDA:412,112,0,0
BRDA:412,112,1,0
BRDA:414,113,0,0
BRDA:414,113,1,0
BRDA:415,114,0,0
BRDA:415,114,1,0
BRDA:424,115,0,0
BRDA:424,115,1,0
BRDA:425,116,0,0
BRDA:425,116,1,0
BRDA:425,116,2,0
BRDA:426,117,0,0
BRDA:426,117,1,0
BRDA:427,118,0,0
BRDA:427,118,1,0
BRDA:428,119,0,0
BRDA:428,119,1,0
BRDA:429,120,0,0
BRDA:429,120,1,0
BRDA:430,121,0,0
BRDA:430,121,1,0
BRDA:430,121,2,0
BRDA:431,122,0,0
BRDA:431,122,1,0
BRDA:436,123,0,0
BRDA:436,123,1,0
BRDA:442,124,0,0
BRDA:442,124,1,0
BRDA:444,125,0,0
BRDA:444,125,1,0
BRDA:447,126,0,0
BRDA:447,126,1,0
BRDA:448,127,0,0
BRDA:448,127,1,0
BRDA:449,128,0,0
BRDA:449,128,1,0
BRDA:450,129,0,0
BRDA:450,129,1,0
BRDA:452,130,0,0
BRDA:452,130,1,0
BRDA:453,131,0,0
BRDA:453,131,1,0
BRDA:453,131,2,0
BRDA:458,132,0,0
BRDA:458,132,1,0
BRDA:464,133,0,0
BRDA:464,133,1,0
BRDA:466,134,0,0
BRDA:466,134,1,0
BRDA:469,135,0,0
BRDA:469,135,1,0
BRDA:474,136,0,0
BRDA:474,136,1,0
BRDA:475,137,0,0
BRDA:475,137,1,0
BRDA:476,138,0,0
BRDA:476,138,1,0
BRDA:477,139,0,0
BRDA:477,139,1,0
BRDA:479,140,0,0
BRDA:479,140,1,0
BRDA:479,140,2,0
BRDA:483,141,0,0
BRDA:483,141,1,0
BRDA:493,142,0,0
BRDA:493,142,1,0
BRDA:493,143,0,0
BRDA:493,143,1,0
BRDA:494,144,0,0
BRDA:494,144,1,0
BRF:305
BRH:5
end_of_record
TN:
SF:src\features\inventory\store\useInventarioStore.ts
FN:49,(anonymous_0)
FN:52,(anonymous_1)
FN:54,(anonymous_2)
FN:57,(anonymous_3)
FN:58,(anonymous_4)
FN:65,(anonymous_5)
FN:68,(anonymous_6)
FN:74,(anonymous_7)
FN:91,(anonymous_8)
FN:93,(anonymous_9)
FN:102,(anonymous_10)
FN:103,(anonymous_11)
FN:145,(anonymous_12)
FN:148,(anonymous_13)
FNF:14
FNH:6
FNDA:6,(anonymous_0)
FNDA:3,(anonymous_1)
FNDA:2,(anonymous_2)
FNDA:1,(anonymous_3)
FNDA:1,(anonymous_4)
FNDA:0,(anonymous_5)
FNDA:0,(anonymous_6)
FNDA:1,(anonymous_7)
FNDA:0,(anonymous_8)
FNDA:0,(anonymous_9)
FNDA:0,(anonymous_10)
FNDA:0,(anonymous_11)
FNDA:0,(anonymous_12)
FNDA:0,(anonymous_13)
DA:39,6
DA:49,6
DA:52,3
DA:55,2
DA:56,2
DA:57,1
DA:59,1
DA:60,1
DA:61,1
DA:66,0
DA:67,0
DA:68,0
DA:75,1
DA:76,1
DA:77,1
DA:78,1
DA:83,0
DA:84,0
DA:85,0
DA:87,1
DA:91,0
DA:94,0
DA:95,0
DA:97,0
DA:98,0
DA:100,0
DA:102,0
DA:103,0
DA:104,0
DA:105,0
DA:106,0
DA:111,0
DA:112,0
DA:127,0
DA:129,0
DA:145,0
DA:148,0
DA:150,0
DA:151,0
DA:154,0
DA:155,0
LF:41
LH:14
BRDA:60,0,0,1
BRDA:60,0,1,0
BRDA:84,1,0,0
BRDA:84,1,1,0
BRDA:95,2,0,0
BRDA:95,2,1,0
BRDA:117,3,0,0
BRDA:117,3,1,0
BRDA:117,4,0,0
BRDA:117,4,1,0
BRDA:127,5,0,0
BRDA:127,5,1,0
BRDA:127,6,0,0
BRDA:127,6,1,0
BRF:14
BRH:1
end_of_record
TN:
SF:src\features\logistics\hooks\useLogisticaHistorial.ts
FN:8,(anonymous_0)
FN:13,(anonymous_1)
FN:31,(anonymous_2)
FN:35,(anonymous_3)
FN:42,(anonymous_4)
FNF:5
FNH:5
FNDA:8,(anonymous_0)
FNDA:4,(anonymous_1)
FNDA:3,(anonymous_2)
FNDA:1,(anonymous_3)
FNDA:4,(anonymous_4)
DA:8,1
DA:9,8
DA:10,8
DA:11,8
DA:13,8
DA:14,4
DA:15,4
DA:16,4
DA:18,4
DA:19,1
DA:20,3
DA:21,1
DA:24,4
DA:26,4
DA:32,3
DA:33,3
DA:36,1
DA:37,1
DA:38,1
DA:42,4
DA:45,8
LF:21
LH:21
BRDA:18,0,0,1
BRDA:18,0,1,3
BRDA:20,1,0,1
BRDA:20,1,1,2
BRF:4
BRH:4
end_of_record
TN:
SF:src\features\logistics\hooks\useLogisticsSync.ts
FN:15,useLogisticsSync
FN:22,(anonymous_1)
FN:23,(anonymous_2)
FN:25,(anonymous_3)
FN:27,(anonymous_4)
FN:34,(anonymous_5)
FN:45,(anonymous_6)
FN:47,(anonymous_7)
FN:49,(anonymous_8)
FN:56,(anonymous_9)
FNF:10
FNH:5
FNDA:16,useLogisticsSync
FNDA:5,(anonymous_1)
FNDA:5,(anonymous_2)
FNDA:5,(anonymous_3)
FNDA:5,(anonymous_4)
FNDA:0,(anonymous_5)
FNDA:0,(anonymous_6)
FNDA:0,(anonymous_7)
FNDA:0,(anonymous_8)
FNDA:0,(anonymous_9)
DA:16,16
DA:22,16
DA:23,5
DA:24,5
DA:25,5
DA:26,5
DA:27,5
DA:33,0
DA:34,0
DA:42,5
DA:45,16
DA:46,0
DA:47,0
DA:48,0
DA:49,0
DA:55,0
DA:56,0
DA:64,16
LF:18
LH:10
BRDA:37,0,0,0
BRDA:37,0,1,0
BRDA:45,1,0,0
BRF:3
BRH:0
end_of_record
TN:
SF:src\features\logistics\repository\logisticaHistorialRepository.ts
FN:9,(anonymous_0)
FN:17,(anonymous_1)
FN:18,(anonymous_2)
FN:33,(anonymous_3)
FN:43,(anonymous_4)
FNF:5
FNH:3
FNDA:1,(anonymous_0)
FNDA:1,(anonymous_1)
FNDA:1,(anonymous_2)
FNDA:0,(anonymous_3)
FNDA:0,(anonymous_4)
DA:5,3
DA:17,1
DA:18,1
DA:19,1
DA:20,1
DA:21,1
DA:22,1
DA:23,1
DA:24,1
DA:25,1
DA:34,0
DA:44,0
LF:12
LH:10
BRF:0
BRH:0
end_of_record
TN:
SF:src\features\logistics\repository\logisticsRepository.ts
FN:10,(anonymous_0)
FN:15,(anonymous_1)
FN:16,(anonymous_2)
FN:32,(anonymous_3)
FN:38,(anonymous_4)
FNF:5
FNH:4
FNDA:1,(anonymous_0)
FNDA:1,(anonymous_1)
FNDA:1,(anonymous_2)
FNDA:0,(anonymous_3)
FNDA:1,(anonymous_4)
DA:5,2
DA:11,1
DA:12,1
DA:13,1
DA:15,1
DA:16,1
DA:17,1
DA:22,1
DA:31,1
DA:32,1
DA:39,1
LF:11
LH:11
BRF:0
BRH:0
end_of_record
TN:
SF:src\features\logistics\screens\LogisticsHistoryScreen.tsx
FN:19,(anonymous_0)
FN:22,(anonymous_1)
FN:33,(anonymous_2)
FN:95,(anonymous_3)
FN:130,(anonymous_4)
FN:133,(anonymous_5)
FN:143,(anonymous_6)
FNF:7
FNH:6
FNDA:2,(anonymous_0)
FNDA:2,(anonymous_1)
FNDA:2,(anonymous_2)
FNDA:4,(anonymous_3)
FNDA:3,(anonymous_4)
FNDA:2,(anonymous_5)
FNDA:0,(anonymous_6)
DA:17,1
DA:19,1
DA:20,2
DA:22,2
DA:23,2
DA:24,1
DA:26,1
DA:28,0
DA:29,0
DA:33,2
DA:34,2
DA:35,1
DA:36,0
DA:37,0
DA:40,2
DA:95,1
DA:96,4
DA:97,4
DA:98,4
DA:100,4
DA:130,3
DA:134,2
DA:144,0
DA:145,0
DA:146,0
DA:147,0
DA:154,1
LF:27
LH:19
BRDA:23,0,0,1
BRDA:23,0,1,1
BRDA:23,0,2,1
BRDA:23,0,3,0
BRDA:23,0,4,0
BRDA:23,0,5,0
BRDA:34,1,0,1
BRDA:34,1,1,1
BRDA:35,2,0,1
BRDA:35,2,1,0
BRDA:35,3,0,1
BRDA:35,3,1,1
BRDA:36,4,0,0
BRDA:36,4,1,0
BRDA:36,5,0,0
BRDA:36,5,1,0
BRDA:51,6,0,2
BRDA:51,6,1,1
BRDA:75,7,0,2
BRDA:75,7,1,1
BRDA:84,8,0,2
BRDA:84,8,1,1
BRDA:103,9,0,0
BRDA:103,9,1,4
BRDA:110,10,0,1
BRDA:110,10,1,3
BRDA:114,11,0,1
BRDA:114,11,1,2
BRDA:119,12,0,1
BRDA:119,12,1,1
BRDA:144,13,0,0
BRDA:144,13,1,0
BRDA:145,14,0,0
BRDA:145,14,1,0
BRDA:146,15,0,0
BRDA:146,15,1,0
BRDA:147,16,0,0
BRDA:147,16,1,0
BRF:38
BRH:21
end_of_record
TN:
SF:src\features\logistics\screens\PickingScreen.tsx
FN:46,(anonymous_0)
FN:50,(anonymous_1)
FN:64,(anonymous_2)
FN:75,(anonymous_3)
FN:127,(anonymous_4)
FN:143,(anonymous_5)
FN:148,(anonymous_6)
FN:151,(anonymous_7)
FN:179,(anonymous_8)
FN:215,(anonymous_9)
FN:226,(anonymous_10)
FN:231,(anonymous_11)
FN:237,(anonymous_12)
FN:241,(anonymous_13)
FN:243,(anonymous_14)
FN:275,(anonymous_15)
FN:292,(anonymous_16)
FN:309,(anonymous_17)
FN:329,(anonymous_18)
FN:363,(anonymous_19)
FNF:20
FNH:15
FNDA:6,(anonymous_0)
FNDA:6,(anonymous_1)
FNDA:6,(anonymous_2)
FNDA:1,(anonymous_3)
FNDA:3,(anonymous_4)
FNDA:12,(anonymous_5)
FNDA:11,(anonymous_6)
FNDA:6,(anonymous_7)
FNDA:0,(anonymous_8)
FNDA:7,(anonymous_9)
FNDA:0,(anonymous_10)
FNDA:0,(anonymous_11)
FNDA:0,(anonymous_12)
FNDA:3,(anonymous_13)
FNDA:3,(anonymous_14)
FNDA:1,(anonymous_15)
FNDA:1,(anonymous_16)
FNDA:1,(anonymous_17)
FNDA:1,(anonymous_18)
FNDA:0,(anonymous_19)
DA:46,1
DA:47,6
DA:48,6
DA:50,6
DA:51,6
DA:52,4
DA:53,2
DA:54,0
DA:55,0
DA:60,6
DA:64,6
DA:65,6
DA:66,6
DA:67,6
DA:68,6
DA:69,6
DA:70,2
DA:73,6
DA:75,1
DA:127,3
DA:143,1
DA:144,12
DA:145,12
DA:148,11
DA:152,6
DA:179,1
DA:180,0
DA:183,0
DA:184,0
DA:185,0
DA:186,0
DA:189,0
DA:190,0
DA:193,0
DA:194,0
DA:195,0
DA:203,0
DA:205,0
DA:215,1
DA:216,7
DA:217,7
DA:218,7
DA:219,7
DA:220,7
DA:222,7
DA:223,7
DA:224,7
DA:226,7
DA:227,0
DA:228,0
DA:229,0
DA:231,0
DA:233,0
DA:237,7
DA:238,0
DA:241,7
DA:242,3
DA:243,3
DA:246,7
DA:275,1
DA:292,1
DA:309,1
DA:329,1
DA:364,0
DA:365,0
DA:366,0
DA:367,0
DA:376,1
LF:68
LH:44
BRDA:51,0,0,4
BRDA:51,0,1,2
BRDA:51,0,2,0
BRDA:51,0,3,0
BRDA:60,1,0,2
BRDA:60,1,1,4
BRDA:60,2,0,6
BRDA:60,2,1,2
BRDA:65,3,0,0
BRDA:65,3,1,6
BRDA:67,4,0,0
BRDA:67,4,1,6
BRDA:68,5,0,0
BRDA:68,5,1,6
BRDA:69,6,0,4
BRDA:69,6,1,2
BRDA:91,7,0,6
BRDA:91,7,1,6
BRDA:103,8,0,6
BRDA:103,8,1,6
BRDA:111,9,0,6
BRDA:111,9,1,0
BRDA:111,9,2,0
BRDA:121,10,0,6
BRDA:121,10,1,4
BRDA:121,10,2,4
BRDA:157,11,0,7
BRDA:157,11,1,5
BRDA:159,12,0,7
BRDA:159,12,1,5
BRDA:162,13,0,7
BRDA:162,13,1,5
BRDA:183,14,0,0
BRDA:183,14,1,0
BRDA:185,15,0,0
BRDA:185,15,1,0
BRDA:189,16,0,0
BRDA:189,16,1,0
BRDA:193,17,0,0
BRDA:193,17,1,0
BRDA:203,18,0,0
BRDA:203,18,1,0
BRDA:228,19,0,0
BRDA:228,19,1,0
BRDA:243,20,0,0
BRDA:243,20,1,3
BRDA:249,21,0,0
BRDA:249,21,1,7
BRDA:279,22,0,7
BRDA:279,22,1,1
BRDA:285,23,0,1
BRDA:285,23,1,6
BRDA:296,24,0,7
BRDA:296,24,1,4
BRDA:302,25,0,4
BRDA:302,25,1,3
BRDA:313,26,0,7
BRDA:313,26,1,2
BRDA:319,27,0,2
BRDA:319,27,1,5
BRDA:333,28,0,6
BRDA:333,28,1,1
BRDA:343,29,0,7
BRDA:343,29,1,0
BRDA:355,30,0,7
BRDA:355,30,1,6
BRDA:356,31,0,7
BRDA:356,31,1,0
BRDA:364,32,0,0
BRDA:364,32,1,0
BRDA:365,33,0,0
BRDA:365,33,1,0
BRDA:366,34,0,0
BRDA:366,34,1,0
BRDA:367,35,0,0
BRDA:367,35,1,0
BRF:76
BRH:45
end_of_record
TN:
SF:src\features\logistics\screens\StorePanelScreen.tsx
FN:45,(anonymous_0)
FN:72,(anonymous_1)
FN:159,(anonymous_2)
FN:206,(anonymous_3)
FN:228,(anonymous_4)
FN:236,(anonymous_5)
FN:255,(anonymous_6)
FN:264,(anonymous_7)
FN:278,(anonymous_8)
FN:280,(anonymous_9)
FN:286,(anonymous_10)
FN:310,(anonymous_11)
FN:322,(anonymous_12)
FN:329,(anonymous_13)
FN:341,(anonymous_14)
FN:394,(anonymous_15)
FN:428,(anonymous_16)
FN:429,(anonymous_17)
FN:453,(anonymous_18)
FN:459,(anonymous_19)
FN:462,(anonymous_20)
FN:482,(anonymous_21)
FN:486,(anonymous_22)
FN:494,(anonymous_23)
FN:508,(anonymous_24)
FN:523,(anonymous_25)
FN:529,(anonymous_26)
FN:533,(anonymous_27)
FN:580,(anonymous_28)
FN:667,(anonymous_29)
FNF:30
FNH:10
FNDA:5,(anonymous_0)
FNDA:1,(anonymous_1)
FNDA:5,(anonymous_2)
FNDA:0,(anonymous_3)
FNDA:16,(anonymous_4)
FNDA:5,(anonymous_5)
FNDA:5,(anonymous_6)
FNDA:5,(anonymous_7)
FNDA:0,(anonymous_8)
FNDA:0,(anonymous_9)
FNDA:0,(anonymous_10)
FNDA:0,(anonymous_11)
FNDA:0,(anonymous_12)
FNDA:2,(anonymous_13)
FNDA:1,(anonymous_14)
FNDA:0,(anonymous_15)
FNDA:0,(anonymous_16)
FNDA:0,(anonymous_17)
FNDA:0,(anonymous_18)
FNDA:0,(anonymous_19)
FNDA:0,(anonymous_20)
FNDA:0,(anonymous_21)
FNDA:2,(anonymous_22)
FNDA:0,(anonymous_23)
FNDA:0,(anonymous_24)
FNDA:0,(anonymous_25)
FNDA:0,(anonymous_26)
FNDA:0,(anonymous_27)
FNDA:0,(anonymous_28)
FNDA:0,(anonymous_29)
DA:45,1
DA:46,5
DA:47,5
DA:72,1
DA:159,1
DA:160,5
DA:161,5
DA:206,1
DA:207,0
DA:208,0
DA:228,1
DA:229,16
DA:230,16
DA:231,16
DA:232,16
DA:233,16
DA:234,16
DA:236,16
DA:237,5
DA:238,0
DA:239,0
DA:240,0
DA:241,0
DA:244,16
DA:245,16
DA:246,16
DA:247,16
DA:248,16
DA:249,16
DA:250,16
DA:251,16
DA:252,16
DA:253,16
DA:255,16
DA:256,5
DA:257,5
DA:258,5
DA:259,5
DA:264,16
DA:265,5
DA:266,5
DA:267,5
DA:268,0
DA:269,0
DA:270,0
DA:272,5
DA:274,0
DA:278,16
DA:279,0
DA:280,0
DA:281,0
DA:286,16
DA:287,0
DA:288,0
DA:292,0
DA:293,0
DA:294,0
DA:295,0
DA:296,0
DA:298,0
DA:299,0
DA:300,0
DA:301,0
DA:303,0
DA:306,0
DA:310,16
DA:311,0
DA:312,0
DA:313,0
DA:314,0
DA:315,0
DA:318,0
DA:319,0
DA:322,16
DA:323,0
DA:324,0
DA:325,0
DA:326,0
DA:329,16
DA:330,2
DA:331,1
DA:332,1
DA:333,1
DA:334,0
DA:337,1
DA:338,1
DA:341,16
DA:342,1
DA:343,1
DA:344,1
DA:346,0
DA:347,0
DA:348,0
DA:353,0
DA:357,0
DA:360,0
DA:361,0
DA:363,0
DA:369,0
DA:370,0
DA:372,0
DA:374,0
DA:375,0
DA:378,0
DA:379,0
DA:382,0
DA:383,0
DA:384,0
DA:386,0
DA:387,0
DA:388,0
DA:390,0
DA:394,16
DA:395,0
DA:397,0
DA:398,0
DA:399,0
DA:403,0
DA:406,0
DA:411,0
DA:412,0
DA:415,0
DA:416,0
DA:418,0
DA:421,0
DA:428,0
DA:429,0
DA:430,0
DA:431,0
DA:432,0
DA:433,0
DA:434,0
DA:440,0
DA:449,0
DA:453,0
DA:456,0
DA:457,0
DA:459,0
DA:460,0
DA:462,0
DA:465,0
DA:470,0
DA:471,0
DA:472,0
DA:478,0
DA:482,16
DA:483,0
DA:486,16
DA:487,2
DA:492,16
DA:493,0
DA:494,0
DA:508,0
DA:521,16
DA:522,1
DA:523,0
DA:529,0
DA:533,0
DA:567,15
DA:580,0
DA:668,0
DA:669,0
DA:670,0
DA:671,0
DA:682,1
LF:165
LH:61
BRDA:59,0,0,0
BRDA:59,0,1,5
BRDA:70,1,0,5
BRDA:70,1,1,5
BRDA:87,2,0,5
BRDA:87,2,1,0
BRDA:87,2,2,5
BRDA:93,3,0,5
BRDA:93,3,1,0
BRDA:95,4,0,5
BRDA:95,4,1,5
BRDA:100,5,0,5
BRDA:100,5,1,5
BRDA:118,6,0,5
BRDA:118,6,1,5
BRDA:125,7,0,5
BRDA:125,7,1,0
BRDA:132,8,0,5
BRDA:132,8,1,0
BRDA:132,8,2,5
BRDA:138,9,0,5
BRDA:138,9,1,0
BRDA:138,10,0,5
BRDA:138,10,1,5
BRDA:139,11,0,5
BRDA:139,11,1,0
BRDA:145,12,0,5
BRDA:145,12,1,0
BRDA:167,13,0,0
BRDA:167,13,1,5
BRDA:178,14,0,0
BRDA:178,14,1,0
BRDA:237,15,0,5
BRDA:237,15,1,0
BRDA:237,16,0,5
BRDA:237,16,1,0
BRDA:237,16,2,0
BRDA:238,17,0,0
BRDA:238,17,1,0
BRDA:239,18,0,0
BRDA:239,18,1,0
BRDA:240,19,0,0
BRDA:240,19,1,0
BRDA:257,20,0,5
BRDA:257,20,1,0
BRDA:267,21,0,0
BRDA:267,21,1,5
BRDA:279,22,0,0
BRDA:279,22,1,0
BRDA:292,23,0,0
BRDA:292,23,1,0
BRDA:294,24,0,0
BRDA:294,24,1,0
BRDA:311,25,0,0
BRDA:311,25,1,0
BRDA:313,26,0,0
BRDA:313,26,1,0
BRDA:323,27,0,0
BRDA:323,27,1,0
BRDA:330,28,0,1
BRDA:330,28,1,1
BRDA:332,29,0,1
BRDA:332,29,1,0
BRDA:342,30,0,1
BRDA:342,30,1,0
BRDA:342,31,0,1
BRDA:342,31,1,1
BRDA:353,32,0,0
BRDA:353,32,1,0
BRDA:361,33,0,0
BRDA:361,33,1,0
BRDA:370,34,0,0
BRDA:370,34,1,0
BRDA:374,35,0,0
BRDA:374,35,1,0
BRDA:378,36,0,0
BRDA:378,36,1,0
BRDA:388,37,0,0
BRDA:388,37,1,0
BRDA:395,38,0,0
BRDA:395,38,1,0
BRDA:397,39,0,0
BRDA:397,39,1,0
BRDA:418,40,0,0
BRDA:418,40,1,0
BRDA:424,41,0,0
BRDA:424,41,1,0
BRDA:432,42,0,0
BRDA:432,42,1,0
BRDA:445,43,0,0
BRDA:445,43,1,0
BRDA:475,44,0,0
BRDA:475,44,1,0
BRDA:492,45,0,0
BRDA:492,45,1,16
BRDA:521,46,0,1
BRDA:521,46,1,15
BRDA:541,47,0,1
BRDA:541,47,1,1
BRDA:544,48,0,1
BRDA:544,48,1,1
BRDA:546,49,0,0
BRDA:546,49,1,1
BRDA:552,50,0,0
BRDA:552,50,1,1
BRDA:570,51,0,0
BRDA:570,51,1,15
BRDA:605,52,0,15
BRDA:605,52,1,10
BRDA:625,53,0,15
BRDA:625,53,1,5
BRDA:638,54,0,0
BRDA:638,54,1,5
BRDA:641,55,0,5
BRDA:641,55,1,0
BRDA:644,56,0,5
BRDA:644,56,1,5
BRDA:648,57,0,5
BRDA:648,57,1,0
BRDA:648,58,0,5
BRDA:648,58,1,0
BRDA:653,59,0,5
BRDA:653,59,1,0
BRDA:668,60,0,0
BRDA:668,60,1,0
BRDA:669,61,0,0
BRDA:669,61,1,0
BRDA:670,62,0,0
BRDA:670,62,1,0
BRDA:671,63,0,0
BRDA:671,63,1,0
BRDA:675,64,0,15
BRDA:675,64,1,0
BRF:133
BRH:53
end_of_record
TN:
SF:src\features\logistics\services\enviosService.ts
FN:19,(anonymous_0)
FN:64,(anonymous_1)
FN:108,(anonymous_2)
FNF:3
FNH:3
FNDA:2,(anonymous_0)
FNDA:1,(anonymous_1)
FNDA:1,(anonymous_2)
DA:13,10
DA:20,2
DA:21,2
DA:23,2
DA:26,2
DA:27,2
DA:34,2
DA:41,2
DA:42,1
DA:43,1
DA:47,1
DA:51,1
DA:52,1
DA:53,1
DA:55,0
DA:56,0
DA:69,1
DA:70,1
DA:75,1
DA:80,1
DA:81,1
DA:84,1
DA:89,1
DA:90,0
DA:91,0
DA:94,1
DA:97,1
DA:99,0
DA:100,0
DA:109,1
DA:110,1
DA:114,1
DA:115,1
DA:116,0
DA:117,0
DA:123,1
DA:127,1
DA:130,0
LF:38
LH:29
BRDA:41,0,0,1
BRDA:41,0,1,1
BRDA:51,1,0,1
BRDA:51,1,1,0
BRDA:55,2,0,0
BRDA:55,2,1,0
BRDA:80,3,0,1
BRDA:80,3,1,0
BRDA:89,4,0,0
BRDA:89,4,1,1
BRDA:99,5,0,0
BRDA:99,5,1,0
BRDA:115,6,0,0
BRDA:115,6,1,1
BRF:14
BRH:6
end_of_record
TN:
SF:src\features\scanner\hooks\useScanner.ts
FN:17,(anonymous_0)
FN:26,(anonymous_1)
FN:32,(anonymous_2)
FN:36,(anonymous_3)
FN:43,(anonymous_4)
FN:60,(anonymous_5)
FN:84,(anonymous_6)
FN:99,(anonymous_7)
FNF:8
FNH:5
FNDA:4,(anonymous_0)
FNDA:2,(anonymous_1)
FNDA:0,(anonymous_2)
FNDA:2,(anonymous_3)
FNDA:2,(anonymous_4)
FNDA:2,(anonymous_5)
FNDA:0,(anonymous_6)
FNDA:0,(anonymous_7)
DA:17,2
DA:21,4
DA:23,4
DA:24,4
DA:26,4
DA:28,2
DA:31,2
DA:32,2
DA:33,0
DA:34,0
DA:36,2
DA:43,4
DA:44,2
DA:45,2
DA:46,1
DA:47,1
DA:49,1
DA:50,1
DA:53,0
DA:60,4
DA:61,2
DA:62,2
DA:63,2
DA:65,2
DA:67,2
DA:68,2
DA:70,2
DA:71,1
DA:73,1
DA:75,1
DA:76,1
DA:84,1
DA:85,0
DA:86,0
DA:90,0
DA:91,0
DA:92,0
DA:99,4
DA:100,0
DA:102,0
DA:103,0
DA:104,0
DA:111,0
DA:112,0
DA:118,0
DA:121,4
LF:46
LH:31
BRDA:31,0,0,2
BRDA:31,0,1,0
BRDA:45,1,0,1
BRDA:45,1,1,1
BRDA:61,2,0,0
BRDA:61,2,1,2
BRDA:70,3,0,1
BRDA:70,3,1,1
BRDA:102,4,0,0
BRDA:102,4,1,0
BRDA:107,5,0,0
BRDA:107,5,1,0
BRDA:115,6,0,0
BRDA:115,6,1,0
BRF:14
BRH:6
end_of_record
TN:
SF:src\features\scanner\repository\scannerRepository.ts
FN:14,(anonymous_0)
FNF:1
FNH:1
FNDA:1,(anonymous_0)
DA:10,4
DA:15,1
LF:2
LH:2
BRF:0
BRH:0
end_of_record
TN:
SF:src\features\scanner\screens\ScannerScreen.tsx
FN:17,(anonymous_0)
FN:68,(anonymous_1)
FN:75,(anonymous_2)
FN:78,(anonymous_3)
FNF:4
FNH:2
FNDA:2,(anonymous_0)
FNDA:1,(anonymous_1)
FNDA:0,(anonymous_2)
FNDA:0,(anonymous_3)
DA:17,1
DA:18,2
DA:19,2
DA:26,2
DA:28,2
DA:68,1
DA:76,0
DA:78,0
DA:85,1
DA:86,1
DA:88,1
LF:11
LH:9
BRDA:39,0,0,0
BRDA:39,0,1,2
BRF:2
BRH:1
end_of_record
